[2017-12-10 11:31:20] [DEBUG]: CORS analysis for request started. 
[2017-12-10 11:31:20] [DEBUG]: Request is identified as an actual CORS request. 
[2017-12-10 11:31:20] [DEBUG]: CORS analysis for request completed. 
[2017-12-10 11:45:44] [DEBUG]: CORS analysis for request started. 
[2017-12-10 11:45:44] [DEBUG]: Request is identified as an actual CORS request. 
[2017-12-10 11:45:44] [DEBUG]: CORS analysis for request completed. 
[2017-12-10 11:45:45] [DEBUG]: CORS analysis for request started. 
[2017-12-10 11:45:45] [DEBUG]: Request is identified as an actual CORS request. 
[2017-12-10 11:45:45] [DEBUG]: CORS analysis for request completed. 
[2017-12-10 11:45:46] [DEBUG]: CORS analysis for request started. 
[2017-12-10 11:45:46] [DEBUG]: Request is identified as an actual CORS request. 
[2017-12-10 11:45:46] [DEBUG]: CORS analysis for request completed. 
[2017-12-10 11:45:47] [DEBUG]: CORS analysis for request started. 
[2017-12-10 11:45:47] [DEBUG]: Request is identified as an actual CORS request. 
[2017-12-10 11:45:47] [DEBUG]: CORS analysis for request completed. 
[2017-12-10 11:45:47] [DEBUG]: CORS analysis for request started. 
[2017-12-10 11:45:47] [DEBUG]: Request is identified as an actual CORS request. 
[2017-12-10 11:45:47] [DEBUG]: CORS analysis for request completed. 
[2017-12-10 11:45:49] [DEBUG]: CORS analysis for request started. 
[2017-12-10 11:45:49] [DEBUG]: Request is identified as an actual CORS request. 
[2017-12-10 11:45:49] [DEBUG]: CORS analysis for request completed. 
[2017-12-10 18:11:46] [DEBUG]: CORS analysis for request started. 
[2017-12-10 18:11:46] [INFO]: Request is not CORS (request origin is empty). {"request":null,"server":"[object] (Neomerx\\Cors\\Http\\ParsedUrl: ://)"}
[2017-12-10 18:11:46] [DEBUG]: CORS analysis for request completed. 
[2017-12-10 18:11:46] [DEBUG]: Using token from environment 
[2017-12-10 18:11:47] [DEBUG]: CORS analysis for request started. 
[2017-12-10 18:11:47] [INFO]: Request is not CORS (request origin is empty). {"request":null,"server":"[object] (Neomerx\\Cors\\Http\\ParsedUrl: ://)"}
[2017-12-10 18:11:47] [DEBUG]: CORS analysis for request completed. 
[2017-12-10 18:11:47] [DEBUG]: Using token from environment 
[2017-12-10 18:12:00] [DEBUG]: CORS analysis for request started. 
[2017-12-10 18:12:00] [INFO]: Request is not CORS (request origin is empty). {"request":null,"server":"[object] (Neomerx\\Cors\\Http\\ParsedUrl: ://)"}
[2017-12-10 18:12:00] [DEBUG]: CORS analysis for request completed. 
[2017-12-10 18:12:00] [DEBUG]: Using token from environment 
[2017-12-10 18:12:05] [DEBUG]: CORS analysis for request started. 
[2017-12-10 18:12:05] [INFO]: Request is not CORS (request origin is empty). {"request":null,"server":"[object] (Neomerx\\Cors\\Http\\ParsedUrl: ://)"}
[2017-12-10 18:12:05] [DEBUG]: CORS analysis for request completed. 
[2017-12-10 18:12:05] [DEBUG]: Using token from environment 
[2017-12-10 18:14:20] [DEBUG]: CORS analysis for request started. 
[2017-12-10 18:14:20] [INFO]: Request is not CORS (request origin is empty). {"request":null,"server":"[object] (Neomerx\\Cors\\Http\\ParsedUrl: ://)"}
[2017-12-10 18:14:20] [DEBUG]: CORS analysis for request completed. 
[2017-12-10 18:14:20] [DEBUG]: Using token from environment 
[2017-12-10 18:14:21] [DEBUG]: CORS analysis for request started. 
[2017-12-10 18:14:21] [INFO]: Request is not CORS (request origin is empty). {"request":null,"server":"[object] (Neomerx\\Cors\\Http\\ParsedUrl: ://)"}
[2017-12-10 18:14:21] [DEBUG]: CORS analysis for request completed. 
[2017-12-10 18:14:21] [DEBUG]: Using token from environment 
[2017-12-10 18:14:22] [DEBUG]: CORS analysis for request started. 
[2017-12-10 18:14:22] [INFO]: Request is not CORS (request origin is empty). {"request":null,"server":"[object] (Neomerx\\Cors\\Http\\ParsedUrl: ://)"}
[2017-12-10 18:14:22] [DEBUG]: CORS analysis for request completed. 
[2017-12-10 18:14:22] [DEBUG]: Using token from environment 
[2017-12-10 18:14:26] [DEBUG]: CORS analysis for request started. 
[2017-12-10 18:14:26] [INFO]: Request is not CORS (request origin is empty). {"request":null,"server":"[object] (Neomerx\\Cors\\Http\\ParsedUrl: ://)"}
[2017-12-10 18:14:26] [DEBUG]: CORS analysis for request completed. 
[2017-12-10 18:14:26] [DEBUG]: Using token from environment 
[2017-12-10 18:14:27] [DEBUG]: CORS analysis for request started. 
[2017-12-10 18:14:27] [INFO]: Request is not CORS (request origin is empty). {"request":null,"server":"[object] (Neomerx\\Cors\\Http\\ParsedUrl: ://)"}
[2017-12-10 18:14:27] [DEBUG]: CORS analysis for request completed. 
[2017-12-10 18:14:27] [DEBUG]: Using token from environment 
[2017-12-10 18:15:12] [DEBUG]: CORS analysis for request started. 
[2017-12-10 18:15:12] [INFO]: Request is not CORS (request origin is empty). {"request":null,"server":"[object] (Neomerx\\Cors\\Http\\ParsedUrl: ://)"}
[2017-12-10 18:15:12] [DEBUG]: CORS analysis for request completed. 
[2017-12-10 18:15:12] [DEBUG]: Using token from environment 
[2017-12-10 18:15:13] [DEBUG]: CORS analysis for request started. 
[2017-12-10 18:15:13] [INFO]: Request is not CORS (request origin is empty). {"request":null,"server":"[object] (Neomerx\\Cors\\Http\\ParsedUrl: ://)"}
[2017-12-10 18:15:13] [DEBUG]: CORS analysis for request completed. 
[2017-12-10 18:15:13] [DEBUG]: Using token from environment 
[2017-12-10 18:15:13] [DEBUG]: CORS analysis for request started. 
[2017-12-10 18:15:13] [INFO]: Request is not CORS (request origin is empty). {"request":null,"server":"[object] (Neomerx\\Cors\\Http\\ParsedUrl: ://)"}
[2017-12-10 18:15:13] [DEBUG]: CORS analysis for request completed. 
[2017-12-10 18:15:13] [DEBUG]: Using token from environment 
[2017-12-10 18:15:14] [DEBUG]: CORS analysis for request started. 
[2017-12-10 18:15:14] [INFO]: Request is not CORS (request origin is empty). {"request":null,"server":"[object] (Neomerx\\Cors\\Http\\ParsedUrl: ://)"}
[2017-12-10 18:15:14] [DEBUG]: CORS analysis for request completed. 
[2017-12-10 18:15:14] [DEBUG]: Using token from environment 
[2017-12-10 18:15:14] [DEBUG]: CORS analysis for request started. 
[2017-12-10 18:15:14] [INFO]: Request is not CORS (request origin is empty). {"request":null,"server":"[object] (Neomerx\\Cors\\Http\\ParsedUrl: ://)"}
[2017-12-10 18:15:14] [DEBUG]: CORS analysis for request completed. 
[2017-12-10 18:15:14] [DEBUG]: Using token from environment 
[2017-12-10 18:15:15] [DEBUG]: CORS analysis for request started. 
[2017-12-10 18:15:15] [INFO]: Request is not CORS (request origin is empty). {"request":null,"server":"[object] (Neomerx\\Cors\\Http\\ParsedUrl: ://)"}
[2017-12-10 18:15:15] [DEBUG]: CORS analysis for request completed. 
[2017-12-10 18:15:15] [DEBUG]: Using token from environment 
[2017-12-10 18:15:15] [DEBUG]: CORS analysis for request started. 
[2017-12-10 18:15:15] [INFO]: Request is not CORS (request origin is empty). {"request":null,"server":"[object] (Neomerx\\Cors\\Http\\ParsedUrl: ://)"}
[2017-12-10 18:15:15] [DEBUG]: CORS analysis for request completed. 
[2017-12-10 18:15:15] [DEBUG]: Using token from environment 
[2017-12-10 18:18:07] [DEBUG]: CORS analysis for request started. 
[2017-12-10 18:18:07] [DEBUG]: Request is identified as an actual CORS request. 
[2017-12-10 18:18:07] [DEBUG]: CORS analysis for request completed. 
[2017-12-10 18:18:11] [DEBUG]: CORS analysis for request started. 
[2017-12-10 18:18:11] [INFO]: Request is not CORS (request origin is empty). {"request":null,"server":"[object] (Neomerx\\Cors\\Http\\ParsedUrl: ://)"}
[2017-12-10 18:18:11] [DEBUG]: CORS analysis for request completed. 
[2017-12-10 18:18:11] [DEBUG]: Using token from environment 
[2017-12-10 18:18:12] [DEBUG]: CORS analysis for request started. 
[2017-12-10 18:18:12] [INFO]: Request is not CORS (request origin is empty). {"request":null,"server":"[object] (Neomerx\\Cors\\Http\\ParsedUrl: ://)"}
[2017-12-10 18:18:12] [DEBUG]: CORS analysis for request completed. 
[2017-12-10 18:18:12] [DEBUG]: Using token from environment 
[2017-12-10 18:18:12] [DEBUG]: CORS analysis for request started. 
[2017-12-10 18:18:12] [INFO]: Request is not CORS (request origin is empty). {"request":null,"server":"[object] (Neomerx\\Cors\\Http\\ParsedUrl: ://)"}
[2017-12-10 18:18:12] [DEBUG]: CORS analysis for request completed. 
[2017-12-10 18:18:12] [DEBUG]: Using token from environment 
[2017-12-10 18:18:24] [DEBUG]: CORS analysis for request started. 
[2017-12-10 18:18:24] [INFO]: Request is not CORS (request origin is empty). {"request":null,"server":"[object] (Neomerx\\Cors\\Http\\ParsedUrl: ://)"}
[2017-12-10 18:18:24] [DEBUG]: CORS analysis for request completed. 
[2017-12-10 18:18:24] [DEBUG]: Using token from environment 
[2017-12-10 18:18:44] [DEBUG]: CORS analysis for request started. 
[2017-12-10 18:18:44] [DEBUG]: Request is identified as an actual CORS request. 
[2017-12-10 18:18:44] [DEBUG]: CORS analysis for request completed. 
[2017-12-10 18:18:44] [DEBUG]: Using token from environment 
[2017-12-10 18:18:55] [DEBUG]: CORS analysis for request started. 
[2017-12-10 18:18:55] [DEBUG]: Request is identified as an actual CORS request. 
[2017-12-10 18:18:55] [DEBUG]: CORS analysis for request completed. 
[2017-12-10 18:18:55] [DEBUG]: Using token from environment 
[2017-12-10 19:51:58] [DEBUG]: CORS analysis for request started. 
[2017-12-10 19:51:58] [INFO]: Request is not CORS (request origin is empty). {"request":null,"server":"[object] (Neomerx\\Cors\\Http\\ParsedUrl: ://)"}
[2017-12-10 19:51:58] [DEBUG]: CORS analysis for request completed. 
[2017-12-10 19:51:58] [WARNING]: Token not found 
[2017-12-10 19:52:42] [DEBUG]: CORS analysis for request started. 
[2017-12-10 19:52:42] [DEBUG]: Request is identified as an actual CORS request. 
[2017-12-10 19:52:42] [DEBUG]: CORS analysis for request completed. 
[2017-12-10 19:52:42] [DEBUG]: Using token from environment 
[2017-12-10 19:52:42] [WARNING]: Expired token ["eyJ0eXAiOiJKV1QiLCJhbGciOiJIUzI1NiJ9.eyJpYXQiOjE1MTI5MjA0MjksImV4cCI6MTUxMjkyNDAyOSwianRpIjoiMWNQb3BKVVRHY0dxdGxSTzFiNkwxYyIsInN1YiI6bnVsbCwic2NvcGUiOlsicHV0IiwiZ2V0IiwicG9zdCJdLCJjdXJsUmVzdWx0cyI6bnVsbCwicmVmcmVzaC10b2tlbiI6eyJ0b2tlbiI6ImV5SjBlWEFpT2lKS1YxUWlMQ0poYkdjaU9pSklVekkxTmlKOS5leUpwWVhRaU9qRTFNVEk1TWpBME1qa3NJbVY0Y0NJNk1UVXhNamsxTmpReU9Td2lhblJwSWpvaU1XTlFiM0JLVlZSSFkwZHhkR3hTVHpGaU5rd3hZeUlzSW5OMVlpSTZiblZzYkN3aVkzVnliRkpsYzNWc2RITWlPbTUxYkd4OS5aSTh2X0JpU3BEUXQydWswQU4yMVhDZWo4ZW85bkpxOWFOdjNRSzd1UVVnIiwiZXhwaXJlcyI6MTUxMjk1NjQyOX19.ehc9G64oo5fDC04RzrImXVFj5oKeG8MdtmUNW71jMQk"]
