[2017-12-09 16:56:34] [DEBUG]: CORS analysis for request started. 
[2017-12-09 16:56:34] [DEBUG]: Request is identified as an actual CORS request. 
[2017-12-09 16:56:34] [DEBUG]: CORS analysis for request completed. 
[2017-12-09 16:56:42] [DEBUG]: CORS analysis for request started. 
[2017-12-09 16:56:42] [DEBUG]: Request is identified as an actual CORS request. 
[2017-12-09 16:56:42] [DEBUG]: CORS analysis for request completed. 
[2017-12-09 16:56:43] [DEBUG]: CORS analysis for request started. 
[2017-12-09 16:56:43] [DEBUG]: Request is identified as an actual CORS request. 
[2017-12-09 16:56:43] [DEBUG]: CORS analysis for request completed. 
[2017-12-09 16:56:44] [DEBUG]: CORS analysis for request started. 
[2017-12-09 16:56:44] [DEBUG]: Request is identified as an actual CORS request. 
[2017-12-09 16:56:44] [DEBUG]: CORS analysis for request completed. 
[2017-12-09 16:56:44] [DEBUG]: CORS analysis for request started. 
[2017-12-09 16:56:44] [DEBUG]: Request is identified as an actual CORS request. 
[2017-12-09 16:56:44] [DEBUG]: CORS analysis for request completed. 
[2017-12-09 16:56:45] [DEBUG]: CORS analysis for request started. 
[2017-12-09 16:56:45] [DEBUG]: Request is identified as an actual CORS request. 
[2017-12-09 16:56:45] [DEBUG]: CORS analysis for request completed. 
[2017-12-09 16:56:47] [DEBUG]: CORS analysis for request started. 
[2017-12-09 16:56:47] [DEBUG]: Request is identified as an actual CORS request. 
[2017-12-09 16:56:47] [DEBUG]: CORS analysis for request completed. 
[2017-12-09 16:56:53] [DEBUG]: CORS analysis for request started. 
[2017-12-09 16:56:53] [DEBUG]: Request is identified as an actual CORS request. 
[2017-12-09 16:56:53] [DEBUG]: CORS analysis for request completed. 
[2017-12-09 16:56:54] [DEBUG]: CORS analysis for request started. 
[2017-12-09 16:56:54] [DEBUG]: Request is identified as an actual CORS request. 
[2017-12-09 16:56:54] [DEBUG]: CORS analysis for request completed. 
[2017-12-09 16:56:55] [DEBUG]: CORS analysis for request started. 
[2017-12-09 16:56:55] [DEBUG]: Request is identified as an actual CORS request. 
[2017-12-09 16:56:55] [DEBUG]: CORS analysis for request completed. 
[2017-12-09 16:57:44] [DEBUG]: CORS analysis for request started. 
[2017-12-09 16:57:44] [DEBUG]: Request is identified as an actual CORS request. 
[2017-12-09 16:57:44] [DEBUG]: CORS analysis for request completed. 
[2017-12-09 16:57:45] [DEBUG]: CORS analysis for request started. 
[2017-12-09 16:57:45] [DEBUG]: Request is identified as an actual CORS request. 
[2017-12-09 16:57:45] [DEBUG]: CORS analysis for request completed. 
[2017-12-09 16:57:45] [DEBUG]: CORS analysis for request started. 
[2017-12-09 16:57:45] [DEBUG]: Request is identified as an actual CORS request. 
[2017-12-09 16:57:45] [DEBUG]: CORS analysis for request completed. 
[2017-12-09 16:57:46] [DEBUG]: CORS analysis for request started. 
[2017-12-09 16:57:46] [DEBUG]: Request is identified as an actual CORS request. 
[2017-12-09 16:57:46] [DEBUG]: CORS analysis for request completed. 
[2017-12-09 16:57:47] [DEBUG]: CORS analysis for request started. 
[2017-12-09 16:57:47] [DEBUG]: Request is identified as an actual CORS request. 
[2017-12-09 16:57:47] [DEBUG]: CORS analysis for request completed. 
[2017-12-09 16:57:48] [DEBUG]: CORS analysis for request started. 
[2017-12-09 16:57:48] [DEBUG]: Request is identified as an actual CORS request. 
[2017-12-09 16:57:48] [DEBUG]: CORS analysis for request completed. 
[2017-12-09 17:00:44] [DEBUG]: CORS analysis for request started. 
[2017-12-09 17:00:44] [DEBUG]: Request is identified as an actual CORS request. 
[2017-12-09 17:00:44] [DEBUG]: CORS analysis for request completed. 
[2017-12-09 17:00:45] [DEBUG]: CORS analysis for request started. 
[2017-12-09 17:00:45] [DEBUG]: Request is identified as an actual CORS request. 
[2017-12-09 17:00:45] [DEBUG]: CORS analysis for request completed. 
[2017-12-09 17:00:45] [DEBUG]: CORS analysis for request started. 
[2017-12-09 17:00:45] [DEBUG]: Request is identified as an actual CORS request. 
[2017-12-09 17:00:45] [DEBUG]: CORS analysis for request completed. 
[2017-12-09 17:00:46] [DEBUG]: CORS analysis for request started. 
[2017-12-09 17:00:46] [DEBUG]: Request is identified as an actual CORS request. 
[2017-12-09 17:00:46] [DEBUG]: CORS analysis for request completed. 
[2017-12-09 17:00:54] [DEBUG]: CORS analysis for request started. 
[2017-12-09 17:00:54] [DEBUG]: Request is identified as an actual CORS request. 
[2017-12-09 17:00:54] [DEBUG]: CORS analysis for request completed. 
[2017-12-09 17:01:06] [DEBUG]: CORS analysis for request started. 
[2017-12-09 17:01:06] [DEBUG]: Request is identified as an actual CORS request. 
[2017-12-09 17:01:06] [DEBUG]: CORS analysis for request completed. 
[2017-12-09 17:01:17] [DEBUG]: CORS analysis for request started. 
[2017-12-09 17:01:17] [DEBUG]: Request is identified as an actual CORS request. 
[2017-12-09 17:01:17] [DEBUG]: CORS analysis for request completed. 
[2017-12-09 17:01:26] [DEBUG]: CORS analysis for request started. 
[2017-12-09 17:01:26] [DEBUG]: Request is identified as an actual CORS request. 
[2017-12-09 17:01:26] [DEBUG]: CORS analysis for request completed. 
[2017-12-09 17:01:30] [DEBUG]: CORS analysis for request started. 
[2017-12-09 17:01:30] [DEBUG]: Request is identified as an actual CORS request. 
[2017-12-09 17:01:30] [DEBUG]: CORS analysis for request completed. 
[2017-12-09 17:01:31] [DEBUG]: CORS analysis for request started. 
[2017-12-09 17:01:31] [DEBUG]: Request is identified as an actual CORS request. 
[2017-12-09 17:01:31] [DEBUG]: CORS analysis for request completed. 
[2017-12-09 17:01:31] [DEBUG]: CORS analysis for request started. 
[2017-12-09 17:01:31] [DEBUG]: Request is identified as an actual CORS request. 
[2017-12-09 17:01:31] [DEBUG]: CORS analysis for request completed. 
[2017-12-09 17:01:32] [DEBUG]: CORS analysis for request started. 
[2017-12-09 17:01:32] [DEBUG]: Request is identified as an actual CORS request. 
[2017-12-09 17:01:32] [DEBUG]: CORS analysis for request completed. 
[2017-12-09 17:01:32] [DEBUG]: CORS analysis for request started. 
[2017-12-09 17:01:32] [DEBUG]: Request is identified as an actual CORS request. 
[2017-12-09 17:01:32] [DEBUG]: CORS analysis for request completed. 
[2017-12-09 17:01:36] [DEBUG]: CORS analysis for request started. 
[2017-12-09 17:01:36] [DEBUG]: Request is identified as an actual CORS request. 
[2017-12-09 17:01:36] [DEBUG]: CORS analysis for request completed. 
[2017-12-09 17:01:39] [DEBUG]: CORS analysis for request started. 
[2017-12-09 17:01:39] [DEBUG]: Request is identified as an actual CORS request. 
[2017-12-09 17:01:39] [DEBUG]: CORS analysis for request completed. 
[2017-12-09 17:01:44] [DEBUG]: CORS analysis for request started. 
[2017-12-09 17:01:44] [DEBUG]: Request is identified as an actual CORS request. 
[2017-12-09 17:01:44] [DEBUG]: CORS analysis for request completed. 
[2017-12-09 17:04:33] [DEBUG]: CORS analysis for request started. 
[2017-12-09 17:04:33] [DEBUG]: Request is identified as an actual CORS request. 
[2017-12-09 17:04:33] [DEBUG]: CORS analysis for request completed. 
[2017-12-09 17:04:35] [DEBUG]: CORS analysis for request started. 
[2017-12-09 17:04:35] [DEBUG]: Request is identified as an actual CORS request. 
[2017-12-09 17:04:35] [DEBUG]: CORS analysis for request completed. 
[2017-12-09 17:04:36] [DEBUG]: CORS analysis for request started. 
[2017-12-09 17:04:36] [DEBUG]: Request is identified as an actual CORS request. 
[2017-12-09 17:04:36] [DEBUG]: CORS analysis for request completed. 
[2017-12-09 17:04:38] [DEBUG]: CORS analysis for request started. 
[2017-12-09 17:04:38] [DEBUG]: Request is identified as an actual CORS request. 
[2017-12-09 17:04:38] [DEBUG]: CORS analysis for request completed. 
[2017-12-09 17:05:10] [DEBUG]: CORS analysis for request started. 
[2017-12-09 17:05:10] [DEBUG]: Request is identified as an actual CORS request. 
[2017-12-09 17:05:10] [DEBUG]: CORS analysis for request completed. 
[2017-12-09 17:05:15] [DEBUG]: CORS analysis for request started. 
[2017-12-09 17:05:15] [DEBUG]: Request is identified as an actual CORS request. 
[2017-12-09 17:05:15] [DEBUG]: CORS analysis for request completed. 
[2017-12-09 17:05:18] [DEBUG]: CORS analysis for request started. 
[2017-12-09 17:05:18] [DEBUG]: Request is identified as an actual CORS request. 
[2017-12-09 17:05:18] [DEBUG]: CORS analysis for request completed. 
[2017-12-09 17:05:21] [DEBUG]: CORS analysis for request started. 
[2017-12-09 17:05:21] [DEBUG]: Request is identified as an actual CORS request. 
[2017-12-09 17:05:21] [DEBUG]: CORS analysis for request completed. 
[2017-12-09 17:05:26] [DEBUG]: CORS analysis for request started. 
[2017-12-09 17:05:26] [DEBUG]: Request is identified as an actual CORS request. 
[2017-12-09 17:05:26] [DEBUG]: CORS analysis for request completed. 
[2017-12-09 17:06:03] [DEBUG]: CORS analysis for request started. 
[2017-12-09 17:06:03] [DEBUG]: Request is identified as an actual CORS request. 
[2017-12-09 17:06:03] [DEBUG]: CORS analysis for request completed. 
[2017-12-09 17:06:03] [DEBUG]: CORS analysis for request started. 
[2017-12-09 17:06:03] [DEBUG]: Request is identified as an actual CORS request. 
[2017-12-09 17:06:03] [DEBUG]: CORS analysis for request completed. 
[2017-12-09 17:06:04] [DEBUG]: CORS analysis for request started. 
[2017-12-09 17:06:04] [DEBUG]: Request is identified as an actual CORS request. 
[2017-12-09 17:06:04] [DEBUG]: CORS analysis for request completed. 
[2017-12-09 17:06:05] [DEBUG]: CORS analysis for request started. 
[2017-12-09 17:06:05] [DEBUG]: Request is identified as an actual CORS request. 
[2017-12-09 17:06:05] [DEBUG]: CORS analysis for request completed. 
[2017-12-09 17:06:06] [DEBUG]: CORS analysis for request started. 
[2017-12-09 17:06:06] [DEBUG]: Request is identified as an actual CORS request. 
[2017-12-09 17:06:06] [DEBUG]: CORS analysis for request completed. 
[2017-12-09 17:06:06] [DEBUG]: CORS analysis for request started. 
[2017-12-09 17:06:06] [DEBUG]: Request is identified as an actual CORS request. 
[2017-12-09 17:06:06] [DEBUG]: CORS analysis for request completed. 
[2017-12-09 17:09:03] [DEBUG]: CORS analysis for request started. 
[2017-12-09 17:09:03] [INFO]: Request is not CORS (request origin is empty). {"request":null,"server":"[object] (Neomerx\\Cors\\Http\\ParsedUrl: ://)"}
[2017-12-09 17:09:03] [DEBUG]: CORS analysis for request completed. 
[2017-12-09 17:09:03] [DEBUG]: Using token from environment 
[2017-12-09 17:09:04] [WARNING]: Expired token ["eyJ0eXAiOiJKV1QiLCJhbGciOiJIUzI1NiJ9.eyJpYXQiOjE1MTI2NTk2MzEsImV4cCI6MTUxMjY2MzIzMSwianRpIjoiMVN5T2xKd05EbVdadFZPQm1LOUVVMiIsInN1YiI6bnVsbCwic2NvcGUiOlsicHV0IiwiZ2V0IiwicG9zdCJdLCJjdXJsUmVzdWx0cyI6bnVsbCwicmVmcmVzaC10b2tlbiI6eyJ0b2tlbiI6ImV5SjBlWEFpT2lKS1YxUWlMQ0poYkdjaU9pSklVekkxTmlKOS5leUpwWVhRaU9qRTFNVEkyTlRrMk16RXNJbVY0Y0NJNk1UVXhNalk1TlRZek1Td2lhblJwSWpvaU1WTjVUMnhLZDA1RWJWZGFkRlpQUW0xTE9VVlZNaUlzSW5OMVlpSTZiblZzYkN3aVkzVnliRkpsYzNWc2RITWlPbTUxYkd4OS42Y1Z0aEhESkFTYVpxRlpKcFNFT19pekc2dWs0eGVTTjRlNThkcmZ1NUtFIiwiZXhwaXJlcyI6MTUxMjY5NTYzMX19.8OfTQYyW8BD4J5zCypk7jv_SCuN4ohNcR9_2CA5MA5A"]
[2017-12-09 17:09:09] [DEBUG]: CORS analysis for request started. 
[2017-12-09 17:09:09] [DEBUG]: Request is identified as an actual CORS request. 
[2017-12-09 17:09:09] [DEBUG]: CORS analysis for request completed. 
[2017-12-09 17:09:31] [DEBUG]: CORS analysis for request started. 
[2017-12-09 17:09:31] [INFO]: Request is not CORS (request origin is empty). {"request":null,"server":"[object] (Neomerx\\Cors\\Http\\ParsedUrl: ://)"}
[2017-12-09 17:09:31] [DEBUG]: CORS analysis for request completed. 
[2017-12-09 17:09:31] [DEBUG]: Using token from environment 
[2017-12-09 17:09:32] [DEBUG]: CORS analysis for request started. 
[2017-12-09 17:09:32] [INFO]: Request is not CORS (request origin is empty). {"request":null,"server":"[object] (Neomerx\\Cors\\Http\\ParsedUrl: ://)"}
[2017-12-09 17:09:32] [DEBUG]: CORS analysis for request completed. 
[2017-12-09 17:09:32] [DEBUG]: Using token from environment 
[2017-12-09 17:09:40] [DEBUG]: CORS analysis for request started. 
[2017-12-09 17:09:40] [INFO]: Request is not CORS (request origin is empty). {"request":null,"server":"[object] (Neomerx\\Cors\\Http\\ParsedUrl: ://)"}
[2017-12-09 17:09:40] [DEBUG]: CORS analysis for request completed. 
[2017-12-09 17:09:40] [DEBUG]: Using token from environment 
[2017-12-09 17:10:36] [DEBUG]: CORS analysis for request started. 
[2017-12-09 17:10:36] [DEBUG]: Request is identified as an actual CORS request. 
[2017-12-09 17:10:36] [DEBUG]: CORS analysis for request completed. 
[2017-12-09 17:11:09] [DEBUG]: CORS analysis for request started. 
[2017-12-09 17:11:09] [DEBUG]: Request is identified as an actual CORS request. 
[2017-12-09 17:11:09] [DEBUG]: CORS analysis for request completed. 
