[2017-12-07 15:36:09] [DEBUG]: CORS analysis for request started. 
[2017-12-07 15:36:09] [DEBUG]: Request is identified as an actual CORS request. 
[2017-12-07 15:36:09] [DEBUG]: CORS analysis for request completed. 
[2017-12-07 15:42:41] [DEBUG]: CORS analysis for request started. 
[2017-12-07 15:42:41] [DEBUG]: Request is identified as an actual CORS request. 
[2017-12-07 15:42:41] [DEBUG]: CORS analysis for request completed. 
[2017-12-07 15:42:42] [DEBUG]: CORS analysis for request started. 
[2017-12-07 15:42:42] [DEBUG]: Request is identified as an actual CORS request. 
[2017-12-07 15:42:42] [DEBUG]: CORS analysis for request completed. 
[2017-12-07 15:43:40] [DEBUG]: CORS analysis for request started. 
[2017-12-07 15:43:40] [DEBUG]: Request is identified as an actual CORS request. 
[2017-12-07 15:43:40] [DEBUG]: CORS analysis for request completed. 
[2017-12-07 15:43:41] [DEBUG]: CORS analysis for request started. 
[2017-12-07 15:43:41] [DEBUG]: Request is identified as an actual CORS request. 
[2017-12-07 15:43:41] [DEBUG]: CORS analysis for request completed. 
[2017-12-07 15:51:57] [DEBUG]: CORS analysis for request started. 
[2017-12-07 15:51:57] [DEBUG]: Request is identified as an actual CORS request. 
[2017-12-07 15:51:57] [DEBUG]: CORS analysis for request completed. 
[2017-12-07 15:53:27] [DEBUG]: CORS analysis for request started. 
[2017-12-07 15:53:27] [DEBUG]: Request is identified as an actual CORS request. 
[2017-12-07 15:53:27] [DEBUG]: CORS analysis for request completed. 
[2017-12-07 15:53:28] [DEBUG]: CORS analysis for request started. 
[2017-12-07 15:53:28] [DEBUG]: Request is identified as an actual CORS request. 
[2017-12-07 15:53:28] [DEBUG]: CORS analysis for request completed. 
[2017-12-07 15:53:29] [DEBUG]: CORS analysis for request started. 
[2017-12-07 15:53:29] [DEBUG]: Request is identified as an actual CORS request. 
[2017-12-07 15:53:29] [DEBUG]: CORS analysis for request completed. 
[2017-12-07 15:56:17] [DEBUG]: CORS analysis for request started. 
[2017-12-07 15:56:17] [DEBUG]: Request is identified as an actual CORS request. 
[2017-12-07 15:56:17] [DEBUG]: CORS analysis for request completed. 
[2017-12-07 15:57:17] [DEBUG]: CORS analysis for request started. 
[2017-12-07 15:57:17] [DEBUG]: Request is identified as an actual CORS request. 
[2017-12-07 15:57:17] [DEBUG]: CORS analysis for request completed. 
[2017-12-07 15:57:58] [DEBUG]: CORS analysis for request started. 
[2017-12-07 15:57:58] [DEBUG]: Request is identified as an actual CORS request. 
[2017-12-07 15:57:58] [DEBUG]: CORS analysis for request completed. 
[2017-12-07 15:57:59] [DEBUG]: CORS analysis for request started. 
[2017-12-07 15:57:59] [DEBUG]: Request is identified as an actual CORS request. 
[2017-12-07 15:57:59] [DEBUG]: CORS analysis for request completed. 
[2017-12-07 15:58:29] [DEBUG]: CORS analysis for request started. 
[2017-12-07 15:58:29] [DEBUG]: Request is identified as an actual CORS request. 
[2017-12-07 15:58:29] [DEBUG]: CORS analysis for request completed. 
[2017-12-07 15:58:30] [DEBUG]: CORS analysis for request started. 
[2017-12-07 15:58:30] [DEBUG]: Request is identified as an actual CORS request. 
[2017-12-07 15:58:30] [DEBUG]: CORS analysis for request completed. 
[2017-12-07 16:12:41] [DEBUG]: CORS analysis for request started. 
[2017-12-07 16:12:41] [INFO]: Request is not CORS (request origin is empty). {"request":null,"server":"[object] (Neomerx\\Cors\\Http\\ParsedUrl: ://)"}
[2017-12-07 16:12:41] [DEBUG]: CORS analysis for request completed. 
[2017-12-07 16:12:41] [DEBUG]: Using token from environment 
[2017-12-07 16:12:41] [WARNING]: Expired token ["eyJ0eXAiOiJKV1QiLCJhbGciOiJIUzI1NiJ9.eyJpYXQiOjE1MTI1NzM1MzksImV4cCI6MTUxMjU3NzEzOSwianRpIjoiMVN6bTV6YVA2YU5SUFZSSHdPSDZoeSIsInN1YiI6bnVsbCwic2NvcGUiOlsicHV0IiwiZ2V0IiwicG9zdCJdLCJjdXJsUmVzdWx0cyI6bnVsbCwicmVmcmVzaC10b2tlbiI6eyJ0b2tlbiI6ImV5SjBlWEFpT2lKS1YxUWlMQ0poYkdjaU9pSklVekkxTmlKOS5leUpwWVhRaU9qRTFNVEkxTnpNMU16a3NJbVY0Y0NJNk1UVXhNall3T1RVek9Td2lhblJwSWpvaU1WTjZiVFY2WVZBMllVNVNVRlpTU0hkUFNEWm9lU0lzSW5OMVlpSTZiblZzYkN3aVkzVnliRkpsYzNWc2RITWlPbTUxYkd4OS4xcnhmTlRjT2l1UllCZ3dIQ2hYdExqNGlOR1NQVGJaOU1qREM2OE9vZi1vIiwiZXhwaXJlcyI6MTUxMjYwOTUzOX19.33hNnB57_ad6e28_oHicLzyP0Unw1VnjBy11duMTgkU"]
[2017-12-07 16:12:42] [DEBUG]: CORS analysis for request started. 
[2017-12-07 16:12:42] [INFO]: Request is not CORS (request origin is empty). {"request":null,"server":"[object] (Neomerx\\Cors\\Http\\ParsedUrl: ://)"}
[2017-12-07 16:12:42] [DEBUG]: CORS analysis for request completed. 
[2017-12-07 16:12:42] [DEBUG]: Using token from environment 
[2017-12-07 16:12:42] [WARNING]: Expired token ["eyJ0eXAiOiJKV1QiLCJhbGciOiJIUzI1NiJ9.eyJpYXQiOjE1MTI1NzM1MzksImV4cCI6MTUxMjU3NzEzOSwianRpIjoiMVN6bTV6YVA2YU5SUFZSSHdPSDZoeSIsInN1YiI6bnVsbCwic2NvcGUiOlsicHV0IiwiZ2V0IiwicG9zdCJdLCJjdXJsUmVzdWx0cyI6bnVsbCwicmVmcmVzaC10b2tlbiI6eyJ0b2tlbiI6ImV5SjBlWEFpT2lKS1YxUWlMQ0poYkdjaU9pSklVekkxTmlKOS5leUpwWVhRaU9qRTFNVEkxTnpNMU16a3NJbVY0Y0NJNk1UVXhNall3T1RVek9Td2lhblJwSWpvaU1WTjZiVFY2WVZBMllVNVNVRlpTU0hkUFNEWm9lU0lzSW5OMVlpSTZiblZzYkN3aVkzVnliRkpsYzNWc2RITWlPbTUxYkd4OS4xcnhmTlRjT2l1UllCZ3dIQ2hYdExqNGlOR1NQVGJaOU1qREM2OE9vZi1vIiwiZXhwaXJlcyI6MTUxMjYwOTUzOX19.33hNnB57_ad6e28_oHicLzyP0Unw1VnjBy11duMTgkU"]
[2017-12-07 16:13:02] [DEBUG]: CORS analysis for request started. 
[2017-12-07 16:13:02] [INFO]: Request is not CORS (request origin is empty). {"request":null,"server":"[object] (Neomerx\\Cors\\Http\\ParsedUrl: ://)"}
[2017-12-07 16:13:02] [DEBUG]: CORS analysis for request completed. 
[2017-12-07 16:13:02] [DEBUG]: Using token from environment 
[2017-12-07 16:13:30] [DEBUG]: CORS analysis for request started. 
[2017-12-07 16:13:30] [INFO]: Request is not CORS (request origin is empty). {"request":null,"server":"[object] (Neomerx\\Cors\\Http\\ParsedUrl: ://)"}
[2017-12-07 16:13:30] [DEBUG]: CORS analysis for request completed. 
[2017-12-07 16:13:30] [DEBUG]: Using token from environment 
[2017-12-07 16:13:39] [DEBUG]: CORS analysis for request started. 
[2017-12-07 16:13:39] [INFO]: Request is not CORS (request origin is empty). {"request":null,"server":"[object] (Neomerx\\Cors\\Http\\ParsedUrl: ://)"}
[2017-12-07 16:13:39] [DEBUG]: CORS analysis for request completed. 
[2017-12-07 16:13:39] [DEBUG]: Using token from environment 
[2017-12-07 16:16:01] [DEBUG]: CORS analysis for request started. 
[2017-12-07 16:16:01] [INFO]: Request is not CORS (request origin is empty). {"request":null,"server":"[object] (Neomerx\\Cors\\Http\\ParsedUrl: ://)"}
[2017-12-07 16:16:01] [DEBUG]: CORS analysis for request completed. 
[2017-12-07 16:16:01] [DEBUG]: Using token from environment 
[2017-12-07 16:16:03] [DEBUG]: CORS analysis for request started. 
[2017-12-07 16:16:03] [DEBUG]: Request is identified as an actual CORS request. 
[2017-12-07 16:16:03] [DEBUG]: CORS analysis for request completed. 
[2017-12-07 16:18:07] [DEBUG]: CORS analysis for request started. 
[2017-12-07 16:18:07] [INFO]: Request is not CORS (request origin is empty). {"request":null,"server":"[object] (Neomerx\\Cors\\Http\\ParsedUrl: ://)"}
[2017-12-07 16:18:07] [DEBUG]: CORS analysis for request completed. 
[2017-12-07 16:18:07] [DEBUG]: Using token from environment 
[2017-12-07 16:18:09] [DEBUG]: CORS analysis for request started. 
[2017-12-07 16:18:09] [INFO]: Request is not CORS (request origin is empty). {"request":null,"server":"[object] (Neomerx\\Cors\\Http\\ParsedUrl: ://)"}
[2017-12-07 16:18:09] [DEBUG]: CORS analysis for request completed. 
[2017-12-07 16:18:09] [DEBUG]: Using token from environment 
[2017-12-07 16:18:10] [DEBUG]: CORS analysis for request started. 
[2017-12-07 16:18:10] [INFO]: Request is not CORS (request origin is empty). {"request":null,"server":"[object] (Neomerx\\Cors\\Http\\ParsedUrl: ://)"}
[2017-12-07 16:18:10] [DEBUG]: CORS analysis for request completed. 
[2017-12-07 16:18:10] [DEBUG]: Using token from environment 
[2017-12-07 16:18:20] [DEBUG]: CORS analysis for request started. 
[2017-12-07 16:18:20] [INFO]: Request is not CORS (request origin is empty). {"request":null,"server":"[object] (Neomerx\\Cors\\Http\\ParsedUrl: ://)"}
[2017-12-07 16:18:20] [DEBUG]: CORS analysis for request completed. 
[2017-12-07 16:18:20] [DEBUG]: Using token from environment 
[2017-12-07 16:18:50] [DEBUG]: CORS analysis for request started. 
[2017-12-07 16:18:50] [INFO]: Request is not CORS (request origin is empty). {"request":null,"server":"[object] (Neomerx\\Cors\\Http\\ParsedUrl: ://)"}
[2017-12-07 16:18:50] [DEBUG]: CORS analysis for request completed. 
[2017-12-07 16:18:50] [DEBUG]: Using token from environment 
[2017-12-07 16:20:05] [DEBUG]: CORS analysis for request started. 
[2017-12-07 16:20:05] [INFO]: Request is not CORS (request origin is empty). {"request":null,"server":"[object] (Neomerx\\Cors\\Http\\ParsedUrl: ://)"}
[2017-12-07 16:20:05] [DEBUG]: CORS analysis for request completed. 
[2017-12-07 16:20:05] [DEBUG]: Using token from environment 
[2017-12-07 16:20:07] [DEBUG]: CORS analysis for request started. 
[2017-12-07 16:20:07] [INFO]: Request is not CORS (request origin is empty). {"request":null,"server":"[object] (Neomerx\\Cors\\Http\\ParsedUrl: ://)"}
[2017-12-07 16:20:07] [DEBUG]: CORS analysis for request completed. 
[2017-12-07 16:20:07] [DEBUG]: Using token from environment 
[2017-12-07 16:32:59] [DEBUG]: CORS analysis for request started. 
[2017-12-07 16:32:59] [INFO]: Request is not CORS (request origin is empty). {"request":null,"server":"[object] (Neomerx\\Cors\\Http\\ParsedUrl: ://)"}
[2017-12-07 16:32:59] [DEBUG]: CORS analysis for request completed. 
[2017-12-07 16:32:59] [DEBUG]: Using token from environment 
[2017-12-07 16:33:00] [DEBUG]: CORS analysis for request started. 
[2017-12-07 16:33:00] [INFO]: Request is not CORS (request origin is empty). {"request":null,"server":"[object] (Neomerx\\Cors\\Http\\ParsedUrl: ://)"}
[2017-12-07 16:33:00] [DEBUG]: CORS analysis for request completed. 
[2017-12-07 16:33:00] [DEBUG]: Using token from environment 
[2017-12-07 16:33:01] [DEBUG]: CORS analysis for request started. 
[2017-12-07 16:33:01] [INFO]: Request is not CORS (request origin is empty). {"request":null,"server":"[object] (Neomerx\\Cors\\Http\\ParsedUrl: ://)"}
[2017-12-07 16:33:01] [DEBUG]: CORS analysis for request completed. 
[2017-12-07 16:33:01] [DEBUG]: Using token from environment 
[2017-12-07 16:33:01] [DEBUG]: CORS analysis for request started. 
[2017-12-07 16:33:01] [INFO]: Request is not CORS (request origin is empty). {"request":null,"server":"[object] (Neomerx\\Cors\\Http\\ParsedUrl: ://)"}
[2017-12-07 16:33:01] [DEBUG]: CORS analysis for request completed. 
[2017-12-07 16:33:01] [DEBUG]: Using token from environment 
[2017-12-07 16:33:21] [DEBUG]: CORS analysis for request started. 
[2017-12-07 16:33:21] [INFO]: Request is not CORS (request origin is empty). {"request":null,"server":"[object] (Neomerx\\Cors\\Http\\ParsedUrl: ://)"}
[2017-12-07 16:33:21] [DEBUG]: CORS analysis for request completed. 
[2017-12-07 16:33:21] [DEBUG]: Using token from environment 
[2017-12-07 16:33:22] [DEBUG]: CORS analysis for request started. 
[2017-12-07 16:33:22] [INFO]: Request is not CORS (request origin is empty). {"request":null,"server":"[object] (Neomerx\\Cors\\Http\\ParsedUrl: ://)"}
[2017-12-07 16:33:22] [DEBUG]: CORS analysis for request completed. 
[2017-12-07 16:33:22] [DEBUG]: Using token from environment 
[2017-12-07 16:33:50] [DEBUG]: CORS analysis for request started. 
[2017-12-07 16:33:50] [DEBUG]: Request is identified as an actual CORS request. 
[2017-12-07 16:33:50] [DEBUG]: CORS analysis for request completed. 
[2017-12-07 16:33:50] [DEBUG]: CORS analysis for request started. 
[2017-12-07 16:33:50] [DEBUG]: Request is identified as an actual CORS request. 
[2017-12-07 16:33:50] [DEBUG]: CORS analysis for request completed. 
[2017-12-07 16:33:51] [DEBUG]: CORS analysis for request started. 
[2017-12-07 16:33:51] [DEBUG]: Request is identified as an actual CORS request. 
[2017-12-07 16:33:51] [DEBUG]: CORS analysis for request completed. 
[2017-12-07 16:33:55] [DEBUG]: CORS analysis for request started. 
[2017-12-07 16:33:55] [INFO]: Request is not CORS (request origin is empty). {"request":null,"server":"[object] (Neomerx\\Cors\\Http\\ParsedUrl: ://)"}
[2017-12-07 16:33:55] [DEBUG]: CORS analysis for request completed. 
[2017-12-07 16:33:55] [DEBUG]: Using token from environment 
[2017-12-07 16:43:19] [DEBUG]: CORS analysis for request started. 
[2017-12-07 16:43:19] [INFO]: Request is not CORS (request origin is empty). {"request":null,"server":"[object] (Neomerx\\Cors\\Http\\ParsedUrl: ://)"}
[2017-12-07 16:43:19] [DEBUG]: CORS analysis for request completed. 
[2017-12-07 16:43:19] [DEBUG]: Using token from environment 
[2017-12-07 16:43:20] [DEBUG]: CORS analysis for request started. 
[2017-12-07 16:43:20] [INFO]: Request is not CORS (request origin is empty). {"request":null,"server":"[object] (Neomerx\\Cors\\Http\\ParsedUrl: ://)"}
[2017-12-07 16:43:20] [DEBUG]: CORS analysis for request completed. 
[2017-12-07 16:43:20] [DEBUG]: Using token from environment 
[2017-12-07 16:43:21] [DEBUG]: CORS analysis for request started. 
[2017-12-07 16:43:21] [INFO]: Request is not CORS (request origin is empty). {"request":null,"server":"[object] (Neomerx\\Cors\\Http\\ParsedUrl: ://)"}
[2017-12-07 16:43:21] [DEBUG]: CORS analysis for request completed. 
[2017-12-07 16:43:21] [DEBUG]: Using token from environment 
[2017-12-07 16:43:32] [DEBUG]: CORS analysis for request started. 
[2017-12-07 16:43:32] [INFO]: Request is not CORS (request origin is empty). {"request":null,"server":"[object] (Neomerx\\Cors\\Http\\ParsedUrl: ://)"}
[2017-12-07 16:43:32] [DEBUG]: CORS analysis for request completed. 
[2017-12-07 16:43:32] [DEBUG]: Using token from environment 
[2017-12-07 16:44:36] [DEBUG]: CORS analysis for request started. 
[2017-12-07 16:44:36] [INFO]: Request is not CORS (request origin is empty). {"request":null,"server":"[object] (Neomerx\\Cors\\Http\\ParsedUrl: ://)"}
[2017-12-07 16:44:36] [DEBUG]: CORS analysis for request completed. 
[2017-12-07 16:44:36] [DEBUG]: Using token from environment 
[2017-12-07 16:44:37] [DEBUG]: CORS analysis for request started. 
[2017-12-07 16:44:37] [INFO]: Request is not CORS (request origin is empty). {"request":null,"server":"[object] (Neomerx\\Cors\\Http\\ParsedUrl: ://)"}
[2017-12-07 16:44:37] [DEBUG]: CORS analysis for request completed. 
[2017-12-07 16:44:37] [DEBUG]: Using token from environment 
[2017-12-07 16:48:27] [DEBUG]: CORS analysis for request started. 
[2017-12-07 16:48:27] [INFO]: Request is not CORS (request origin is empty). {"request":null,"server":"[object] (Neomerx\\Cors\\Http\\ParsedUrl: ://)"}
[2017-12-07 16:48:27] [DEBUG]: CORS analysis for request completed. 
[2017-12-07 16:48:27] [DEBUG]: Using token from environment 
[2017-12-07 16:50:07] [DEBUG]: CORS analysis for request started. 
[2017-12-07 16:50:07] [INFO]: Request is not CORS (request origin is empty). {"request":null,"server":"[object] (Neomerx\\Cors\\Http\\ParsedUrl: ://)"}
[2017-12-07 16:50:07] [DEBUG]: CORS analysis for request completed. 
[2017-12-07 16:50:07] [DEBUG]: Using token from environment 
[2017-12-07 16:50:08] [DEBUG]: CORS analysis for request started. 
[2017-12-07 16:50:08] [INFO]: Request is not CORS (request origin is empty). {"request":null,"server":"[object] (Neomerx\\Cors\\Http\\ParsedUrl: ://)"}
[2017-12-07 16:50:08] [DEBUG]: CORS analysis for request completed. 
[2017-12-07 16:50:08] [DEBUG]: Using token from environment 
[2017-12-07 16:50:09] [DEBUG]: CORS analysis for request started. 
[2017-12-07 16:50:09] [INFO]: Request is not CORS (request origin is empty). {"request":null,"server":"[object] (Neomerx\\Cors\\Http\\ParsedUrl: ://)"}
[2017-12-07 16:50:09] [DEBUG]: CORS analysis for request completed. 
[2017-12-07 16:50:09] [DEBUG]: Using token from environment 
[2017-12-07 16:50:10] [DEBUG]: CORS analysis for request started. 
[2017-12-07 16:50:10] [INFO]: Request is not CORS (request origin is empty). {"request":null,"server":"[object] (Neomerx\\Cors\\Http\\ParsedUrl: ://)"}
[2017-12-07 16:50:10] [DEBUG]: CORS analysis for request completed. 
[2017-12-07 16:50:10] [DEBUG]: Using token from environment 
[2017-12-07 16:50:11] [DEBUG]: CORS analysis for request started. 
[2017-12-07 16:50:11] [INFO]: Request is not CORS (request origin is empty). {"request":null,"server":"[object] (Neomerx\\Cors\\Http\\ParsedUrl: ://)"}
[2017-12-07 16:50:11] [DEBUG]: CORS analysis for request completed. 
[2017-12-07 16:50:11] [DEBUG]: Using token from environment 
[2017-12-07 16:50:32] [DEBUG]: CORS analysis for request started. 
[2017-12-07 16:50:32] [INFO]: Request is not CORS (request origin is empty). {"request":null,"server":"[object] (Neomerx\\Cors\\Http\\ParsedUrl: ://)"}
[2017-12-07 16:50:32] [DEBUG]: CORS analysis for request completed. 
[2017-12-07 16:50:32] [DEBUG]: Using token from environment 
[2017-12-07 16:50:33] [DEBUG]: CORS analysis for request started. 
[2017-12-07 16:50:33] [INFO]: Request is not CORS (request origin is empty). {"request":null,"server":"[object] (Neomerx\\Cors\\Http\\ParsedUrl: ://)"}
[2017-12-07 16:50:33] [DEBUG]: CORS analysis for request completed. 
[2017-12-07 16:50:33] [DEBUG]: Using token from environment 
[2017-12-07 16:50:37] [DEBUG]: CORS analysis for request started. 
[2017-12-07 16:50:37] [INFO]: Request is not CORS (request origin is empty). {"request":null,"server":"[object] (Neomerx\\Cors\\Http\\ParsedUrl: ://)"}
[2017-12-07 16:50:37] [DEBUG]: CORS analysis for request completed. 
[2017-12-07 16:50:37] [DEBUG]: Using token from environment 
[2017-12-07 16:50:51] [DEBUG]: CORS analysis for request started. 
[2017-12-07 16:50:51] [INFO]: Request is not CORS (request origin is empty). {"request":null,"server":"[object] (Neomerx\\Cors\\Http\\ParsedUrl: ://)"}
[2017-12-07 16:50:51] [DEBUG]: CORS analysis for request completed. 
[2017-12-07 16:50:51] [DEBUG]: Using token from environment 
[2017-12-07 16:50:52] [DEBUG]: CORS analysis for request started. 
[2017-12-07 16:50:52] [INFO]: Request is not CORS (request origin is empty). {"request":null,"server":"[object] (Neomerx\\Cors\\Http\\ParsedUrl: ://)"}
[2017-12-07 16:50:52] [DEBUG]: CORS analysis for request completed. 
[2017-12-07 16:50:52] [DEBUG]: Using token from environment 
[2017-12-07 16:50:53] [DEBUG]: CORS analysis for request started. 
[2017-12-07 16:50:53] [INFO]: Request is not CORS (request origin is empty). {"request":null,"server":"[object] (Neomerx\\Cors\\Http\\ParsedUrl: ://)"}
[2017-12-07 16:50:53] [DEBUG]: CORS analysis for request completed. 
[2017-12-07 16:50:53] [DEBUG]: Using token from environment 
[2017-12-07 16:51:08] [DEBUG]: CORS analysis for request started. 
[2017-12-07 16:51:08] [INFO]: Request is not CORS (request origin is empty). {"request":null,"server":"[object] (Neomerx\\Cors\\Http\\ParsedUrl: ://)"}
[2017-12-07 16:51:08] [DEBUG]: CORS analysis for request completed. 
[2017-12-07 16:51:08] [DEBUG]: Using token from environment 
[2017-12-07 16:51:09] [DEBUG]: CORS analysis for request started. 
[2017-12-07 16:51:09] [INFO]: Request is not CORS (request origin is empty). {"request":null,"server":"[object] (Neomerx\\Cors\\Http\\ParsedUrl: ://)"}
[2017-12-07 16:51:09] [DEBUG]: CORS analysis for request completed. 
[2017-12-07 16:51:09] [DEBUG]: Using token from environment 
[2017-12-07 16:51:10] [DEBUG]: CORS analysis for request started. 
[2017-12-07 16:51:10] [INFO]: Request is not CORS (request origin is empty). {"request":null,"server":"[object] (Neomerx\\Cors\\Http\\ParsedUrl: ://)"}
[2017-12-07 16:51:10] [DEBUG]: CORS analysis for request completed. 
[2017-12-07 16:51:10] [DEBUG]: Using token from environment 
[2017-12-07 16:51:11] [DEBUG]: CORS analysis for request started. 
[2017-12-07 16:51:11] [INFO]: Request is not CORS (request origin is empty). {"request":null,"server":"[object] (Neomerx\\Cors\\Http\\ParsedUrl: ://)"}
[2017-12-07 16:51:11] [DEBUG]: CORS analysis for request completed. 
[2017-12-07 16:51:11] [DEBUG]: Using token from environment 
[2017-12-07 16:51:12] [DEBUG]: CORS analysis for request started. 
[2017-12-07 16:51:12] [INFO]: Request is not CORS (request origin is empty). {"request":null,"server":"[object] (Neomerx\\Cors\\Http\\ParsedUrl: ://)"}
[2017-12-07 16:51:12] [DEBUG]: CORS analysis for request completed. 
[2017-12-07 16:51:12] [DEBUG]: Using token from environment 
[2017-12-07 16:51:13] [DEBUG]: CORS analysis for request started. 
[2017-12-07 16:51:13] [INFO]: Request is not CORS (request origin is empty). {"request":null,"server":"[object] (Neomerx\\Cors\\Http\\ParsedUrl: ://)"}
[2017-12-07 16:51:13] [DEBUG]: CORS analysis for request completed. 
[2017-12-07 16:51:13] [DEBUG]: Using token from environment 
[2017-12-07 16:51:14] [DEBUG]: CORS analysis for request started. 
[2017-12-07 16:51:14] [INFO]: Request is not CORS (request origin is empty). {"request":null,"server":"[object] (Neomerx\\Cors\\Http\\ParsedUrl: ://)"}
[2017-12-07 16:51:14] [DEBUG]: CORS analysis for request completed. 
[2017-12-07 16:51:14] [DEBUG]: Using token from environment 
[2017-12-07 16:57:04] [DEBUG]: CORS analysis for request started. 
[2017-12-07 16:57:04] [INFO]: Request is not CORS (request origin is empty). {"request":null,"server":"[object] (Neomerx\\Cors\\Http\\ParsedUrl: ://)"}
[2017-12-07 16:57:04] [DEBUG]: CORS analysis for request completed. 
[2017-12-07 16:57:04] [DEBUG]: Using token from environment 
[2017-12-07 16:57:06] [DEBUG]: CORS analysis for request started. 
[2017-12-07 16:57:06] [INFO]: Request is not CORS (request origin is empty). {"request":null,"server":"[object] (Neomerx\\Cors\\Http\\ParsedUrl: ://)"}
[2017-12-07 16:57:06] [DEBUG]: CORS analysis for request completed. 
[2017-12-07 16:57:06] [DEBUG]: Using token from environment 
[2017-12-07 16:57:07] [DEBUG]: CORS analysis for request started. 
[2017-12-07 16:57:07] [INFO]: Request is not CORS (request origin is empty). {"request":null,"server":"[object] (Neomerx\\Cors\\Http\\ParsedUrl: ://)"}
[2017-12-07 16:57:07] [DEBUG]: CORS analysis for request completed. 
[2017-12-07 16:57:07] [DEBUG]: Using token from environment 
[2017-12-07 17:13:08] [DEBUG]: CORS analysis for request started. 
[2017-12-07 17:13:08] [INFO]: Request is not CORS (request origin is empty). {"request":null,"server":"[object] (Neomerx\\Cors\\Http\\ParsedUrl: ://)"}
[2017-12-07 17:13:08] [DEBUG]: CORS analysis for request completed. 
[2017-12-07 17:13:08] [DEBUG]: Using token from environment 
[2017-12-07 17:13:08] [WARNING]: Expired token ["eyJ0eXAiOiJKV1QiLCJhbGciOiJIUzI1NiJ9.eyJpYXQiOjE1MTI2NTUxMTAsImV4cCI6MTUxMjY1ODcxMCwianRpIjoiMVdoZU1LenJhMm1jbTFBUXgya1VTWCIsInN1YiI6bnVsbCwic2NvcGUiOlsicHV0IiwiZ2V0IiwicG9zdCJdLCJjdXJsUmVzdWx0cyI6bnVsbCwicmVmcmVzaC10b2tlbiI6eyJ0b2tlbiI6ImV5SjBlWEFpT2lKS1YxUWlMQ0poYkdjaU9pSklVekkxTmlKOS5leUpwWVhRaU9qRTFNVEkyTlRVeE1UQXNJbVY0Y0NJNk1UVXhNalk1TVRFeE1Dd2lhblJwSWpvaU1WZG9aVTFMZW5KaE1tMWpiVEZCVVhneWExVlRXQ0lzSW5OMVlpSTZiblZzYkN3aVkzVnliRkpsYzNWc2RITWlPbTUxYkd4OS4zb1UxXzFrYmVMS21vWHViOXJ1ZFNXdGFHSFdFWTB2VG9HczM4T0lnajljIiwiZXhwaXJlcyI6MTUxMjY5MTExMH19.KwZmzH673KnV8xTFtuS7wPUWIlPQ5hAycr8RoMEzlQY"]
[2017-12-07 17:13:13] [DEBUG]: CORS analysis for request started. 
[2017-12-07 17:13:13] [DEBUG]: Request is identified as an actual CORS request. 
[2017-12-07 17:13:13] [DEBUG]: CORS analysis for request completed. 
[2017-12-07 17:13:51] [DEBUG]: CORS analysis for request started. 
[2017-12-07 17:13:51] [DEBUG]: Request is identified as an actual CORS request. 
[2017-12-07 17:13:51] [DEBUG]: CORS analysis for request completed. 
[2017-12-07 17:14:05] [DEBUG]: CORS analysis for request started. 
[2017-12-07 17:14:05] [INFO]: Request is not CORS (request origin is empty). {"request":null,"server":"[object] (Neomerx\\Cors\\Http\\ParsedUrl: ://)"}
[2017-12-07 17:14:05] [DEBUG]: CORS analysis for request completed. 
[2017-12-07 17:14:05] [WARNING]: Token not found 
[2017-12-07 17:14:06] [DEBUG]: CORS analysis for request started. 
[2017-12-07 17:14:06] [INFO]: Request is not CORS (request origin is empty). {"request":null,"server":"[object] (Neomerx\\Cors\\Http\\ParsedUrl: ://)"}
[2017-12-07 17:14:06] [DEBUG]: CORS analysis for request completed. 
[2017-12-07 17:14:06] [WARNING]: Token not found 
[2017-12-07 17:14:14] [DEBUG]: CORS analysis for request started. 
[2017-12-07 17:14:14] [INFO]: Request is not CORS (request origin is empty). {"request":null,"server":"[object] (Neomerx\\Cors\\Http\\ParsedUrl: ://)"}
[2017-12-07 17:14:14] [DEBUG]: CORS analysis for request completed. 
[2017-12-07 17:14:14] [WARNING]: Token not found 
[2017-12-07 17:14:15] [DEBUG]: CORS analysis for request started. 
[2017-12-07 17:14:15] [INFO]: Request is not CORS (request origin is empty). {"request":null,"server":"[object] (Neomerx\\Cors\\Http\\ParsedUrl: ://)"}
[2017-12-07 17:14:15] [DEBUG]: CORS analysis for request completed. 
[2017-12-07 17:14:15] [WARNING]: Token not found 
[2017-12-07 17:14:49] [DEBUG]: CORS analysis for request started. 
[2017-12-07 17:14:49] [INFO]: Request is not CORS (request origin is empty). {"request":null,"server":"[object] (Neomerx\\Cors\\Http\\ParsedUrl: ://)"}
[2017-12-07 17:14:49] [DEBUG]: CORS analysis for request completed. 
[2017-12-07 17:14:49] [DEBUG]: Using token from environment 
[2017-12-07 17:14:51] [DEBUG]: CORS analysis for request started. 
[2017-12-07 17:14:51] [INFO]: Request is not CORS (request origin is empty). {"request":null,"server":"[object] (Neomerx\\Cors\\Http\\ParsedUrl: ://)"}
[2017-12-07 17:14:51] [DEBUG]: CORS analysis for request completed. 
[2017-12-07 17:14:51] [DEBUG]: Using token from environment 
[2017-12-07 17:14:52] [DEBUG]: CORS analysis for request started. 
[2017-12-07 17:14:52] [INFO]: Request is not CORS (request origin is empty). {"request":null,"server":"[object] (Neomerx\\Cors\\Http\\ParsedUrl: ://)"}
[2017-12-07 17:14:52] [DEBUG]: CORS analysis for request completed. 
[2017-12-07 17:14:52] [DEBUG]: Using token from environment 
[2017-12-07 17:15:25] [DEBUG]: CORS analysis for request started. 
[2017-12-07 17:15:25] [DEBUG]: Request is identified as an actual CORS request. 
[2017-12-07 17:15:25] [DEBUG]: CORS analysis for request completed. 
[2017-12-07 17:15:27] [DEBUG]: CORS analysis for request started. 
[2017-12-07 17:15:27] [INFO]: Request is not CORS (request origin is empty). {"request":null,"server":"[object] (Neomerx\\Cors\\Http\\ParsedUrl: ://)"}
[2017-12-07 17:15:27] [DEBUG]: CORS analysis for request completed. 
[2017-12-07 17:15:27] [DEBUG]: Using token from environment 
[2017-12-07 17:15:28] [DEBUG]: CORS analysis for request started. 
[2017-12-07 17:15:28] [INFO]: Request is not CORS (request origin is empty). {"request":null,"server":"[object] (Neomerx\\Cors\\Http\\ParsedUrl: ://)"}
[2017-12-07 17:15:28] [DEBUG]: CORS analysis for request completed. 
[2017-12-07 17:15:28] [DEBUG]: Using token from environment 
[2017-12-07 17:15:29] [DEBUG]: CORS analysis for request started. 
[2017-12-07 17:15:29] [INFO]: Request is not CORS (request origin is empty). {"request":null,"server":"[object] (Neomerx\\Cors\\Http\\ParsedUrl: ://)"}
[2017-12-07 17:15:29] [DEBUG]: CORS analysis for request completed. 
[2017-12-07 17:15:29] [DEBUG]: Using token from environment 
[2017-12-07 17:15:56] [DEBUG]: CORS analysis for request started. 
[2017-12-07 17:15:56] [INFO]: Request is not CORS (request origin is empty). {"request":null,"server":"[object] (Neomerx\\Cors\\Http\\ParsedUrl: ://)"}
[2017-12-07 17:15:56] [DEBUG]: CORS analysis for request completed. 
[2017-12-07 17:15:56] [DEBUG]: Using token from environment 
[2017-12-07 17:15:57] [DEBUG]: CORS analysis for request started. 
[2017-12-07 17:15:57] [INFO]: Request is not CORS (request origin is empty). {"request":null,"server":"[object] (Neomerx\\Cors\\Http\\ParsedUrl: ://)"}
[2017-12-07 17:15:57] [DEBUG]: CORS analysis for request completed. 
[2017-12-07 17:15:57] [DEBUG]: Using token from environment 
[2017-12-07 17:15:57] [DEBUG]: CORS analysis for request started. 
[2017-12-07 17:15:57] [INFO]: Request is not CORS (request origin is empty). {"request":null,"server":"[object] (Neomerx\\Cors\\Http\\ParsedUrl: ://)"}
[2017-12-07 17:15:57] [DEBUG]: CORS analysis for request completed. 
[2017-12-07 17:15:57] [DEBUG]: Using token from environment 
[2017-12-07 17:15:58] [DEBUG]: CORS analysis for request started. 
[2017-12-07 17:15:58] [INFO]: Request is not CORS (request origin is empty). {"request":null,"server":"[object] (Neomerx\\Cors\\Http\\ParsedUrl: ://)"}
[2017-12-07 17:15:58] [DEBUG]: CORS analysis for request completed. 
[2017-12-07 17:15:58] [DEBUG]: Using token from environment 
[2017-12-07 17:15:58] [DEBUG]: CORS analysis for request started. 
[2017-12-07 17:15:58] [INFO]: Request is not CORS (request origin is empty). {"request":null,"server":"[object] (Neomerx\\Cors\\Http\\ParsedUrl: ://)"}
[2017-12-07 17:15:58] [DEBUG]: CORS analysis for request completed. 
[2017-12-07 17:15:58] [DEBUG]: Using token from environment 
[2017-12-07 17:15:59] [DEBUG]: CORS analysis for request started. 
[2017-12-07 17:15:59] [INFO]: Request is not CORS (request origin is empty). {"request":null,"server":"[object] (Neomerx\\Cors\\Http\\ParsedUrl: ://)"}
[2017-12-07 17:15:59] [DEBUG]: CORS analysis for request completed. 
[2017-12-07 17:15:59] [DEBUG]: Using token from environment 
[2017-12-07 17:16:00] [DEBUG]: CORS analysis for request started. 
[2017-12-07 17:16:00] [INFO]: Request is not CORS (request origin is empty). {"request":null,"server":"[object] (Neomerx\\Cors\\Http\\ParsedUrl: ://)"}
[2017-12-07 17:16:00] [DEBUG]: CORS analysis for request completed. 
[2017-12-07 17:16:00] [DEBUG]: Using token from environment 
[2017-12-07 17:16:00] [DEBUG]: CORS analysis for request started. 
[2017-12-07 17:16:00] [INFO]: Request is not CORS (request origin is empty). {"request":null,"server":"[object] (Neomerx\\Cors\\Http\\ParsedUrl: ://)"}
[2017-12-07 17:16:00] [DEBUG]: CORS analysis for request completed. 
[2017-12-07 17:16:00] [DEBUG]: Using token from environment 
[2017-12-07 17:16:01] [DEBUG]: CORS analysis for request started. 
[2017-12-07 17:16:01] [INFO]: Request is not CORS (request origin is empty). {"request":null,"server":"[object] (Neomerx\\Cors\\Http\\ParsedUrl: ://)"}
[2017-12-07 17:16:01] [DEBUG]: CORS analysis for request completed. 
[2017-12-07 17:16:01] [DEBUG]: Using token from environment 
[2017-12-07 17:16:02] [DEBUG]: CORS analysis for request started. 
[2017-12-07 17:16:02] [INFO]: Request is not CORS (request origin is empty). {"request":null,"server":"[object] (Neomerx\\Cors\\Http\\ParsedUrl: ://)"}
[2017-12-07 17:16:02] [DEBUG]: CORS analysis for request completed. 
[2017-12-07 17:16:02] [DEBUG]: Using token from environment 
[2017-12-07 17:16:09] [DEBUG]: CORS analysis for request started. 
[2017-12-07 17:16:09] [INFO]: Request is not CORS (request origin is empty). {"request":null,"server":"[object] (Neomerx\\Cors\\Http\\ParsedUrl: ://)"}
[2017-12-07 17:16:09] [DEBUG]: CORS analysis for request completed. 
[2017-12-07 17:16:09] [DEBUG]: Using token from environment 
[2017-12-07 17:24:38] [DEBUG]: CORS analysis for request started. 
[2017-12-07 17:24:38] [DEBUG]: Request is identified as an actual CORS request. 
[2017-12-07 17:24:38] [DEBUG]: CORS analysis for request completed. 
[2017-12-07 17:24:38] [DEBUG]: Using token from environment 
[2017-12-07 22:36:36] [DEBUG]: CORS analysis for request started. 
[2017-12-07 22:36:36] [DEBUG]: Request is identified as an actual CORS request. 
[2017-12-07 22:36:36] [DEBUG]: CORS analysis for request completed. 
