[2017-12-08 13:23:46] [DEBUG]: CORS analysis for request started. 
[2017-12-08 13:23:46] [DEBUG]: Request is identified as an actual CORS request. 
[2017-12-08 13:23:46] [DEBUG]: CORS analysis for request completed. 
[2017-12-08 13:24:05] [DEBUG]: CORS analysis for request started. 
[2017-12-08 13:24:05] [DEBUG]: Request is identified as an actual CORS request. 
[2017-12-08 13:24:05] [DEBUG]: CORS analysis for request completed. 
[2017-12-08 13:24:17] [DEBUG]: CORS analysis for request started. 
[2017-12-08 13:24:17] [DEBUG]: Request is identified as an actual CORS request. 
[2017-12-08 13:24:17] [DEBUG]: CORS analysis for request completed. 
[2017-12-08 13:26:25] [DEBUG]: CORS analysis for request started. 
[2017-12-08 13:26:25] [INFO]: Request is not CORS (request origin is empty). {"request":null,"server":"[object] (Neomerx\\Cors\\Http\\ParsedUrl: ://)"}
[2017-12-08 13:26:25] [DEBUG]: CORS analysis for request completed. 
[2017-12-08 13:31:25] [DEBUG]: CORS analysis for request started. 
[2017-12-08 13:31:25] [INFO]: Request is not CORS (request origin is empty). {"request":null,"server":"[object] (Neomerx\\Cors\\Http\\ParsedUrl: ://)"}
[2017-12-08 13:31:25] [DEBUG]: CORS analysis for request completed. 
[2017-12-08 13:31:25] [DEBUG]: Using token from environment 
[2017-12-08 13:31:33] [DEBUG]: CORS analysis for request started. 
[2017-12-08 13:31:33] [INFO]: Request is not CORS (request origin is empty). {"request":null,"server":"[object] (Neomerx\\Cors\\Http\\ParsedUrl: ://)"}
[2017-12-08 13:31:33] [DEBUG]: CORS analysis for request completed. 
[2017-12-08 13:31:33] [DEBUG]: Using token from environment 
[2017-12-08 13:31:33] [WARNING]: Null result with non-null input ["eyJ0eXAiOiJKfV1QiLCJhbGciOiJIUzI1NiJ9.eyJpYXQiOjE1MTI3MzIzODUsImV4cCI6MTUxMjczNTk4NSwianRpIjoiMVlhZGx0cW1MMzZlNXBaZU1WQ0pBZyIsInN1YiI6bnVsbCwic2NvcGUiOlsicHV0IiwiZ2V0IiwicG9zdCJdLCJjdXJsUmVzdWx0cyI6bnVsbCwicmVmcmVzaC10b2tlbiI6eyJ0b2tlbiI6ImV5SjBlWEFpT2lKS1YxUWlMQ0poYkdjaU9pSklVekkxTmlKOS5leUpwWVhRaU9qRTFNVEkzTXpJek9EVXNJbVY0Y0NJNk1UVXhNamMyT0RNNE5Td2lhblJwSWpvaU1WbGhaR3gwY1cxTU16WmxOWEJhWlUxV1EwcEJaeUlzSW5OMVlpSTZiblZzYkN3aVkzVnliRkpsYzNWc2RITWlPbTUxYkd4OS5uQWlzQko3UnpPVms2ZzNmd1pvdlhGdXI1NzFCdGFzSkE0RE9PektrZk9BIiwiZXhwaXJlcyI6MTUxMjc2ODM4NX19.-I6P2ys6WrGcCFlHdUxgGiWOeyheZ00PPt4Spyfn_ZU"]
[2017-12-08 13:31:49] [DEBUG]: CORS analysis for request started. 
[2017-12-08 13:31:49] [INFO]: Request is not CORS (request origin is empty). {"request":null,"server":"[object] (Neomerx\\Cors\\Http\\ParsedUrl: ://)"}
[2017-12-08 13:31:49] [DEBUG]: CORS analysis for request completed. 
[2017-12-08 13:31:49] [DEBUG]: Using token from environment 
[2017-12-08 14:23:01] [DEBUG]: CORS analysis for request started. 
[2017-12-08 14:23:01] [INFO]: Request is not CORS (request origin is empty). {"request":null,"server":"[object] (Neomerx\\Cors\\Http\\ParsedUrl: ://)"}
[2017-12-08 14:23:01] [DEBUG]: CORS analysis for request completed. 
[2017-12-08 14:23:23] [DEBUG]: CORS analysis for request started. 
[2017-12-08 14:23:23] [INFO]: Request is not CORS (request origin is empty). {"request":null,"server":"[object] (Neomerx\\Cors\\Http\\ParsedUrl: ://)"}
[2017-12-08 14:23:23] [DEBUG]: CORS analysis for request completed. 
[2017-12-08 14:23:23] [DEBUG]: Using token from environment 
[2017-12-08 15:27:07] [DEBUG]: CORS analysis for request started. 
[2017-12-08 15:27:07] [DEBUG]: Request is identified as an actual CORS request. 
[2017-12-08 15:27:07] [DEBUG]: CORS analysis for request completed. 
[2017-12-08 15:40:26] [DEBUG]: CORS analysis for request started. 
[2017-12-08 15:40:26] [DEBUG]: Request is identified as an actual CORS request. 
[2017-12-08 15:40:26] [DEBUG]: CORS analysis for request completed. 
[2017-12-08 15:40:47] [DEBUG]: CORS analysis for request started. 
[2017-12-08 15:40:47] [DEBUG]: Request is identified as an actual CORS request. 
[2017-12-08 15:40:47] [DEBUG]: CORS analysis for request completed. 
[2017-12-08 15:41:03] [DEBUG]: CORS analysis for request started. 
[2017-12-08 15:41:03] [DEBUG]: Request is identified as an actual CORS request. 
[2017-12-08 15:41:03] [DEBUG]: CORS analysis for request completed. 
[2017-12-08 15:41:04] [DEBUG]: CORS analysis for request started. 
[2017-12-08 15:41:04] [DEBUG]: Request is identified as an actual CORS request. 
[2017-12-08 15:41:04] [DEBUG]: CORS analysis for request completed. 
[2017-12-08 15:41:05] [DEBUG]: CORS analysis for request started. 
[2017-12-08 15:41:05] [DEBUG]: Request is identified as an actual CORS request. 
[2017-12-08 15:41:05] [DEBUG]: CORS analysis for request completed. 
[2017-12-08 15:41:06] [DEBUG]: CORS analysis for request started. 
[2017-12-08 15:41:06] [DEBUG]: Request is identified as an actual CORS request. 
[2017-12-08 15:41:06] [DEBUG]: CORS analysis for request completed. 
[2017-12-08 15:52:58] [DEBUG]: CORS analysis for request started. 
[2017-12-08 15:52:58] [INFO]: Request is not CORS (request origin is empty). {"request":null,"server":"[object] (Neomerx\\Cors\\Http\\ParsedUrl: ://)"}
[2017-12-08 15:52:58] [DEBUG]: CORS analysis for request completed. 
[2017-12-08 15:54:09] [DEBUG]: CORS analysis for request started. 
[2017-12-08 15:54:09] [INFO]: Request is not CORS (request origin is empty). {"request":null,"server":"[object] (Neomerx\\Cors\\Http\\ParsedUrl: ://)"}
[2017-12-08 15:54:09] [DEBUG]: CORS analysis for request completed. 
[2017-12-08 15:54:59] [DEBUG]: CORS analysis for request started. 
[2017-12-08 15:54:59] [INFO]: Request is not CORS (request origin is empty). {"request":null,"server":"[object] (Neomerx\\Cors\\Http\\ParsedUrl: ://)"}
[2017-12-08 15:54:59] [DEBUG]: CORS analysis for request completed. 
[2017-12-08 16:00:50] [DEBUG]: CORS analysis for request started. 
[2017-12-08 16:00:50] [INFO]: Request is not CORS (request origin is empty). {"request":null,"server":"[object] (Neomerx\\Cors\\Http\\ParsedUrl: ://)"}
[2017-12-08 16:00:50] [DEBUG]: CORS analysis for request completed. 
[2017-12-08 16:00:51] [DEBUG]: CORS analysis for request started. 
[2017-12-08 16:00:51] [INFO]: Request is not CORS (request origin is empty). {"request":null,"server":"[object] (Neomerx\\Cors\\Http\\ParsedUrl: ://)"}
[2017-12-08 16:00:51] [DEBUG]: CORS analysis for request completed. 
[2017-12-08 16:00:53] [DEBUG]: CORS analysis for request started. 
[2017-12-08 16:00:53] [INFO]: Request is not CORS (request origin is empty). {"request":null,"server":"[object] (Neomerx\\Cors\\Http\\ParsedUrl: ://)"}
[2017-12-08 16:00:53] [DEBUG]: CORS analysis for request completed. 
[2017-12-08 16:01:17] [DEBUG]: CORS analysis for request started. 
[2017-12-08 16:01:17] [INFO]: Request is not CORS (request origin is empty). {"request":null,"server":"[object] (Neomerx\\Cors\\Http\\ParsedUrl: ://)"}
[2017-12-08 16:01:17] [DEBUG]: CORS analysis for request completed. 
[2017-12-08 16:01:17] [DEBUG]: Using token from environment 
[2017-12-08 16:01:17] [WARNING]: Expired token ["eyJ0eXAiOiJKV1QiLCJhbGciOiJIUzI1NiJ9.eyJpYXQiOjE1MTI3MzIzODUsImV4cCI6MTUxMjczNTk4NSwianRpIjoiMVlhZGx0cW1MMzZlNXBaZU1WQ0pBZyIsInN1YiI6bnVsbCwic2NvcGUiOlsicHV0IiwiZ2V0IiwicG9zdCJdLCJjdXJsUmVzdWx0cyI6bnVsbCwicmVmcmVzaC10b2tlbiI6eyJ0b2tlbiI6ImV5SjBlWEFpT2lKS1YxUWlMQ0poYkdjaU9pSklVekkxTmlKOS5leUpwWVhRaU9qRTFNVEkzTXpJek9EVXNJbVY0Y0NJNk1UVXhNamMyT0RNNE5Td2lhblJwSWpvaU1WbGhaR3gwY1cxTU16WmxOWEJhWlUxV1EwcEJaeUlzSW5OMVlpSTZiblZzYkN3aVkzVnliRkpsYzNWc2RITWlPbTUxYkd4OS5uQWlzQko3UnpPVms2ZzNmd1pvdlhGdXI1NzFCdGFzSkE0RE9PektrZk9BIiwiZXhwaXJlcyI6MTUxMjc2ODM4NX19.-I6P2ys6WrGcCFlHdUxgGiWOeyheZ00PPt4Spyfn_ZU"]
[2017-12-08 16:02:30] [DEBUG]: CORS analysis for request started. 
[2017-12-08 16:02:30] [INFO]: Request is not CORS (request origin is empty). {"request":null,"server":"[object] (Neomerx\\Cors\\Http\\ParsedUrl: ://)"}
[2017-12-08 16:02:30] [DEBUG]: CORS analysis for request completed. 
[2017-12-08 16:02:30] [DEBUG]: Using token from environment 
[2017-12-08 16:03:41] [DEBUG]: CORS analysis for request started. 
[2017-12-08 16:03:41] [INFO]: Request is not CORS (request origin is empty). {"request":null,"server":"[object] (Neomerx\\Cors\\Http\\ParsedUrl: ://)"}
[2017-12-08 16:03:41] [DEBUG]: CORS analysis for request completed. 
[2017-12-08 16:03:41] [DEBUG]: Using token from environment 
[2017-12-08 16:13:25] [DEBUG]: CORS analysis for request started. 
[2017-12-08 16:13:25] [INFO]: Request is not CORS (request origin is empty). {"request":null,"server":"[object] (Neomerx\\Cors\\Http\\ParsedUrl: ://)"}
[2017-12-08 16:13:25] [DEBUG]: CORS analysis for request completed. 
[2017-12-08 16:13:25] [DEBUG]: Using token from environment 
[2017-12-08 16:14:39] [DEBUG]: CORS analysis for request started. 
[2017-12-08 16:14:39] [INFO]: Request is not CORS (request origin is empty). {"request":null,"server":"[object] (Neomerx\\Cors\\Http\\ParsedUrl: ://)"}
[2017-12-08 16:14:39] [DEBUG]: CORS analysis for request completed. 
[2017-12-08 16:14:39] [DEBUG]: Using token from environment 
[2017-12-08 16:16:55] [DEBUG]: CORS analysis for request started. 
[2017-12-08 16:16:55] [INFO]: Request is not CORS (request origin is empty). {"request":null,"server":"[object] (Neomerx\\Cors\\Http\\ParsedUrl: ://)"}
[2017-12-08 16:16:55] [DEBUG]: CORS analysis for request completed. 
[2017-12-08 16:16:55] [DEBUG]: Using token from environment 
[2017-12-08 16:17:18] [DEBUG]: CORS analysis for request started. 
[2017-12-08 16:17:18] [INFO]: Request is not CORS (request origin is empty). {"request":null,"server":"[object] (Neomerx\\Cors\\Http\\ParsedUrl: ://)"}
[2017-12-08 16:17:18] [DEBUG]: CORS analysis for request completed. 
[2017-12-08 16:17:18] [DEBUG]: Using token from environment 
[2017-12-08 16:18:02] [DEBUG]: CORS analysis for request started. 
[2017-12-08 16:18:02] [INFO]: Request is not CORS (request origin is empty). {"request":null,"server":"[object] (Neomerx\\Cors\\Http\\ParsedUrl: ://)"}
[2017-12-08 16:18:02] [DEBUG]: CORS analysis for request completed. 
[2017-12-08 16:18:02] [DEBUG]: Using token from environment 
[2017-12-08 16:23:24] [DEBUG]: CORS analysis for request started. 
[2017-12-08 16:23:24] [INFO]: Request is not CORS (request origin is empty). {"request":null,"server":"[object] (Neomerx\\Cors\\Http\\ParsedUrl: ://)"}
[2017-12-08 16:23:24] [DEBUG]: CORS analysis for request completed. 
[2017-12-08 16:23:24] [DEBUG]: Using token from environment 
[2017-12-08 16:23:41] [DEBUG]: CORS analysis for request started. 
[2017-12-08 16:23:41] [INFO]: Request is not CORS (request origin is empty). {"request":null,"server":"[object] (Neomerx\\Cors\\Http\\ParsedUrl: ://)"}
[2017-12-08 16:23:41] [DEBUG]: CORS analysis for request completed. 
[2017-12-08 16:23:41] [DEBUG]: Using token from environment 
[2017-12-08 16:23:58] [DEBUG]: CORS analysis for request started. 
[2017-12-08 16:23:58] [INFO]: Request is not CORS (request origin is empty). {"request":null,"server":"[object] (Neomerx\\Cors\\Http\\ParsedUrl: ://)"}
[2017-12-08 16:23:58] [DEBUG]: CORS analysis for request completed. 
[2017-12-08 16:23:58] [DEBUG]: Using token from environment 
[2017-12-08 16:24:29] [DEBUG]: CORS analysis for request started. 
[2017-12-08 16:24:29] [INFO]: Request is not CORS (request origin is empty). {"request":null,"server":"[object] (Neomerx\\Cors\\Http\\ParsedUrl: ://)"}
[2017-12-08 16:24:29] [DEBUG]: CORS analysis for request completed. 
[2017-12-08 16:24:29] [DEBUG]: Using token from environment 
[2017-12-08 16:25:05] [DEBUG]: CORS analysis for request started. 
[2017-12-08 16:25:05] [INFO]: Request is not CORS (request origin is empty). {"request":null,"server":"[object] (Neomerx\\Cors\\Http\\ParsedUrl: ://)"}
[2017-12-08 16:25:05] [DEBUG]: CORS analysis for request completed. 
[2017-12-08 16:25:05] [DEBUG]: Using token from environment 
[2017-12-08 16:26:19] [DEBUG]: CORS analysis for request started. 
[2017-12-08 16:26:19] [INFO]: Request is not CORS (request origin is empty). {"request":null,"server":"[object] (Neomerx\\Cors\\Http\\ParsedUrl: ://)"}
[2017-12-08 16:26:19] [DEBUG]: CORS analysis for request completed. 
[2017-12-08 16:26:19] [DEBUG]: Using token from environment 
[2017-12-08 16:26:21] [DEBUG]: CORS analysis for request started. 
[2017-12-08 16:26:21] [INFO]: Request is not CORS (request origin is empty). {"request":null,"server":"[object] (Neomerx\\Cors\\Http\\ParsedUrl: ://)"}
[2017-12-08 16:26:21] [DEBUG]: CORS analysis for request completed. 
[2017-12-08 16:26:21] [DEBUG]: Using token from environment 
[2017-12-08 16:27:07] [DEBUG]: CORS analysis for request started. 
[2017-12-08 16:27:07] [INFO]: Request is not CORS (request origin is empty). {"request":null,"server":"[object] (Neomerx\\Cors\\Http\\ParsedUrl: ://)"}
[2017-12-08 16:27:07] [DEBUG]: CORS analysis for request completed. 
[2017-12-08 16:27:07] [DEBUG]: Using token from environment 
[2017-12-08 16:27:39] [DEBUG]: CORS analysis for request started. 
[2017-12-08 16:27:39] [INFO]: Request is not CORS (request origin is empty). {"request":null,"server":"[object] (Neomerx\\Cors\\Http\\ParsedUrl: ://)"}
[2017-12-08 16:27:39] [DEBUG]: CORS analysis for request completed. 
[2017-12-08 16:27:39] [DEBUG]: Using token from environment 
[2017-12-08 16:27:47] [DEBUG]: CORS analysis for request started. 
[2017-12-08 16:27:47] [INFO]: Request is not CORS (request origin is empty). {"request":null,"server":"[object] (Neomerx\\Cors\\Http\\ParsedUrl: ://)"}
[2017-12-08 16:27:47] [DEBUG]: CORS analysis for request completed. 
[2017-12-08 16:27:47] [DEBUG]: Using token from environment 
[2017-12-08 16:28:46] [DEBUG]: CORS analysis for request started. 
[2017-12-08 16:28:46] [INFO]: Request is not CORS (request origin is empty). {"request":null,"server":"[object] (Neomerx\\Cors\\Http\\ParsedUrl: ://)"}
[2017-12-08 16:28:46] [DEBUG]: CORS analysis for request completed. 
[2017-12-08 16:28:46] [DEBUG]: Using token from environment 
[2017-12-08 16:28:52] [DEBUG]: CORS analysis for request started. 
[2017-12-08 16:28:52] [INFO]: Request is not CORS (request origin is empty). {"request":null,"server":"[object] (Neomerx\\Cors\\Http\\ParsedUrl: ://)"}
[2017-12-08 16:28:52] [DEBUG]: CORS analysis for request completed. 
[2017-12-08 16:28:52] [DEBUG]: Using token from environment 
[2017-12-08 16:29:42] [DEBUG]: CORS analysis for request started. 
[2017-12-08 16:29:42] [INFO]: Request is not CORS (request origin is empty). {"request":null,"server":"[object] (Neomerx\\Cors\\Http\\ParsedUrl: ://)"}
[2017-12-08 16:29:42] [DEBUG]: CORS analysis for request completed. 
[2017-12-08 16:29:42] [DEBUG]: Using token from environment 
[2017-12-08 16:30:24] [DEBUG]: CORS analysis for request started. 
[2017-12-08 16:30:24] [INFO]: Request is not CORS (request origin is empty). {"request":null,"server":"[object] (Neomerx\\Cors\\Http\\ParsedUrl: ://)"}
[2017-12-08 16:30:24] [DEBUG]: CORS analysis for request completed. 
[2017-12-08 16:30:24] [DEBUG]: Using token from environment 
[2017-12-08 16:31:06] [DEBUG]: CORS analysis for request started. 
[2017-12-08 16:31:06] [INFO]: Request is not CORS (request origin is empty). {"request":null,"server":"[object] (Neomerx\\Cors\\Http\\ParsedUrl: ://)"}
[2017-12-08 16:31:06] [DEBUG]: CORS analysis for request completed. 
[2017-12-08 16:31:06] [DEBUG]: Using token from environment 
[2017-12-08 16:31:34] [DEBUG]: CORS analysis for request started. 
[2017-12-08 16:31:34] [INFO]: Request is not CORS (request origin is empty). {"request":null,"server":"[object] (Neomerx\\Cors\\Http\\ParsedUrl: ://)"}
[2017-12-08 16:31:34] [DEBUG]: CORS analysis for request completed. 
[2017-12-08 16:31:34] [DEBUG]: Using token from environment 
[2017-12-08 16:32:26] [DEBUG]: CORS analysis for request started. 
[2017-12-08 16:32:26] [INFO]: Request is not CORS (request origin is empty). {"request":null,"server":"[object] (Neomerx\\Cors\\Http\\ParsedUrl: ://)"}
[2017-12-08 16:32:26] [DEBUG]: CORS analysis for request completed. 
[2017-12-08 16:32:26] [DEBUG]: Using token from environment 
[2017-12-08 16:32:29] [DEBUG]: CORS analysis for request started. 
[2017-12-08 16:32:29] [INFO]: Request is not CORS (request origin is empty). {"request":null,"server":"[object] (Neomerx\\Cors\\Http\\ParsedUrl: ://)"}
[2017-12-08 16:32:29] [DEBUG]: CORS analysis for request completed. 
[2017-12-08 16:32:29] [DEBUG]: Using token from environment 
[2017-12-08 16:33:05] [DEBUG]: CORS analysis for request started. 
[2017-12-08 16:33:05] [INFO]: Request is not CORS (request origin is empty). {"request":null,"server":"[object] (Neomerx\\Cors\\Http\\ParsedUrl: ://)"}
[2017-12-08 16:33:05] [DEBUG]: CORS analysis for request completed. 
[2017-12-08 16:33:05] [DEBUG]: Using token from environment 
[2017-12-08 16:33:11] [DEBUG]: CORS analysis for request started. 
[2017-12-08 16:33:11] [INFO]: Request is not CORS (request origin is empty). {"request":null,"server":"[object] (Neomerx\\Cors\\Http\\ParsedUrl: ://)"}
[2017-12-08 16:33:11] [DEBUG]: CORS analysis for request completed. 
[2017-12-08 16:33:11] [DEBUG]: Using token from environment 
[2017-12-08 16:33:24] [DEBUG]: CORS analysis for request started. 
[2017-12-08 16:33:24] [INFO]: Request is not CORS (request origin is empty). {"request":null,"server":"[object] (Neomerx\\Cors\\Http\\ParsedUrl: ://)"}
[2017-12-08 16:33:24] [DEBUG]: CORS analysis for request completed. 
[2017-12-08 16:33:24] [DEBUG]: Using token from environment 
[2017-12-08 16:33:45] [DEBUG]: CORS analysis for request started. 
[2017-12-08 16:33:45] [INFO]: Request is not CORS (request origin is empty). {"request":null,"server":"[object] (Neomerx\\Cors\\Http\\ParsedUrl: ://)"}
[2017-12-08 16:33:45] [DEBUG]: CORS analysis for request completed. 
[2017-12-08 16:33:45] [DEBUG]: Using token from environment 
[2017-12-08 16:33:51] [DEBUG]: CORS analysis for request started. 
[2017-12-08 16:33:51] [INFO]: Request is not CORS (request origin is empty). {"request":null,"server":"[object] (Neomerx\\Cors\\Http\\ParsedUrl: ://)"}
[2017-12-08 16:33:51] [DEBUG]: CORS analysis for request completed. 
[2017-12-08 16:33:51] [DEBUG]: Using token from environment 
[2017-12-08 17:00:58] [DEBUG]: CORS analysis for request started. 
[2017-12-08 17:00:58] [INFO]: Request is not CORS (request origin is empty). {"request":null,"server":"[object] (Neomerx\\Cors\\Http\\ParsedUrl: ://)"}
[2017-12-08 17:00:58] [DEBUG]: CORS analysis for request completed. 
[2017-12-08 17:00:58] [DEBUG]: Using token from environment 
[2017-12-08 17:00:58] [WARNING]: Expired token ["eyJ0eXAiOiJKV1QiLCJhbGciOiJIUzI1NiJ9.eyJpYXQiOjE1MTI3NDE2NTMsImV4cCI6MTUxMjc0NTI1MywianRpIjoiMWNPUnA1dmhKazRVcjc1V21uVXNxWiIsInN1YiI6bnVsbCwic2NvcGUiOlsicHV0IiwiZ2V0IiwicG9zdCJdLCJjdXJsUmVzdWx0cyI6bnVsbCwicmVmcmVzaC10b2tlbiI6eyJ0b2tlbiI6ImV5SjBlWEFpT2lKS1YxUWlMQ0poYkdjaU9pSklVekkxTmlKOS5leUpwWVhRaU9qRTFNVEkzTkRFMk5UTXNJbVY0Y0NJNk1UVXhNamMzTnpZMU15d2lhblJwSWpvaU1XTlBVbkExZG1oS2F6UlZjamMxVjIxdVZYTnhXaUlzSW5OMVlpSTZiblZzYkN3aVkzVnliRkpsYzNWc2RITWlPbTUxYkd4OS5MckhwNDNMUVV5ZWoxVkoyRF9KZlZhOWtnRGdYMjk5Y1VKS2dwbi1paGtjIiwiZXhwaXJlcyI6MTUxMjc3NzY1M319.MpIRevyHjVmMEZRywhS5phjKiVJHw-IGbhy3lJyTAJQ"]
[2017-12-08 17:01:05] [DEBUG]: CORS analysis for request started. 
[2017-12-08 17:01:05] [INFO]: Request is not CORS (request origin is empty). {"request":null,"server":"[object] (Neomerx\\Cors\\Http\\ParsedUrl: ://)"}
[2017-12-08 17:01:05] [DEBUG]: CORS analysis for request completed. 
[2017-12-08 17:01:05] [DEBUG]: Using token from environment 
[2017-12-08 17:01:05] [WARNING]: Expired token ["eyJ0eXAiOiJKV1QiLCJhbGciOiJIUzI1NiJ9.eyJpYXQiOjE1MTI3NDE2NTMsImV4cCI6MTUxMjc0NTI1MywianRpIjoiMWNPUnA1dmhKazRVcjc1V21uVXNxWiIsInN1YiI6bnVsbCwic2NvcGUiOlsicHV0IiwiZ2V0IiwicG9zdCJdLCJjdXJsUmVzdWx0cyI6bnVsbCwicmVmcmVzaC10b2tlbiI6eyJ0b2tlbiI6ImV5SjBlWEFpT2lKS1YxUWlMQ0poYkdjaU9pSklVekkxTmlKOS5leUpwWVhRaU9qRTFNVEkzTkRFMk5UTXNJbVY0Y0NJNk1UVXhNamMzTnpZMU15d2lhblJwSWpvaU1XTlBVbkExZG1oS2F6UlZjamMxVjIxdVZYTnhXaUlzSW5OMVlpSTZiblZzYkN3aVkzVnliRkpsYzNWc2RITWlPbTUxYkd4OS5MckhwNDNMUVV5ZWoxVkoyRF9KZlZhOWtnRGdYMjk5Y1VKS2dwbi1paGtjIiwiZXhwaXJlcyI6MTUxMjc3NzY1M319.MpIRevyHjVmMEZRywhS5phjKiVJHw-IGbhy3lJyTAJQ"]
[2017-12-08 17:01:11] [DEBUG]: CORS analysis for request started. 
[2017-12-08 17:01:11] [INFO]: Request is not CORS (request origin is empty). {"request":null,"server":"[object] (Neomerx\\Cors\\Http\\ParsedUrl: ://)"}
[2017-12-08 17:01:11] [DEBUG]: CORS analysis for request completed. 
[2017-12-08 17:01:37] [DEBUG]: CORS analysis for request started. 
[2017-12-08 17:01:37] [INFO]: Request is not CORS (request origin is empty). {"request":null,"server":"[object] (Neomerx\\Cors\\Http\\ParsedUrl: ://)"}
[2017-12-08 17:01:37] [DEBUG]: CORS analysis for request completed. 
[2017-12-08 17:01:37] [DEBUG]: Using token from environment 
[2017-12-08 17:04:03] [DEBUG]: CORS analysis for request started. 
[2017-12-08 17:04:03] [INFO]: Request is not CORS (request origin is empty). {"request":null,"server":"[object] (Neomerx\\Cors\\Http\\ParsedUrl: ://)"}
[2017-12-08 17:04:03] [DEBUG]: CORS analysis for request completed. 
[2017-12-08 17:04:03] [DEBUG]: Using token from environment 
[2017-12-08 17:10:48] [DEBUG]: CORS analysis for request started. 
[2017-12-08 17:10:48] [INFO]: Request is not CORS (request origin is empty). {"request":null,"server":"[object] (Neomerx\\Cors\\Http\\ParsedUrl: ://)"}
[2017-12-08 17:10:48] [DEBUG]: CORS analysis for request completed. 
[2017-12-08 17:10:48] [DEBUG]: Using token from environment 
[2017-12-08 17:10:51] [DEBUG]: CORS analysis for request started. 
[2017-12-08 17:10:51] [INFO]: Request is not CORS (request origin is empty). {"request":null,"server":"[object] (Neomerx\\Cors\\Http\\ParsedUrl: ://)"}
[2017-12-08 17:10:51] [DEBUG]: CORS analysis for request completed. 
[2017-12-08 17:10:51] [DEBUG]: Using token from environment 
[2017-12-08 17:11:23] [DEBUG]: CORS analysis for request started. 
[2017-12-08 17:11:23] [INFO]: Request is not CORS (request origin is empty). {"request":null,"server":"[object] (Neomerx\\Cors\\Http\\ParsedUrl: ://)"}
[2017-12-08 17:11:23] [DEBUG]: CORS analysis for request completed. 
[2017-12-08 17:11:23] [DEBUG]: Using token from environment 
[2017-12-08 17:13:04] [DEBUG]: CORS analysis for request started. 
[2017-12-08 17:13:04] [INFO]: Request is not CORS (request origin is empty). {"request":null,"server":"[object] (Neomerx\\Cors\\Http\\ParsedUrl: ://)"}
[2017-12-08 17:13:04] [DEBUG]: CORS analysis for request completed. 
[2017-12-08 17:13:04] [WARNING]: Token not found 
[2017-12-08 17:14:49] [DEBUG]: CORS analysis for request started. 
[2017-12-08 17:14:49] [INFO]: Request is not CORS (request origin is empty). {"request":null,"server":"[object] (Neomerx\\Cors\\Http\\ParsedUrl: ://)"}
[2017-12-08 17:14:49] [DEBUG]: CORS analysis for request completed. 
[2017-12-08 17:14:49] [WARNING]: Token not found 
[2017-12-08 17:14:56] [DEBUG]: CORS analysis for request started. 
[2017-12-08 17:14:56] [INFO]: Request is not CORS (request origin is empty). {"request":null,"server":"[object] (Neomerx\\Cors\\Http\\ParsedUrl: ://)"}
[2017-12-08 17:14:56] [DEBUG]: CORS analysis for request completed. 
[2017-12-08 17:15:03] [DEBUG]: CORS analysis for request started. 
[2017-12-08 17:15:03] [INFO]: Request is not CORS (request origin is empty). {"request":null,"server":"[object] (Neomerx\\Cors\\Http\\ParsedUrl: ://)"}
[2017-12-08 17:15:03] [DEBUG]: CORS analysis for request completed. 
[2017-12-08 17:15:11] [DEBUG]: CORS analysis for request started. 
[2017-12-08 17:15:11] [INFO]: Request is not CORS (request origin is empty). {"request":null,"server":"[object] (Neomerx\\Cors\\Http\\ParsedUrl: ://)"}
[2017-12-08 17:15:11] [DEBUG]: CORS analysis for request completed. 
[2017-12-08 17:15:21] [DEBUG]: CORS analysis for request started. 
[2017-12-08 17:15:21] [INFO]: Request is not CORS (request origin is empty). {"request":null,"server":"[object] (Neomerx\\Cors\\Http\\ParsedUrl: ://)"}
[2017-12-08 17:15:21] [DEBUG]: CORS analysis for request completed. 
[2017-12-08 17:16:09] [DEBUG]: CORS analysis for request started. 
[2017-12-08 17:16:09] [INFO]: Request is not CORS (request origin is empty). {"request":null,"server":"[object] (Neomerx\\Cors\\Http\\ParsedUrl: ://)"}
[2017-12-08 17:16:09] [DEBUG]: CORS analysis for request completed. 
[2017-12-08 17:18:09] [DEBUG]: CORS analysis for request started. 
[2017-12-08 17:18:09] [INFO]: Request is not CORS (request origin is empty). {"request":null,"server":"[object] (Neomerx\\Cors\\Http\\ParsedUrl: ://)"}
[2017-12-08 17:18:09] [DEBUG]: CORS analysis for request completed. 
[2017-12-08 17:18:31] [DEBUG]: CORS analysis for request started. 
[2017-12-08 17:18:31] [INFO]: Request is not CORS (request origin is empty). {"request":null,"server":"[object] (Neomerx\\Cors\\Http\\ParsedUrl: ://)"}
[2017-12-08 17:18:31] [DEBUG]: CORS analysis for request completed. 
[2017-12-08 17:21:15] [DEBUG]: CORS analysis for request started. 
[2017-12-08 17:21:15] [INFO]: Request is not CORS (request origin is empty). {"request":null,"server":"[object] (Neomerx\\Cors\\Http\\ParsedUrl: ://)"}
[2017-12-08 17:21:15] [DEBUG]: CORS analysis for request completed. 
[2017-12-08 17:22:12] [DEBUG]: CORS analysis for request started. 
[2017-12-08 17:22:12] [INFO]: Request is not CORS (request origin is empty). {"request":null,"server":"[object] (Neomerx\\Cors\\Http\\ParsedUrl: ://)"}
[2017-12-08 17:22:12] [DEBUG]: CORS analysis for request completed. 
