[2017-12-04 13:38:08] [DEBUG]: CORS analysis for request started. 
[2017-12-04 13:38:08] [DEBUG]: Request is identified as an actual CORS request. 
[2017-12-04 13:38:08] [DEBUG]: CORS analysis for request completed. 
[2017-12-04 13:38:10] [DEBUG]: CORS analysis for request started. 
[2017-12-04 13:38:10] [DEBUG]: Request is identified as an actual CORS request. 
[2017-12-04 13:38:10] [DEBUG]: CORS analysis for request completed. 
[2017-12-04 13:38:15] [DEBUG]: CORS analysis for request started. 
[2017-12-04 13:38:15] [DEBUG]: Request is identified as an actual CORS request. 
[2017-12-04 13:38:15] [DEBUG]: CORS analysis for request completed. 
[2017-12-04 13:38:25] [DEBUG]: CORS analysis for request started. 
[2017-12-04 13:38:25] [DEBUG]: Request is identified as an actual CORS request. 
[2017-12-04 13:38:25] [DEBUG]: CORS analysis for request completed. 
[2017-12-04 13:42:00] [DEBUG]: CORS analysis for request started. 
[2017-12-04 13:42:00] [INFO]: Request is not CORS (request origin is empty). {"request":null,"server":"[object] (Neomerx\\Cors\\Http\\ParsedUrl: ://)"}
[2017-12-04 13:42:00] [DEBUG]: CORS analysis for request completed. 
[2017-12-04 13:42:00] [DEBUG]: Using token from environment 
[2017-12-04 13:42:42] [DEBUG]: CORS analysis for request started. 
[2017-12-04 13:42:42] [DEBUG]: Request is identified as an actual CORS request. 
[2017-12-04 13:42:42] [DEBUG]: CORS analysis for request completed. 
[2017-12-04 16:32:25] [DEBUG]: CORS analysis for request started. 
[2017-12-04 16:32:25] [INFO]: Request is not CORS (request origin is empty). {"request":null,"server":"[object] (Neomerx\\Cors\\Http\\ParsedUrl: ://)"}
[2017-12-04 16:32:25] [DEBUG]: CORS analysis for request completed. 
[2017-12-04 16:32:25] [DEBUG]: Using token from environment 
[2017-12-04 16:32:25] [WARNING]: Expired token ["eyJ0eXAiOiJKV1QiLCJhbGciOiJIUzI1NiJ9.eyJpYXQiOjE1MTIzODc1MDUsImV4cCI6MTUxMjM5MTEwNSwianRpIjoiMVdpNjhld1NJZ1pGR3pVaXNnYUZIUSIsInN1YiI6bnVsbCwic2NvcGUiOlsicHV0IiwiZ2V0IiwicG9zdCJdLCJjdXJsUmVzdWx0cyI6bnVsbCwicmVmcmVzaC10b2tlbiI6eyJ0b2tlbiI6ImV5SjBlWEFpT2lKS1YxUWlMQ0poYkdjaU9pSklVekkxTmlKOS5leUpwWVhRaU9qRTFNVEl6T0RjMU1EVXNJbVY0Y0NJNk1UVXhNalF5TXpVd05Td2lhblJwSWpvaU1WZHBOamhsZDFOSloxcEdSM3BWYVhObllVWklVU0lzSW5OMVlpSTZiblZzYkN3aVkzVnliRkpsYzNWc2RITWlPbTUxYkd4OS5wUTM1eEU5UUpOWFJNckdsZ2RLSngwcmdfblNOb25rZTQ1SE9aOUE0di1vIiwiZXhwaXJlcyI6MTUxMjQyMzUwNX19.G4Yq6uqAE_I38m3YKeWClkHD_soCVxlqOjQDQ9a7b9s"]
[2017-12-04 16:33:01] [DEBUG]: CORS analysis for request started. 
[2017-12-04 16:33:01] [DEBUG]: Request is identified as an actual CORS request. 
[2017-12-04 16:33:01] [DEBUG]: CORS analysis for request completed. 
[2017-12-04 16:33:07] [DEBUG]: CORS analysis for request started. 
[2017-12-04 16:33:07] [DEBUG]: Request is identified as an actual CORS request. 
[2017-12-04 16:33:07] [DEBUG]: CORS analysis for request completed. 
[2017-12-04 16:33:08] [DEBUG]: CORS analysis for request started. 
[2017-12-04 16:33:08] [DEBUG]: Request is identified as an actual CORS request. 
[2017-12-04 16:33:08] [DEBUG]: CORS analysis for request completed. 
[2017-12-04 16:33:28] [DEBUG]: CORS analysis for request started. 
[2017-12-04 16:33:28] [DEBUG]: Request is identified as an actual CORS request. 
[2017-12-04 16:33:28] [DEBUG]: CORS analysis for request completed. 
[2017-12-04 16:33:29] [DEBUG]: CORS analysis for request started. 
[2017-12-04 16:33:29] [DEBUG]: Request is identified as an actual CORS request. 
[2017-12-04 16:33:29] [DEBUG]: CORS analysis for request completed. 
[2017-12-04 16:33:35] [DEBUG]: CORS analysis for request started. 
[2017-12-04 16:33:35] [DEBUG]: Request is identified as an actual CORS request. 
[2017-12-04 16:33:35] [DEBUG]: CORS analysis for request completed. 
[2017-12-04 16:33:36] [DEBUG]: CORS analysis for request started. 
[2017-12-04 16:33:36] [DEBUG]: Request is identified as an actual CORS request. 
[2017-12-04 16:33:36] [DEBUG]: CORS analysis for request completed. 
[2017-12-04 16:33:36] [DEBUG]: CORS analysis for request started. 
[2017-12-04 16:33:36] [DEBUG]: Request is identified as an actual CORS request. 
[2017-12-04 16:33:36] [DEBUG]: CORS analysis for request completed. 
[2017-12-04 16:34:06] [DEBUG]: CORS analysis for request started. 
[2017-12-04 16:34:06] [DEBUG]: Request is identified as an actual CORS request. 
[2017-12-04 16:34:06] [DEBUG]: CORS analysis for request completed. 
[2017-12-04 16:34:07] [DEBUG]: CORS analysis for request started. 
[2017-12-04 16:34:07] [DEBUG]: Request is identified as an actual CORS request. 
[2017-12-04 16:34:07] [DEBUG]: CORS analysis for request completed. 
[2017-12-04 17:46:57] [DEBUG]: CORS analysis for request started. 
[2017-12-04 17:46:57] [DEBUG]: Request is identified as an actual CORS request. 
[2017-12-04 17:46:57] [DEBUG]: CORS analysis for request completed. 
