[2017-12-11 10:53:59] [DEBUG]: CORS analysis for request started. 
[2017-12-11 10:53:59] [INFO]: Request is not CORS (request origin is empty). {"request":null,"server":"[object] (Neomerx\\Cors\\Http\\ParsedUrl: ://)"}
[2017-12-11 10:53:59] [DEBUG]: CORS analysis for request completed. 
[2017-12-11 10:54:07] [DEBUG]: CORS analysis for request started. 
[2017-12-11 10:54:07] [INFO]: Request is not CORS (request origin is empty). {"request":null,"server":"[object] (Neomerx\\Cors\\Http\\ParsedUrl: ://)"}
[2017-12-11 10:54:07] [DEBUG]: CORS analysis for request completed. 
[2017-12-11 10:54:16] [DEBUG]: CORS analysis for request started. 
[2017-12-11 10:54:16] [INFO]: Request is not CORS (request origin is empty). {"request":null,"server":"[object] (Neomerx\\Cors\\Http\\ParsedUrl: ://)"}
[2017-12-11 10:54:16] [DEBUG]: CORS analysis for request completed. 
[2017-12-11 10:54:20] [DEBUG]: CORS analysis for request started. 
[2017-12-11 10:54:20] [INFO]: Request is not CORS (request origin is empty). {"request":null,"server":"[object] (Neomerx\\Cors\\Http\\ParsedUrl: ://)"}
[2017-12-11 10:54:20] [DEBUG]: CORS analysis for request completed. 
[2017-12-11 10:55:46] [DEBUG]: CORS analysis for request started. 
[2017-12-11 10:55:46] [INFO]: Request is not CORS (request origin is empty). {"request":null,"server":"[object] (Neomerx\\Cors\\Http\\ParsedUrl: ://)"}
[2017-12-11 10:55:46] [DEBUG]: CORS analysis for request completed. 
[2017-12-11 10:55:47] [DEBUG]: CORS analysis for request started. 
[2017-12-11 10:55:47] [INFO]: Request is not CORS (request origin is empty). {"request":null,"server":"[object] (Neomerx\\Cors\\Http\\ParsedUrl: ://)"}
[2017-12-11 10:55:47] [DEBUG]: CORS analysis for request completed. 
[2017-12-11 10:55:49] [DEBUG]: CORS analysis for request started. 
[2017-12-11 10:55:49] [INFO]: Request is not CORS (request origin is empty). {"request":null,"server":"[object] (Neomerx\\Cors\\Http\\ParsedUrl: ://)"}
[2017-12-11 10:55:49] [DEBUG]: CORS analysis for request completed. 
[2017-12-11 10:55:50] [DEBUG]: CORS analysis for request started. 
[2017-12-11 10:55:50] [INFO]: Request is not CORS (request origin is empty). {"request":null,"server":"[object] (Neomerx\\Cors\\Http\\ParsedUrl: ://)"}
[2017-12-11 10:55:50] [DEBUG]: CORS analysis for request completed. 
[2017-12-11 10:55:51] [DEBUG]: CORS analysis for request started. 
[2017-12-11 10:55:51] [INFO]: Request is not CORS (request origin is empty). {"request":null,"server":"[object] (Neomerx\\Cors\\Http\\ParsedUrl: ://)"}
[2017-12-11 10:55:51] [DEBUG]: CORS analysis for request completed. 
[2017-12-11 10:55:52] [DEBUG]: CORS analysis for request started. 
[2017-12-11 10:55:52] [INFO]: Request is not CORS (request origin is empty). {"request":null,"server":"[object] (Neomerx\\Cors\\Http\\ParsedUrl: ://)"}
[2017-12-11 10:55:52] [DEBUG]: CORS analysis for request completed. 
[2017-12-11 10:55:53] [DEBUG]: CORS analysis for request started. 
[2017-12-11 10:55:53] [INFO]: Request is not CORS (request origin is empty). {"request":null,"server":"[object] (Neomerx\\Cors\\Http\\ParsedUrl: ://)"}
[2017-12-11 10:55:53] [DEBUG]: CORS analysis for request completed. 
[2017-12-11 10:55:55] [DEBUG]: CORS analysis for request started. 
[2017-12-11 10:55:55] [INFO]: Request is not CORS (request origin is empty). {"request":null,"server":"[object] (Neomerx\\Cors\\Http\\ParsedUrl: ://)"}
[2017-12-11 10:55:55] [DEBUG]: CORS analysis for request completed. 
[2017-12-11 10:56:39] [DEBUG]: CORS analysis for request started. 
[2017-12-11 10:56:39] [INFO]: Request is not CORS (request origin is empty). {"request":null,"server":"[object] (Neomerx\\Cors\\Http\\ParsedUrl: ://)"}
[2017-12-11 10:56:39] [DEBUG]: CORS analysis for request completed. 
[2017-12-11 10:56:39] [WARNING]: Token not found 
[2017-12-11 10:56:59] [DEBUG]: CORS analysis for request started. 
[2017-12-11 10:56:59] [INFO]: Request is not CORS (request origin is empty). {"request":null,"server":"[object] (Neomerx\\Cors\\Http\\ParsedUrl: ://)"}
[2017-12-11 10:56:59] [DEBUG]: CORS analysis for request completed. 
[2017-12-11 10:56:59] [WARNING]: Token not found 
[2017-12-11 10:57:15] [DEBUG]: CORS analysis for request started. 
[2017-12-11 10:57:15] [INFO]: Request is not CORS (request origin is empty). {"request":null,"server":"[object] (Neomerx\\Cors\\Http\\ParsedUrl: ://)"}
[2017-12-11 10:57:15] [DEBUG]: CORS analysis for request completed. 
[2017-12-11 10:57:15] [WARNING]: Token not found 
[2017-12-11 10:57:51] [DEBUG]: CORS analysis for request started. 
[2017-12-11 10:57:51] [INFO]: Request is not CORS (request origin is empty). {"request":null,"server":"[object] (Neomerx\\Cors\\Http\\ParsedUrl: ://)"}
[2017-12-11 10:57:51] [DEBUG]: CORS analysis for request completed. 
[2017-12-11 10:57:51] [WARNING]: Token not found 
[2017-12-11 10:58:37] [DEBUG]: CORS analysis for request started. 
[2017-12-11 10:58:37] [INFO]: Request is not CORS (request origin is empty). {"request":null,"server":"[object] (Neomerx\\Cors\\Http\\ParsedUrl: ://)"}
[2017-12-11 10:58:37] [DEBUG]: CORS analysis for request completed. 
[2017-12-11 10:58:37] [WARNING]: Token not found 
[2017-12-11 10:58:43] [DEBUG]: CORS analysis for request started. 
[2017-12-11 10:58:43] [INFO]: Request is not CORS (request origin is empty). {"request":null,"server":"[object] (Neomerx\\Cors\\Http\\ParsedUrl: ://)"}
[2017-12-11 10:58:43] [DEBUG]: CORS analysis for request completed. 
[2017-12-11 10:58:43] [WARNING]: Token not found 
[2017-12-11 11:01:34] [DEBUG]: CORS analysis for request started. 
[2017-12-11 11:01:34] [INFO]: Request is not CORS (request origin is empty). {"request":null,"server":"[object] (Neomerx\\Cors\\Http\\ParsedUrl: ://)"}
[2017-12-11 11:01:34] [DEBUG]: CORS analysis for request completed. 
[2017-12-11 11:01:34] [DEBUG]: Using token from environment 
[2017-12-11 11:02:44] [DEBUG]: CORS analysis for request started. 
[2017-12-11 11:02:44] [INFO]: Request is not CORS (request origin is empty). {"request":null,"server":"[object] (Neomerx\\Cors\\Http\\ParsedUrl: ://)"}
[2017-12-11 11:02:44] [DEBUG]: CORS analysis for request completed. 
[2017-12-11 11:02:44] [WARNING]: Token not found 
[2017-12-11 11:03:58] [DEBUG]: CORS analysis for request started. 
[2017-12-11 11:03:58] [INFO]: Request is not CORS (request origin is empty). {"request":null,"server":"[object] (Neomerx\\Cors\\Http\\ParsedUrl: ://)"}
[2017-12-11 11:03:58] [DEBUG]: CORS analysis for request completed. 
[2017-12-11 11:03:58] [DEBUG]: Using token from environment 
[2017-12-11 11:05:17] [DEBUG]: CORS analysis for request started. 
[2017-12-11 11:05:17] [INFO]: Request is not CORS (request origin is empty). {"request":null,"server":"[object] (Neomerx\\Cors\\Http\\ParsedUrl: ://)"}
[2017-12-11 11:05:17] [DEBUG]: CORS analysis for request completed. 
[2017-12-11 11:05:17] [DEBUG]: Using token from environment 
[2017-12-11 11:05:19] [DEBUG]: CORS analysis for request started. 
[2017-12-11 11:05:19] [INFO]: Request is not CORS (request origin is empty). {"request":null,"server":"[object] (Neomerx\\Cors\\Http\\ParsedUrl: ://)"}
[2017-12-11 11:05:19] [DEBUG]: CORS analysis for request completed. 
[2017-12-11 11:05:19] [DEBUG]: Using token from environment 
[2017-12-11 11:05:20] [DEBUG]: CORS analysis for request started. 
[2017-12-11 11:05:20] [INFO]: Request is not CORS (request origin is empty). {"request":null,"server":"[object] (Neomerx\\Cors\\Http\\ParsedUrl: ://)"}
[2017-12-11 11:05:20] [DEBUG]: CORS analysis for request completed. 
[2017-12-11 11:05:20] [DEBUG]: Using token from environment 
[2017-12-11 11:05:35] [DEBUG]: CORS analysis for request started. 
[2017-12-11 11:05:35] [INFO]: Request is not CORS (request origin is empty). {"request":null,"server":"[object] (Neomerx\\Cors\\Http\\ParsedUrl: ://)"}
[2017-12-11 11:05:35] [DEBUG]: CORS analysis for request completed. 
[2017-12-11 11:05:35] [DEBUG]: Using token from environment 
[2017-12-11 11:05:36] [DEBUG]: CORS analysis for request started. 
[2017-12-11 11:05:36] [INFO]: Request is not CORS (request origin is empty). {"request":null,"server":"[object] (Neomerx\\Cors\\Http\\ParsedUrl: ://)"}
[2017-12-11 11:05:36] [DEBUG]: CORS analysis for request completed. 
[2017-12-11 11:05:36] [DEBUG]: Using token from environment 
[2017-12-11 11:05:36] [DEBUG]: CORS analysis for request started. 
[2017-12-11 11:05:36] [INFO]: Request is not CORS (request origin is empty). {"request":null,"server":"[object] (Neomerx\\Cors\\Http\\ParsedUrl: ://)"}
[2017-12-11 11:05:36] [DEBUG]: CORS analysis for request completed. 
[2017-12-11 11:05:36] [DEBUG]: Using token from environment 
[2017-12-11 11:05:37] [DEBUG]: CORS analysis for request started. 
[2017-12-11 11:05:37] [INFO]: Request is not CORS (request origin is empty). {"request":null,"server":"[object] (Neomerx\\Cors\\Http\\ParsedUrl: ://)"}
[2017-12-11 11:05:37] [DEBUG]: CORS analysis for request completed. 
[2017-12-11 11:05:37] [DEBUG]: Using token from environment 
[2017-12-11 11:05:37] [DEBUG]: CORS analysis for request started. 
[2017-12-11 11:05:37] [INFO]: Request is not CORS (request origin is empty). {"request":null,"server":"[object] (Neomerx\\Cors\\Http\\ParsedUrl: ://)"}
[2017-12-11 11:05:37] [DEBUG]: CORS analysis for request completed. 
[2017-12-11 11:05:37] [DEBUG]: Using token from environment 
[2017-12-11 11:05:38] [DEBUG]: CORS analysis for request started. 
[2017-12-11 11:05:38] [INFO]: Request is not CORS (request origin is empty). {"request":null,"server":"[object] (Neomerx\\Cors\\Http\\ParsedUrl: ://)"}
[2017-12-11 11:05:38] [DEBUG]: CORS analysis for request completed. 
[2017-12-11 11:05:38] [DEBUG]: Using token from environment 
[2017-12-11 11:30:45] [DEBUG]: CORS analysis for request started. 
[2017-12-11 11:30:45] [INFO]: Request is not CORS (request origin is empty). {"request":null,"server":"[object] (Neomerx\\Cors\\Http\\ParsedUrl: ://)"}
[2017-12-11 11:30:45] [DEBUG]: CORS analysis for request completed. 
[2017-12-11 11:30:45] [DEBUG]: Using token from environment 
[2017-12-11 11:31:05] [DEBUG]: CORS analysis for request started. 
[2017-12-11 11:31:05] [INFO]: Request is not CORS (request origin is empty). {"request":null,"server":"[object] (Neomerx\\Cors\\Http\\ParsedUrl: ://)"}
[2017-12-11 11:31:05] [DEBUG]: CORS analysis for request completed. 
[2017-12-11 11:31:05] [DEBUG]: Using token from environment 
[2017-12-11 11:42:31] [DEBUG]: CORS analysis for request started. 
[2017-12-11 11:42:31] [INFO]: Request is not CORS (request origin is empty). {"request":null,"server":"[object] (Neomerx\\Cors\\Http\\ParsedUrl: ://)"}
[2017-12-11 11:42:31] [DEBUG]: CORS analysis for request completed. 
[2017-12-11 11:42:31] [DEBUG]: Using token from environment 
[2017-12-11 11:42:52] [DEBUG]: CORS analysis for request started. 
[2017-12-11 11:42:52] [INFO]: Request is not CORS (request origin is empty). {"request":null,"server":"[object] (Neomerx\\Cors\\Http\\ParsedUrl: ://)"}
[2017-12-11 11:42:52] [DEBUG]: CORS analysis for request completed. 
[2017-12-11 11:42:52] [DEBUG]: Using token from environment 
[2017-12-11 11:43:14] [DEBUG]: CORS analysis for request started. 
[2017-12-11 11:43:14] [INFO]: Request is not CORS (request origin is empty). {"request":null,"server":"[object] (Neomerx\\Cors\\Http\\ParsedUrl: ://)"}
[2017-12-11 11:43:14] [DEBUG]: CORS analysis for request completed. 
[2017-12-11 11:43:14] [DEBUG]: Using token from environment 
[2017-12-11 11:43:30] [DEBUG]: CORS analysis for request started. 
[2017-12-11 11:43:30] [INFO]: Request is not CORS (request origin is empty). {"request":null,"server":"[object] (Neomerx\\Cors\\Http\\ParsedUrl: ://)"}
[2017-12-11 11:43:30] [DEBUG]: CORS analysis for request completed. 
[2017-12-11 11:43:30] [DEBUG]: Using token from environment 
[2017-12-11 11:44:28] [DEBUG]: CORS analysis for request started. 
[2017-12-11 11:44:28] [INFO]: Request is not CORS (request origin is empty). {"request":null,"server":"[object] (Neomerx\\Cors\\Http\\ParsedUrl: ://)"}
[2017-12-11 11:44:28] [DEBUG]: CORS analysis for request completed. 
[2017-12-11 11:44:28] [DEBUG]: Using token from environment 
[2017-12-11 11:45:21] [DEBUG]: CORS analysis for request started. 
[2017-12-11 11:45:21] [INFO]: Request is not CORS (request origin is empty). {"request":null,"server":"[object] (Neomerx\\Cors\\Http\\ParsedUrl: ://)"}
[2017-12-11 11:45:21] [DEBUG]: CORS analysis for request completed. 
[2017-12-11 11:45:21] [DEBUG]: Using token from environment 
[2017-12-11 11:45:23] [DEBUG]: CORS analysis for request started. 
[2017-12-11 11:45:23] [INFO]: Request is not CORS (request origin is empty). {"request":null,"server":"[object] (Neomerx\\Cors\\Http\\ParsedUrl: ://)"}
[2017-12-11 11:45:23] [DEBUG]: CORS analysis for request completed. 
[2017-12-11 11:45:23] [DEBUG]: Using token from environment 
[2017-12-11 11:45:24] [DEBUG]: CORS analysis for request started. 
[2017-12-11 11:45:24] [INFO]: Request is not CORS (request origin is empty). {"request":null,"server":"[object] (Neomerx\\Cors\\Http\\ParsedUrl: ://)"}
[2017-12-11 11:45:24] [DEBUG]: CORS analysis for request completed. 
[2017-12-11 11:45:24] [DEBUG]: Using token from environment 
[2017-12-11 11:45:55] [DEBUG]: CORS analysis for request started. 
[2017-12-11 11:45:55] [INFO]: Request is not CORS (request origin is empty). {"request":null,"server":"[object] (Neomerx\\Cors\\Http\\ParsedUrl: ://)"}
[2017-12-11 11:45:55] [DEBUG]: CORS analysis for request completed. 
[2017-12-11 11:45:55] [DEBUG]: Using token from environment 
[2017-12-11 11:45:56] [DEBUG]: CORS analysis for request started. 
[2017-12-11 11:45:56] [INFO]: Request is not CORS (request origin is empty). {"request":null,"server":"[object] (Neomerx\\Cors\\Http\\ParsedUrl: ://)"}
[2017-12-11 11:45:56] [DEBUG]: CORS analysis for request completed. 
[2017-12-11 11:45:56] [DEBUG]: Using token from environment 
[2017-12-11 11:46:09] [DEBUG]: CORS analysis for request started. 
[2017-12-11 11:46:09] [INFO]: Request is not CORS (request origin is empty). {"request":null,"server":"[object] (Neomerx\\Cors\\Http\\ParsedUrl: ://)"}
[2017-12-11 11:46:09] [DEBUG]: CORS analysis for request completed. 
[2017-12-11 11:46:09] [DEBUG]: Using token from environment 
[2017-12-11 11:47:53] [DEBUG]: CORS analysis for request started. 
[2017-12-11 11:47:53] [INFO]: Request is not CORS (request origin is empty). {"request":null,"server":"[object] (Neomerx\\Cors\\Http\\ParsedUrl: ://)"}
[2017-12-11 11:47:53] [DEBUG]: CORS analysis for request completed. 
[2017-12-11 11:47:53] [WARNING]: Token not found 
[2017-12-11 11:48:34] [DEBUG]: CORS analysis for request started. 
[2017-12-11 11:48:34] [INFO]: Request is not CORS (request origin is empty). {"request":null,"server":"[object] (Neomerx\\Cors\\Http\\ParsedUrl: ://)"}
[2017-12-11 11:48:34] [DEBUG]: CORS analysis for request completed. 
[2017-12-11 11:48:34] [DEBUG]: Using token from environment 
[2017-12-11 11:50:20] [DEBUG]: CORS analysis for request started. 
[2017-12-11 11:50:20] [INFO]: Request is not CORS (request origin is empty). {"request":null,"server":"[object] (Neomerx\\Cors\\Http\\ParsedUrl: ://)"}
[2017-12-11 11:50:20] [DEBUG]: CORS analysis for request completed. 
[2017-12-11 11:50:25] [DEBUG]: CORS analysis for request started. 
[2017-12-11 11:50:25] [INFO]: Request is not CORS (request origin is empty). {"request":null,"server":"[object] (Neomerx\\Cors\\Http\\ParsedUrl: ://)"}
[2017-12-11 11:50:25] [DEBUG]: CORS analysis for request completed. 
[2017-12-11 11:52:00] [DEBUG]: CORS analysis for request started. 
[2017-12-11 11:52:00] [INFO]: Request is not CORS (request origin is empty). {"request":null,"server":"[object] (Neomerx\\Cors\\Http\\ParsedUrl: ://)"}
[2017-12-11 11:52:00] [DEBUG]: CORS analysis for request completed. 
[2017-12-11 11:52:00] [DEBUG]: Using token from environment 
[2017-12-11 11:52:38] [DEBUG]: CORS analysis for request started. 
[2017-12-11 11:52:38] [INFO]: Request is not CORS (request origin is empty). {"request":null,"server":"[object] (Neomerx\\Cors\\Http\\ParsedUrl: ://)"}
[2017-12-11 11:52:38] [DEBUG]: CORS analysis for request completed. 
[2017-12-11 11:52:38] [DEBUG]: Using token from environment 
[2017-12-11 12:00:19] [DEBUG]: CORS analysis for request started. 
[2017-12-11 12:00:19] [INFO]: Request is not CORS (request origin is empty). {"request":null,"server":"[object] (Neomerx\\Cors\\Http\\ParsedUrl: ://)"}
[2017-12-11 12:00:19] [DEBUG]: CORS analysis for request completed. 
[2017-12-11 12:00:19] [DEBUG]: Using token from environment 
[2017-12-11 12:00:38] [DEBUG]: CORS analysis for request started. 
[2017-12-11 12:00:38] [INFO]: Request is not CORS (request origin is empty). {"request":null,"server":"[object] (Neomerx\\Cors\\Http\\ParsedUrl: ://)"}
[2017-12-11 12:00:38] [DEBUG]: CORS analysis for request completed. 
[2017-12-11 12:00:38] [DEBUG]: Using token from environment 
[2017-12-11 12:04:53] [DEBUG]: CORS analysis for request started. 
[2017-12-11 12:04:53] [INFO]: Request is not CORS (request origin is empty). {"request":null,"server":"[object] (Neomerx\\Cors\\Http\\ParsedUrl: ://)"}
[2017-12-11 12:04:53] [DEBUG]: CORS analysis for request completed. 
[2017-12-11 12:04:53] [DEBUG]: Using token from environment 
[2017-12-11 12:04:53] [WARNING]: Expired token ["eyJ0eXAiOiJKV1QiLCJhbGciOiJIUzI1NiJ9.eyJpYXQiOjE1MTI5ODI1NTUsImV4cCI6MTUxMjk4NjE1NSwianRpIjoiMVliWW0ydkZOcDVKTnRGNHBkanBZNiIsInN1YiI6bnVsbCwic2NvcGUiOlsicHV0IiwiZ2V0IiwicG9zdCJdLCJjdXJsUmVzdWx0cyI6bnVsbCwicmVmcmVzaC10b2tlbiI6eyJ0b2tlbiI6ImV5SjBlWEFpT2lKS1YxUWlMQ0poYkdjaU9pSklVekkxTmlKOS5leUpwWVhRaU9qRTFNVEk1T0RJMU5UVXNJbVY0Y0NJNk1UVXhNekF4T0RVMU5Td2lhblJwSWpvaU1WbGlXVzB5ZGtaT2NEVktUblJHTkhCa2FuQlpOaUlzSW5OMVlpSTZiblZzYkN3aVkzVnliRkpsYzNWc2RITWlPbTUxYkd4OS5jRnRWa2h6cDFEUHVHU1NLSThXaFNVUkloTl8yeVc4M2MxSXJoczNNOEVVIiwiZXhwaXJlcyI6MTUxMzAxODU1NX19.R-3hKhopbPafSQvnqqdKgIouTz8H8AobsjNj4Sj507U"]
[2017-12-11 12:05:50] [DEBUG]: CORS analysis for request started. 
[2017-12-11 12:05:50] [INFO]: Request is not CORS (request origin is empty). {"request":null,"server":"[object] (Neomerx\\Cors\\Http\\ParsedUrl: ://)"}
[2017-12-11 12:05:50] [DEBUG]: CORS analysis for request completed. 
[2017-12-11 12:07:17] [DEBUG]: CORS analysis for request started. 
[2017-12-11 12:07:17] [INFO]: Request is not CORS (request origin is empty). {"request":null,"server":"[object] (Neomerx\\Cors\\Http\\ParsedUrl: ://)"}
[2017-12-11 12:07:17] [DEBUG]: CORS analysis for request completed. 
[2017-12-11 12:07:17] [DEBUG]: Using token from environment 
[2017-12-11 12:50:42] [DEBUG]: CORS analysis for request started. 
[2017-12-11 12:50:42] [INFO]: Request is not CORS (request origin is empty). {"request":null,"server":"[object] (Neomerx\\Cors\\Http\\ParsedUrl: ://)"}
[2017-12-11 12:50:42] [DEBUG]: CORS analysis for request completed. 
[2017-12-11 12:50:42] [DEBUG]: Using token from environment 
[2017-12-11 12:50:42] [WARNING]: Expired token ["eyJ0eXAiOiJKV1QiLCJhbGciOiJIUzI1NiJ9.eyJpYXQiOjE1MTI5ODU4MjUsImV4cCI6MTUxMjk4OTQyNSwianRpIjoiMVlla1laNUhhNm0xSEVhaXRvUjh5YiIsInN1YiI6bnVsbCwic2NvcGUiOlsicHV0IiwiZ2V0IiwicG9zdCJdLCJjdXJsUmVzdWx0cyI6bnVsbCwicmVmcmVzaC10b2tlbiI6eyJ0b2tlbiI6ImV5SjBlWEFpT2lKS1YxUWlMQ0poYkdjaU9pSklVekkxTmlKOS5leUpwWVhRaU9qRTFNVEk1T0RVNE1qVXNJbVY0Y0NJNk1UVXhNekF5TVRneU5Td2lhblJwSWpvaU1WbGxhMWxhTlVoaE5tMHhTRVZoYVhSdlVqaDVZaUlzSW5OMVlpSTZiblZzYkN3aVkzVnliRkpsYzNWc2RITWlPbTUxYkd4OS54MWZ5ZXdCNzFDQUpOSWt1bG4wQkg4UEdnQURtbVM0NktKN0hjWDNRNTRFIiwiZXhwaXJlcyI6MTUxMzAyMTgyNX19.hgcV7t8YZVoAeBeHUAn6ter6SlOpzQo5fdXvjtKfVXQ"]
[2017-12-11 13:36:13] [DEBUG]: CORS analysis for request started. 
[2017-12-11 13:36:13] [INFO]: Request is not CORS (request origin is empty). {"request":null,"server":"[object] (Neomerx\\Cors\\Http\\ParsedUrl: ://)"}
[2017-12-11 13:36:13] [DEBUG]: CORS analysis for request completed. 
[2017-12-11 13:36:42] [DEBUG]: CORS analysis for request started. 
[2017-12-11 13:36:42] [INFO]: Request is not CORS (request origin is empty). {"request":null,"server":"[object] (Neomerx\\Cors\\Http\\ParsedUrl: ://)"}
[2017-12-11 13:36:42] [DEBUG]: CORS analysis for request completed. 
[2017-12-11 13:36:42] [DEBUG]: Using token from environment 
[2017-12-11 13:37:21] [DEBUG]: CORS analysis for request started. 
[2017-12-11 13:37:21] [INFO]: Request is not CORS (request origin is empty). {"request":null,"server":"[object] (Neomerx\\Cors\\Http\\ParsedUrl: ://)"}
[2017-12-11 13:37:21] [DEBUG]: CORS analysis for request completed. 
[2017-12-11 13:37:21] [DEBUG]: Using token from environment 
[2017-12-11 13:39:10] [DEBUG]: CORS analysis for request started. 
[2017-12-11 13:39:10] [INFO]: Request is not CORS (request origin is empty). {"request":null,"server":"[object] (Neomerx\\Cors\\Http\\ParsedUrl: ://)"}
[2017-12-11 13:39:10] [DEBUG]: CORS analysis for request completed. 
[2017-12-11 13:39:10] [DEBUG]: Using token from environment 
[2017-12-11 13:40:42] [DEBUG]: CORS analysis for request started. 
[2017-12-11 13:40:42] [INFO]: Request is not CORS (request origin is empty). {"request":null,"server":"[object] (Neomerx\\Cors\\Http\\ParsedUrl: ://)"}
[2017-12-11 13:40:42] [DEBUG]: CORS analysis for request completed. 
[2017-12-11 13:40:42] [DEBUG]: Using token from environment 
[2017-12-11 13:47:12] [DEBUG]: CORS analysis for request started. 
[2017-12-11 13:47:12] [INFO]: Request is not CORS (request origin is empty). {"request":null,"server":"[object] (Neomerx\\Cors\\Http\\ParsedUrl: ://)"}
[2017-12-11 13:47:12] [DEBUG]: CORS analysis for request completed. 
[2017-12-11 13:47:12] [DEBUG]: Using token from environment 
[2017-12-11 13:50:19] [DEBUG]: CORS analysis for request started. 
[2017-12-11 13:50:19] [INFO]: Request is not CORS (request origin is empty). {"request":null,"server":"[object] (Neomerx\\Cors\\Http\\ParsedUrl: ://)"}
[2017-12-11 13:50:19] [DEBUG]: CORS analysis for request completed. 
[2017-12-11 13:50:19] [DEBUG]: Using token from environment 
[2017-12-11 13:51:15] [DEBUG]: CORS analysis for request started. 
[2017-12-11 13:51:15] [INFO]: Request is not CORS (request origin is empty). {"request":null,"server":"[object] (Neomerx\\Cors\\Http\\ParsedUrl: ://)"}
[2017-12-11 13:51:15] [DEBUG]: CORS analysis for request completed. 
[2017-12-11 13:51:15] [DEBUG]: Using token from environment 
[2017-12-11 13:53:50] [DEBUG]: CORS analysis for request started. 
[2017-12-11 13:53:50] [INFO]: Request is not CORS (request origin is empty). {"request":null,"server":"[object] (Neomerx\\Cors\\Http\\ParsedUrl: ://)"}
[2017-12-11 13:53:50] [DEBUG]: CORS analysis for request completed. 
[2017-12-11 13:53:50] [DEBUG]: Using token from environment 
[2017-12-11 13:54:28] [DEBUG]: CORS analysis for request started. 
[2017-12-11 13:54:28] [INFO]: Request is not CORS (request origin is empty). {"request":null,"server":"[object] (Neomerx\\Cors\\Http\\ParsedUrl: ://)"}
[2017-12-11 13:54:28] [DEBUG]: CORS analysis for request completed. 
[2017-12-11 13:54:28] [DEBUG]: Using token from environment 
[2017-12-11 13:55:23] [DEBUG]: CORS analysis for request started. 
[2017-12-11 13:55:23] [INFO]: Request is not CORS (request origin is empty). {"request":null,"server":"[object] (Neomerx\\Cors\\Http\\ParsedUrl: ://)"}
[2017-12-11 13:55:23] [DEBUG]: CORS analysis for request completed. 
[2017-12-11 13:55:23] [DEBUG]: Using token from environment 
[2017-12-11 13:59:26] [DEBUG]: CORS analysis for request started. 
[2017-12-11 13:59:26] [INFO]: Request is not CORS (request origin is empty). {"request":null,"server":"[object] (Neomerx\\Cors\\Http\\ParsedUrl: ://)"}
[2017-12-11 13:59:26] [DEBUG]: CORS analysis for request completed. 
[2017-12-11 13:59:26] [DEBUG]: Using token from environment 
[2017-12-11 14:01:30] [DEBUG]: CORS analysis for request started. 
[2017-12-11 14:01:30] [INFO]: Request is not CORS (request origin is empty). {"request":null,"server":"[object] (Neomerx\\Cors\\Http\\ParsedUrl: ://)"}
[2017-12-11 14:01:30] [DEBUG]: CORS analysis for request completed. 
[2017-12-11 14:01:30] [DEBUG]: Using token from environment 
[2017-12-11 14:02:12] [DEBUG]: CORS analysis for request started. 
[2017-12-11 14:02:12] [INFO]: Request is not CORS (request origin is empty). {"request":null,"server":"[object] (Neomerx\\Cors\\Http\\ParsedUrl: ://)"}
[2017-12-11 14:02:12] [DEBUG]: CORS analysis for request completed. 
[2017-12-11 14:02:12] [DEBUG]: Using token from environment 
[2017-12-11 14:02:13] [DEBUG]: CORS analysis for request started. 
[2017-12-11 14:02:13] [INFO]: Request is not CORS (request origin is empty). {"request":null,"server":"[object] (Neomerx\\Cors\\Http\\ParsedUrl: ://)"}
[2017-12-11 14:02:13] [DEBUG]: CORS analysis for request completed. 
[2017-12-11 14:02:13] [DEBUG]: Using token from environment 
[2017-12-11 14:02:24] [DEBUG]: CORS analysis for request started. 
[2017-12-11 14:02:24] [INFO]: Request is not CORS (request origin is empty). {"request":null,"server":"[object] (Neomerx\\Cors\\Http\\ParsedUrl: ://)"}
[2017-12-11 14:02:24] [DEBUG]: CORS analysis for request completed. 
[2017-12-11 14:02:24] [DEBUG]: Using token from environment 
[2017-12-11 14:04:41] [DEBUG]: CORS analysis for request started. 
[2017-12-11 14:04:41] [INFO]: Request is not CORS (request origin is empty). {"request":null,"server":"[object] (Neomerx\\Cors\\Http\\ParsedUrl: ://)"}
[2017-12-11 14:04:41] [DEBUG]: CORS analysis for request completed. 
[2017-12-11 14:04:41] [DEBUG]: Using token from environment 
[2017-12-11 14:04:51] [DEBUG]: CORS analysis for request started. 
[2017-12-11 14:04:51] [INFO]: Request is not CORS (request origin is empty). {"request":null,"server":"[object] (Neomerx\\Cors\\Http\\ParsedUrl: ://)"}
[2017-12-11 14:04:51] [DEBUG]: CORS analysis for request completed. 
[2017-12-11 14:04:51] [DEBUG]: Using token from environment 
[2017-12-11 14:05:04] [DEBUG]: CORS analysis for request started. 
[2017-12-11 14:05:04] [INFO]: Request is not CORS (request origin is empty). {"request":null,"server":"[object] (Neomerx\\Cors\\Http\\ParsedUrl: ://)"}
[2017-12-11 14:05:04] [DEBUG]: CORS analysis for request completed. 
[2017-12-11 14:05:04] [DEBUG]: Using token from environment 
[2017-12-11 14:05:06] [DEBUG]: CORS analysis for request started. 
[2017-12-11 14:05:06] [INFO]: Request is not CORS (request origin is empty). {"request":null,"server":"[object] (Neomerx\\Cors\\Http\\ParsedUrl: ://)"}
[2017-12-11 14:05:06] [DEBUG]: CORS analysis for request completed. 
[2017-12-11 14:05:06] [DEBUG]: Using token from environment 
[2017-12-11 14:05:17] [DEBUG]: CORS analysis for request started. 
[2017-12-11 14:05:17] [INFO]: Request is not CORS (request origin is empty). {"request":null,"server":"[object] (Neomerx\\Cors\\Http\\ParsedUrl: ://)"}
[2017-12-11 14:05:17] [DEBUG]: CORS analysis for request completed. 
[2017-12-11 14:05:17] [DEBUG]: Using token from environment 
[2017-12-11 14:05:44] [DEBUG]: CORS analysis for request started. 
[2017-12-11 14:05:44] [INFO]: Request is not CORS (request origin is empty). {"request":null,"server":"[object] (Neomerx\\Cors\\Http\\ParsedUrl: ://)"}
[2017-12-11 14:05:44] [DEBUG]: CORS analysis for request completed. 
[2017-12-11 14:05:44] [DEBUG]: Using token from environment 
[2017-12-11 16:19:29] [DEBUG]: CORS analysis for request started. 
[2017-12-11 16:19:29] [INFO]: Request is not CORS (request origin is empty). {"request":null,"server":"[object] (Neomerx\\Cors\\Http\\ParsedUrl: ://)"}
[2017-12-11 16:19:29] [DEBUG]: CORS analysis for request completed. 
[2017-12-11 16:31:30] [DEBUG]: CORS analysis for request started. 
[2017-12-11 16:31:30] [INFO]: Request is not CORS (request origin is empty). {"request":null,"server":"[object] (Neomerx\\Cors\\Http\\ParsedUrl: ://)"}
[2017-12-11 16:31:30] [DEBUG]: CORS analysis for request completed. 
[2017-12-11 16:31:30] [DEBUG]: Using token from environment 
[2017-12-11 16:33:53] [DEBUG]: CORS analysis for request started. 
[2017-12-11 16:33:53] [INFO]: Request is not CORS (request origin is empty). {"request":null,"server":"[object] (Neomerx\\Cors\\Http\\ParsedUrl: ://)"}
[2017-12-11 16:33:53] [DEBUG]: CORS analysis for request completed. 
[2017-12-11 16:33:53] [DEBUG]: Using token from environment 
[2017-12-11 16:34:16] [DEBUG]: CORS analysis for request started. 
[2017-12-11 16:34:16] [INFO]: Request is not CORS (request origin is empty). {"request":null,"server":"[object] (Neomerx\\Cors\\Http\\ParsedUrl: ://)"}
[2017-12-11 16:34:16] [DEBUG]: CORS analysis for request completed. 
[2017-12-11 16:34:16] [DEBUG]: Using token from environment 
[2017-12-11 16:34:41] [DEBUG]: CORS analysis for request started. 
[2017-12-11 16:34:41] [INFO]: Request is not CORS (request origin is empty). {"request":null,"server":"[object] (Neomerx\\Cors\\Http\\ParsedUrl: ://)"}
[2017-12-11 16:34:41] [DEBUG]: CORS analysis for request completed. 
[2017-12-11 16:34:41] [DEBUG]: Using token from environment 
[2017-12-11 16:35:53] [DEBUG]: CORS analysis for request started. 
[2017-12-11 16:35:53] [INFO]: Request is not CORS (request origin is empty). {"request":null,"server":"[object] (Neomerx\\Cors\\Http\\ParsedUrl: ://)"}
[2017-12-11 16:35:53] [DEBUG]: CORS analysis for request completed. 
[2017-12-11 16:35:53] [DEBUG]: Using token from environment 
[2017-12-11 16:36:13] [DEBUG]: CORS analysis for request started. 
[2017-12-11 16:36:13] [INFO]: Request is not CORS (request origin is empty). {"request":null,"server":"[object] (Neomerx\\Cors\\Http\\ParsedUrl: ://)"}
[2017-12-11 16:36:13] [DEBUG]: CORS analysis for request completed. 
[2017-12-11 16:36:13] [DEBUG]: Using token from environment 
[2017-12-11 16:36:47] [DEBUG]: CORS analysis for request started. 
[2017-12-11 16:36:47] [INFO]: Request is not CORS (request origin is empty). {"request":null,"server":"[object] (Neomerx\\Cors\\Http\\ParsedUrl: ://)"}
[2017-12-11 16:36:47] [DEBUG]: CORS analysis for request completed. 
[2017-12-11 16:36:47] [DEBUG]: Using token from environment 
[2017-12-11 16:37:25] [DEBUG]: CORS analysis for request started. 
[2017-12-11 16:37:25] [INFO]: Request is not CORS (request origin is empty). {"request":null,"server":"[object] (Neomerx\\Cors\\Http\\ParsedUrl: ://)"}
[2017-12-11 16:37:25] [DEBUG]: CORS analysis for request completed. 
[2017-12-11 16:37:25] [DEBUG]: Using token from environment 
[2017-12-11 16:37:42] [DEBUG]: CORS analysis for request started. 
[2017-12-11 16:37:42] [INFO]: Request is not CORS (request origin is empty). {"request":null,"server":"[object] (Neomerx\\Cors\\Http\\ParsedUrl: ://)"}
[2017-12-11 16:37:42] [DEBUG]: CORS analysis for request completed. 
[2017-12-11 16:37:42] [DEBUG]: Using token from environment 
[2017-12-11 16:37:52] [DEBUG]: CORS analysis for request started. 
[2017-12-11 16:37:52] [INFO]: Request is not CORS (request origin is empty). {"request":null,"server":"[object] (Neomerx\\Cors\\Http\\ParsedUrl: ://)"}
[2017-12-11 16:37:52] [DEBUG]: CORS analysis for request completed. 
[2017-12-11 16:37:52] [DEBUG]: Using token from environment 
[2017-12-11 17:01:51] [DEBUG]: CORS analysis for request started. 
[2017-12-11 17:01:51] [INFO]: Request is not CORS (request origin is empty). {"request":null,"server":"[object] (Neomerx\\Cors\\Http\\ParsedUrl: ://)"}
[2017-12-11 17:01:51] [DEBUG]: CORS analysis for request completed. 
[2017-12-11 17:01:51] [DEBUG]: Using token from environment 
[2017-12-11 17:03:00] [DEBUG]: CORS analysis for request started. 
[2017-12-11 17:03:00] [INFO]: Request is not CORS (request origin is empty). {"request":null,"server":"[object] (Neomerx\\Cors\\Http\\ParsedUrl: ://)"}
[2017-12-11 17:03:00] [DEBUG]: CORS analysis for request completed. 
[2017-12-11 17:03:00] [DEBUG]: Using token from environment 
[2017-12-11 17:03:16] [DEBUG]: CORS analysis for request started. 
[2017-12-11 17:03:16] [INFO]: Request is not CORS (request origin is empty). {"request":null,"server":"[object] (Neomerx\\Cors\\Http\\ParsedUrl: ://)"}
[2017-12-11 17:03:16] [DEBUG]: CORS analysis for request completed. 
[2017-12-11 17:03:16] [DEBUG]: Using token from environment 
[2017-12-11 17:05:01] [DEBUG]: CORS analysis for request started. 
[2017-12-11 17:05:01] [INFO]: Request is not CORS (request origin is empty). {"request":null,"server":"[object] (Neomerx\\Cors\\Http\\ParsedUrl: ://)"}
[2017-12-11 17:05:01] [DEBUG]: CORS analysis for request completed. 
[2017-12-11 17:05:01] [DEBUG]: Using token from environment 
[2017-12-11 17:05:38] [DEBUG]: CORS analysis for request started. 
[2017-12-11 17:05:38] [INFO]: Request is not CORS (request origin is empty). {"request":null,"server":"[object] (Neomerx\\Cors\\Http\\ParsedUrl: ://)"}
[2017-12-11 17:05:38] [DEBUG]: CORS analysis for request completed. 
[2017-12-11 17:05:38] [DEBUG]: Using token from environment 
[2017-12-11 17:05:59] [DEBUG]: CORS analysis for request started. 
[2017-12-11 17:05:59] [INFO]: Request is not CORS (request origin is empty). {"request":null,"server":"[object] (Neomerx\\Cors\\Http\\ParsedUrl: ://)"}
[2017-12-11 17:05:59] [DEBUG]: CORS analysis for request completed. 
[2017-12-11 17:05:59] [DEBUG]: Using token from environment 
[2017-12-11 17:06:34] [DEBUG]: CORS analysis for request started. 
[2017-12-11 17:06:34] [INFO]: Request is not CORS (request origin is empty). {"request":null,"server":"[object] (Neomerx\\Cors\\Http\\ParsedUrl: ://)"}
[2017-12-11 17:06:34] [DEBUG]: CORS analysis for request completed. 
[2017-12-11 17:06:34] [DEBUG]: Using token from environment 
[2017-12-11 17:07:21] [DEBUG]: CORS analysis for request started. 
[2017-12-11 17:07:21] [INFO]: Request is not CORS (request origin is empty). {"request":null,"server":"[object] (Neomerx\\Cors\\Http\\ParsedUrl: ://)"}
[2017-12-11 17:07:21] [DEBUG]: CORS analysis for request completed. 
[2017-12-11 17:07:21] [DEBUG]: Using token from environment 
