[2018-02-15 10:20:11] [DEBUG]: CORS analysis for request started. 
[2018-02-15 10:20:11] [DEBUG]: Request is identified as an actual CORS request. 
[2018-02-15 10:20:11] [DEBUG]: CORS analysis for request completed. 
[2018-02-15 10:20:13] [DEBUG]: CORS analysis for request started. 
[2018-02-15 10:20:13] [INFO]: Request is not CORS (request origin is empty). {"request":null,"server":"[object] (Neomerx\\Cors\\Http\\ParsedUrl: ://)"}
[2018-02-15 10:20:13] [DEBUG]: CORS analysis for request completed. 
[2018-02-15 10:20:21] [DEBUG]: CORS analysis for request started. 
[2018-02-15 10:20:21] [INFO]: Request is not CORS (request origin is empty). {"request":null,"server":"[object] (Neomerx\\Cors\\Http\\ParsedUrl: ://)"}
[2018-02-15 10:20:21] [DEBUG]: CORS analysis for request completed. 
[2018-02-15 10:20:21] [DEBUG]: CORS analysis for request started. 
[2018-02-15 10:20:21] [INFO]: Request is not CORS (request origin is empty). {"request":null,"server":"[object] (Neomerx\\Cors\\Http\\ParsedUrl: ://)"}
[2018-02-15 10:20:21] [DEBUG]: CORS analysis for request completed. 
[2018-02-15 10:20:21] [DEBUG]: CORS analysis for request started. 
[2018-02-15 10:20:21] [INFO]: Request is not CORS (request origin is empty). {"request":null,"server":"[object] (Neomerx\\Cors\\Http\\ParsedUrl: ://)"}
[2018-02-15 10:20:21] [DEBUG]: CORS analysis for request completed. 
[2018-02-15 10:21:44] [DEBUG]: CORS analysis for request started. 
[2018-02-15 10:21:44] [INFO]: Request is not CORS (request origin is empty). {"request":null,"server":"[object] (Neomerx\\Cors\\Http\\ParsedUrl: ://)"}
[2018-02-15 10:21:44] [DEBUG]: CORS analysis for request completed. 
[2018-02-15 10:36:06] [DEBUG]: CORS analysis for request started. 
[2018-02-15 10:36:06] [INFO]: Request is not CORS (request origin is empty). {"request":null,"server":"[object] (Neomerx\\Cors\\Http\\ParsedUrl: ://)"}
[2018-02-15 10:36:06] [DEBUG]: CORS analysis for request completed. 
[2018-02-15 10:36:06] [DEBUG]: CORS analysis for request started. 
[2018-02-15 10:36:06] [INFO]: Request is not CORS (request origin is empty). {"request":null,"server":"[object] (Neomerx\\Cors\\Http\\ParsedUrl: ://)"}
[2018-02-15 10:36:06] [DEBUG]: CORS analysis for request completed. 
[2018-02-15 10:36:07] [DEBUG]: CORS analysis for request started. 
[2018-02-15 10:36:07] [INFO]: Request is not CORS (request origin is empty). {"request":null,"server":"[object] (Neomerx\\Cors\\Http\\ParsedUrl: ://)"}
[2018-02-15 10:36:07] [DEBUG]: CORS analysis for request completed. 
[2018-02-15 10:36:09] [DEBUG]: CORS analysis for request started. 
[2018-02-15 10:36:09] [INFO]: Request is not CORS (request origin is empty). {"request":null,"server":"[object] (Neomerx\\Cors\\Http\\ParsedUrl: ://)"}
[2018-02-15 10:36:09] [DEBUG]: CORS analysis for request completed. 
[2018-02-15 10:36:19] [DEBUG]: CORS analysis for request started. 
[2018-02-15 10:36:19] [INFO]: Request is not CORS (request origin is empty). {"request":null,"server":"[object] (Neomerx\\Cors\\Http\\ParsedUrl: ://)"}
[2018-02-15 10:36:19] [DEBUG]: CORS analysis for request completed. 
[2018-02-15 10:36:20] [DEBUG]: CORS analysis for request started. 
[2018-02-15 10:36:20] [INFO]: Request is not CORS (request origin is empty). {"request":null,"server":"[object] (Neomerx\\Cors\\Http\\ParsedUrl: ://)"}
[2018-02-15 10:36:20] [DEBUG]: CORS analysis for request completed. 
[2018-02-15 10:36:20] [DEBUG]: CORS analysis for request started. 
[2018-02-15 10:36:20] [INFO]: Request is not CORS (request origin is empty). {"request":null,"server":"[object] (Neomerx\\Cors\\Http\\ParsedUrl: ://)"}
[2018-02-15 10:36:20] [DEBUG]: CORS analysis for request completed. 
[2018-02-15 10:37:02] [DEBUG]: CORS analysis for request started. 
[2018-02-15 10:37:02] [INFO]: Request is not CORS (request origin is empty). {"request":null,"server":"[object] (Neomerx\\Cors\\Http\\ParsedUrl: ://)"}
[2018-02-15 10:37:02] [DEBUG]: CORS analysis for request completed. 
[2018-02-15 10:37:43] [DEBUG]: CORS analysis for request started. 
[2018-02-15 10:37:43] [INFO]: Request is not CORS (request origin is empty). {"request":null,"server":"[object] (Neomerx\\Cors\\Http\\ParsedUrl: ://)"}
[2018-02-15 10:37:43] [DEBUG]: CORS analysis for request completed. 
[2018-02-15 10:39:57] [DEBUG]: CORS analysis for request started. 
[2018-02-15 10:39:57] [INFO]: Request is not CORS (request origin is empty). {"request":null,"server":"[object] (Neomerx\\Cors\\Http\\ParsedUrl: ://)"}
[2018-02-15 10:39:57] [DEBUG]: CORS analysis for request completed. 
[2018-02-15 10:56:33] [DEBUG]: CORS analysis for request started. 
[2018-02-15 10:56:33] [INFO]: Request is not CORS (request origin is empty). {"request":null,"server":"[object] (Neomerx\\Cors\\Http\\ParsedUrl: ://)"}
[2018-02-15 10:56:33] [DEBUG]: CORS analysis for request completed. 
[2018-02-15 10:56:44] [DEBUG]: CORS analysis for request started. 
[2018-02-15 10:56:44] [INFO]: Request is not CORS (request origin is empty). {"request":null,"server":"[object] (Neomerx\\Cors\\Http\\ParsedUrl: ://)"}
[2018-02-15 10:56:44] [DEBUG]: CORS analysis for request completed. 
[2018-02-15 10:56:44] [DEBUG]: CORS analysis for request started. 
[2018-02-15 10:56:44] [INFO]: Request is not CORS (request origin is empty). {"request":null,"server":"[object] (Neomerx\\Cors\\Http\\ParsedUrl: ://)"}
[2018-02-15 10:56:44] [DEBUG]: CORS analysis for request completed. 
[2018-02-15 10:57:02] [DEBUG]: CORS analysis for request started. 
[2018-02-15 10:57:02] [INFO]: Request is not CORS (request origin is empty). {"request":null,"server":"[object] (Neomerx\\Cors\\Http\\ParsedUrl: ://)"}
[2018-02-15 10:57:02] [DEBUG]: CORS analysis for request completed. 
[2018-02-15 11:03:13] [DEBUG]: CORS analysis for request started. 
[2018-02-15 11:03:13] [INFO]: Request is not CORS (request origin is empty). {"request":null,"server":"[object] (Neomerx\\Cors\\Http\\ParsedUrl: ://)"}
[2018-02-15 11:03:13] [DEBUG]: CORS analysis for request completed. 
[2018-02-15 11:03:15] [DEBUG]: CORS analysis for request started. 
[2018-02-15 11:03:15] [INFO]: Request is not CORS (request origin is empty). {"request":null,"server":"[object] (Neomerx\\Cors\\Http\\ParsedUrl: ://)"}
[2018-02-15 11:03:15] [DEBUG]: CORS analysis for request completed. 
[2018-02-15 11:03:35] [DEBUG]: CORS analysis for request started. 
[2018-02-15 11:03:35] [INFO]: Request is not CORS (request origin is empty). {"request":null,"server":"[object] (Neomerx\\Cors\\Http\\ParsedUrl: ://)"}
[2018-02-15 11:03:35] [DEBUG]: CORS analysis for request completed. 
[2018-02-15 11:03:35] [DEBUG]: CORS analysis for request started. 
[2018-02-15 11:03:35] [INFO]: Request is not CORS (request origin is empty). {"request":null,"server":"[object] (Neomerx\\Cors\\Http\\ParsedUrl: ://)"}
[2018-02-15 11:03:35] [DEBUG]: CORS analysis for request completed. 
[2018-02-15 11:15:05] [DEBUG]: CORS analysis for request started. 
[2018-02-15 11:15:05] [INFO]: Request is not CORS (request origin is empty). {"request":null,"server":"[object] (Neomerx\\Cors\\Http\\ParsedUrl: ://)"}
[2018-02-15 11:15:05] [DEBUG]: CORS analysis for request completed. 
[2018-02-15 11:15:06] [DEBUG]: CORS analysis for request started. 
[2018-02-15 11:15:06] [INFO]: Request is not CORS (request origin is empty). {"request":null,"server":"[object] (Neomerx\\Cors\\Http\\ParsedUrl: ://)"}
[2018-02-15 11:15:06] [DEBUG]: CORS analysis for request completed. 
[2018-02-15 11:19:13] [DEBUG]: CORS analysis for request started. 
[2018-02-15 11:19:13] [INFO]: Request is not CORS (request origin is empty). {"request":null,"server":"[object] (Neomerx\\Cors\\Http\\ParsedUrl: ://)"}
[2018-02-15 11:19:13] [DEBUG]: CORS analysis for request completed. 
[2018-02-15 11:19:13] [DEBUG]: CORS analysis for request started. 
[2018-02-15 11:19:13] [INFO]: Request is not CORS (request origin is empty). {"request":null,"server":"[object] (Neomerx\\Cors\\Http\\ParsedUrl: ://)"}
[2018-02-15 11:19:13] [DEBUG]: CORS analysis for request completed. 
[2018-02-15 11:19:26] [DEBUG]: CORS analysis for request started. 
[2018-02-15 11:19:26] [INFO]: Request is not CORS (request origin is empty). {"request":null,"server":"[object] (Neomerx\\Cors\\Http\\ParsedUrl: ://)"}
[2018-02-15 11:19:26] [DEBUG]: CORS analysis for request completed. 
[2018-02-15 11:19:31] [DEBUG]: CORS analysis for request started. 
[2018-02-15 11:19:31] [INFO]: Request is not CORS (request origin is empty). {"request":null,"server":"[object] (Neomerx\\Cors\\Http\\ParsedUrl: ://)"}
[2018-02-15 11:19:31] [DEBUG]: CORS analysis for request completed. 
[2018-02-15 11:19:32] [DEBUG]: CORS analysis for request started. 
[2018-02-15 11:19:32] [INFO]: Request is not CORS (request origin is empty). {"request":null,"server":"[object] (Neomerx\\Cors\\Http\\ParsedUrl: ://)"}
[2018-02-15 11:19:32] [DEBUG]: CORS analysis for request completed. 
[2018-02-15 11:19:40] [DEBUG]: CORS analysis for request started. 
[2018-02-15 11:19:40] [DEBUG]: Request is identified as an actual CORS request. 
[2018-02-15 11:19:40] [DEBUG]: CORS analysis for request completed. 
[2018-02-15 11:19:40] [DEBUG]: CORS analysis for request started. 
[2018-02-15 11:19:40] [INFO]: Request is not CORS (request origin is empty). {"request":null,"server":"[object] (Neomerx\\Cors\\Http\\ParsedUrl: ://)"}
[2018-02-15 11:19:40] [DEBUG]: CORS analysis for request completed. 
[2018-02-15 11:19:43] [DEBUG]: CORS analysis for request started. 
[2018-02-15 11:19:43] [INFO]: Request is not CORS (request origin is empty). {"request":null,"server":"[object] (Neomerx\\Cors\\Http\\ParsedUrl: ://)"}
[2018-02-15 11:19:43] [DEBUG]: CORS analysis for request completed. 
[2018-02-15 11:19:50] [DEBUG]: CORS analysis for request started. 
[2018-02-15 11:19:50] [INFO]: Request is not CORS (request origin is empty). {"request":null,"server":"[object] (Neomerx\\Cors\\Http\\ParsedUrl: ://)"}
[2018-02-15 11:19:50] [DEBUG]: CORS analysis for request completed. 
[2018-02-15 11:19:50] [DEBUG]: CORS analysis for request started. 
[2018-02-15 11:19:50] [INFO]: Request is not CORS (request origin is empty). {"request":null,"server":"[object] (Neomerx\\Cors\\Http\\ParsedUrl: ://)"}
[2018-02-15 11:19:50] [DEBUG]: CORS analysis for request completed. 
[2018-02-15 11:22:50] [DEBUG]: CORS analysis for request started. 
[2018-02-15 11:22:50] [DEBUG]: Request is identified as an actual CORS request. 
[2018-02-15 11:22:50] [DEBUG]: CORS analysis for request completed. 
[2018-02-15 11:22:53] [DEBUG]: CORS analysis for request started. 
[2018-02-15 11:22:53] [INFO]: Request is not CORS (request origin is empty). {"request":null,"server":"[object] (Neomerx\\Cors\\Http\\ParsedUrl: ://)"}
[2018-02-15 11:22:53] [DEBUG]: CORS analysis for request completed. 
[2018-02-15 11:23:04] [DEBUG]: CORS analysis for request started. 
[2018-02-15 11:23:04] [INFO]: Request is not CORS (request origin is empty). {"request":null,"server":"[object] (Neomerx\\Cors\\Http\\ParsedUrl: ://)"}
[2018-02-15 11:23:04] [DEBUG]: CORS analysis for request completed. 
[2018-02-15 11:23:18] [DEBUG]: CORS analysis for request started. 
[2018-02-15 11:23:18] [INFO]: Request is not CORS (request origin is empty). {"request":null,"server":"[object] (Neomerx\\Cors\\Http\\ParsedUrl: ://)"}
[2018-02-15 11:23:18] [DEBUG]: CORS analysis for request completed. 
[2018-02-15 11:23:18] [DEBUG]: CORS analysis for request started. 
[2018-02-15 11:23:18] [INFO]: Request is not CORS (request origin is empty). {"request":null,"server":"[object] (Neomerx\\Cors\\Http\\ParsedUrl: ://)"}
[2018-02-15 11:23:18] [DEBUG]: CORS analysis for request completed. 
[2018-02-15 11:23:18] [DEBUG]: CORS analysis for request started. 
[2018-02-15 11:23:18] [INFO]: Request is not CORS (request origin is empty). {"request":null,"server":"[object] (Neomerx\\Cors\\Http\\ParsedUrl: ://)"}
[2018-02-15 11:23:18] [DEBUG]: CORS analysis for request completed. 
[2018-02-15 11:23:27] [DEBUG]: CORS analysis for request started. 
[2018-02-15 11:23:27] [INFO]: Request is not CORS (request origin is empty). {"request":null,"server":"[object] (Neomerx\\Cors\\Http\\ParsedUrl: ://)"}
[2018-02-15 11:23:27] [DEBUG]: CORS analysis for request completed. 
[2018-02-15 11:23:43] [DEBUG]: CORS analysis for request started. 
[2018-02-15 11:23:43] [INFO]: Request is not CORS (request origin is empty). {"request":null,"server":"[object] (Neomerx\\Cors\\Http\\ParsedUrl: ://)"}
[2018-02-15 11:23:43] [DEBUG]: CORS analysis for request completed. 
[2018-02-15 11:23:43] [DEBUG]: CORS analysis for request started. 
[2018-02-15 11:23:43] [INFO]: Request is not CORS (request origin is empty). {"request":null,"server":"[object] (Neomerx\\Cors\\Http\\ParsedUrl: ://)"}
[2018-02-15 11:23:43] [DEBUG]: CORS analysis for request completed. 
[2018-02-15 11:23:43] [DEBUG]: CORS analysis for request started. 
[2018-02-15 11:23:43] [INFO]: Request is not CORS (request origin is empty). {"request":null,"server":"[object] (Neomerx\\Cors\\Http\\ParsedUrl: ://)"}
[2018-02-15 11:23:43] [DEBUG]: CORS analysis for request completed. 
[2018-02-15 11:23:50] [DEBUG]: CORS analysis for request started. 
[2018-02-15 11:23:50] [INFO]: Request is not CORS (request origin is empty). {"request":null,"server":"[object] (Neomerx\\Cors\\Http\\ParsedUrl: ://)"}
[2018-02-15 11:23:50] [DEBUG]: CORS analysis for request completed. 
[2018-02-15 11:24:01] [DEBUG]: CORS analysis for request started. 
[2018-02-15 11:24:01] [INFO]: Request is not CORS (request origin is empty). {"request":null,"server":"[object] (Neomerx\\Cors\\Http\\ParsedUrl: ://)"}
[2018-02-15 11:24:01] [DEBUG]: CORS analysis for request completed. 
[2018-02-15 11:24:01] [DEBUG]: CORS analysis for request started. 
[2018-02-15 11:24:01] [INFO]: Request is not CORS (request origin is empty). {"request":null,"server":"[object] (Neomerx\\Cors\\Http\\ParsedUrl: ://)"}
[2018-02-15 11:24:01] [DEBUG]: CORS analysis for request completed. 
[2018-02-15 11:24:01] [DEBUG]: CORS analysis for request started. 
[2018-02-15 11:24:01] [INFO]: Request is not CORS (request origin is empty). {"request":null,"server":"[object] (Neomerx\\Cors\\Http\\ParsedUrl: ://)"}
[2018-02-15 11:24:01] [DEBUG]: CORS analysis for request completed. 
[2018-02-15 11:24:06] [DEBUG]: CORS analysis for request started. 
[2018-02-15 11:24:06] [INFO]: Request is not CORS (request origin is empty). {"request":null,"server":"[object] (Neomerx\\Cors\\Http\\ParsedUrl: ://)"}
[2018-02-15 11:24:06] [DEBUG]: CORS analysis for request completed. 
[2018-02-15 11:24:17] [DEBUG]: CORS analysis for request started. 
[2018-02-15 11:24:17] [INFO]: Request is not CORS (request origin is empty). {"request":null,"server":"[object] (Neomerx\\Cors\\Http\\ParsedUrl: ://)"}
[2018-02-15 11:24:17] [DEBUG]: CORS analysis for request completed. 
[2018-02-15 11:24:17] [DEBUG]: CORS analysis for request started. 
[2018-02-15 11:24:17] [INFO]: Request is not CORS (request origin is empty). {"request":null,"server":"[object] (Neomerx\\Cors\\Http\\ParsedUrl: ://)"}
[2018-02-15 11:24:17] [DEBUG]: CORS analysis for request completed. 
[2018-02-15 11:26:54] [DEBUG]: CORS analysis for request started. 
[2018-02-15 11:26:54] [INFO]: Request is not CORS (request origin is empty). {"request":null,"server":"[object] (Neomerx\\Cors\\Http\\ParsedUrl: ://)"}
[2018-02-15 11:26:54] [DEBUG]: CORS analysis for request completed. 
[2018-02-15 11:26:56] [DEBUG]: CORS analysis for request started. 
[2018-02-15 11:26:56] [INFO]: Request is not CORS (request origin is empty). {"request":null,"server":"[object] (Neomerx\\Cors\\Http\\ParsedUrl: ://)"}
[2018-02-15 11:26:56] [DEBUG]: CORS analysis for request completed. 
[2018-02-15 11:26:56] [DEBUG]: CORS analysis for request started. 
[2018-02-15 11:26:56] [INFO]: Request is not CORS (request origin is empty). {"request":null,"server":"[object] (Neomerx\\Cors\\Http\\ParsedUrl: ://)"}
[2018-02-15 11:26:56] [DEBUG]: CORS analysis for request completed. 
[2018-02-15 11:30:59] [DEBUG]: CORS analysis for request started. 
[2018-02-15 11:30:59] [INFO]: Request is not CORS (request origin is empty). {"request":null,"server":"[object] (Neomerx\\Cors\\Http\\ParsedUrl: ://)"}
[2018-02-15 11:30:59] [DEBUG]: CORS analysis for request completed. 
[2018-02-15 11:31:03] [DEBUG]: CORS analysis for request started. 
[2018-02-15 11:31:03] [INFO]: Request is not CORS (request origin is empty). {"request":null,"server":"[object] (Neomerx\\Cors\\Http\\ParsedUrl: ://)"}
[2018-02-15 11:31:03] [DEBUG]: CORS analysis for request completed. 
[2018-02-15 11:31:04] [DEBUG]: CORS analysis for request started. 
[2018-02-15 11:31:04] [INFO]: Request is not CORS (request origin is empty). {"request":null,"server":"[object] (Neomerx\\Cors\\Http\\ParsedUrl: ://)"}
[2018-02-15 11:31:04] [DEBUG]: CORS analysis for request completed. 
[2018-02-15 11:31:04] [DEBUG]: CORS analysis for request started. 
[2018-02-15 11:31:04] [INFO]: Request is not CORS (request origin is empty). {"request":null,"server":"[object] (Neomerx\\Cors\\Http\\ParsedUrl: ://)"}
[2018-02-15 11:31:04] [DEBUG]: CORS analysis for request completed. 
[2018-02-15 11:31:04] [DEBUG]: CORS analysis for request started. 
[2018-02-15 11:31:04] [INFO]: Request is not CORS (request origin is empty). {"request":null,"server":"[object] (Neomerx\\Cors\\Http\\ParsedUrl: ://)"}
[2018-02-15 11:31:04] [DEBUG]: CORS analysis for request completed. 
[2018-02-15 11:31:07] [DEBUG]: CORS analysis for request started. 
[2018-02-15 11:31:07] [INFO]: Request is not CORS (request origin is empty). {"request":null,"server":"[object] (Neomerx\\Cors\\Http\\ParsedUrl: ://)"}
[2018-02-15 11:31:07] [DEBUG]: CORS analysis for request completed. 
[2018-02-15 11:31:07] [DEBUG]: CORS analysis for request started. 
[2018-02-15 11:31:07] [INFO]: Request is not CORS (request origin is empty). {"request":null,"server":"[object] (Neomerx\\Cors\\Http\\ParsedUrl: ://)"}
[2018-02-15 11:31:07] [DEBUG]: CORS analysis for request completed. 
[2018-02-15 11:31:11] [DEBUG]: CORS analysis for request started. 
[2018-02-15 11:31:11] [INFO]: Request is not CORS (request origin is empty). {"request":null,"server":"[object] (Neomerx\\Cors\\Http\\ParsedUrl: ://)"}
[2018-02-15 11:31:11] [DEBUG]: CORS analysis for request completed. 
[2018-02-15 11:31:11] [DEBUG]: CORS analysis for request started. 
[2018-02-15 11:31:11] [INFO]: Request is not CORS (request origin is empty). {"request":null,"server":"[object] (Neomerx\\Cors\\Http\\ParsedUrl: ://)"}
[2018-02-15 11:31:11] [DEBUG]: CORS analysis for request completed. 
[2018-02-15 11:31:35] [DEBUG]: CORS analysis for request started. 
[2018-02-15 11:31:35] [INFO]: Request is not CORS (request origin is empty). {"request":null,"server":"[object] (Neomerx\\Cors\\Http\\ParsedUrl: ://)"}
[2018-02-15 11:31:35] [DEBUG]: CORS analysis for request completed. 
[2018-02-15 11:31:35] [DEBUG]: CORS analysis for request started. 
[2018-02-15 11:31:35] [INFO]: Request is not CORS (request origin is empty). {"request":null,"server":"[object] (Neomerx\\Cors\\Http\\ParsedUrl: ://)"}
[2018-02-15 11:31:35] [DEBUG]: CORS analysis for request completed. 
[2018-02-15 12:55:03] [DEBUG]: CORS analysis for request started. 
[2018-02-15 12:55:03] [DEBUG]: Request is identified as an actual CORS request. 
[2018-02-15 12:55:03] [DEBUG]: CORS analysis for request completed. 
[2018-02-15 12:55:05] [DEBUG]: CORS analysis for request started. 
[2018-02-15 12:55:05] [INFO]: Request is not CORS (request origin is empty). {"request":null,"server":"[object] (Neomerx\\Cors\\Http\\ParsedUrl: ://)"}
[2018-02-15 12:55:05] [DEBUG]: CORS analysis for request completed. 
[2018-02-15 12:55:07] [DEBUG]: CORS analysis for request started. 
[2018-02-15 12:55:07] [INFO]: Request is not CORS (request origin is empty). {"request":null,"server":"[object] (Neomerx\\Cors\\Http\\ParsedUrl: ://)"}
[2018-02-15 12:55:07] [DEBUG]: CORS analysis for request completed. 
[2018-02-15 12:55:08] [DEBUG]: CORS analysis for request started. 
[2018-02-15 12:55:08] [INFO]: Request is not CORS (request origin is empty). {"request":null,"server":"[object] (Neomerx\\Cors\\Http\\ParsedUrl: ://)"}
[2018-02-15 12:55:08] [DEBUG]: CORS analysis for request completed. 
[2018-02-15 12:55:09] [DEBUG]: CORS analysis for request started. 
[2018-02-15 12:55:09] [INFO]: Request is not CORS (request origin is empty). {"request":null,"server":"[object] (Neomerx\\Cors\\Http\\ParsedUrl: ://)"}
[2018-02-15 12:55:09] [DEBUG]: CORS analysis for request completed. 
[2018-02-15 12:55:10] [DEBUG]: CORS analysis for request started. 
[2018-02-15 12:55:10] [INFO]: Request is not CORS (request origin is empty). {"request":null,"server":"[object] (Neomerx\\Cors\\Http\\ParsedUrl: ://)"}
[2018-02-15 12:55:10] [DEBUG]: CORS analysis for request completed. 
[2018-02-15 12:55:39] [DEBUG]: CORS analysis for request started. 
[2018-02-15 12:55:39] [INFO]: Request is not CORS (request origin is empty). {"request":null,"server":"[object] (Neomerx\\Cors\\Http\\ParsedUrl: ://)"}
[2018-02-15 12:55:39] [DEBUG]: CORS analysis for request completed. 
[2018-02-15 12:56:14] [DEBUG]: CORS analysis for request started. 
[2018-02-15 12:56:14] [INFO]: Request is not CORS (request origin is empty). {"request":null,"server":"[object] (Neomerx\\Cors\\Http\\ParsedUrl: ://)"}
[2018-02-15 12:56:14] [DEBUG]: CORS analysis for request completed. 
[2018-02-15 12:56:14] [DEBUG]: CORS analysis for request started. 
[2018-02-15 12:56:14] [INFO]: Request is not CORS (request origin is empty). {"request":null,"server":"[object] (Neomerx\\Cors\\Http\\ParsedUrl: ://)"}
[2018-02-15 12:56:14] [DEBUG]: CORS analysis for request completed. 
[2018-02-15 12:56:42] [DEBUG]: CORS analysis for request started. 
[2018-02-15 12:56:42] [INFO]: Request is not CORS (request origin is empty). {"request":null,"server":"[object] (Neomerx\\Cors\\Http\\ParsedUrl: ://)"}
[2018-02-15 12:56:42] [DEBUG]: CORS analysis for request completed. 
[2018-02-15 12:56:50] [DEBUG]: CORS analysis for request started. 
[2018-02-15 12:56:50] [INFO]: Request is not CORS (request origin is empty). {"request":null,"server":"[object] (Neomerx\\Cors\\Http\\ParsedUrl: ://)"}
[2018-02-15 12:56:50] [DEBUG]: CORS analysis for request completed. 
[2018-02-15 12:57:00] [DEBUG]: CORS analysis for request started. 
[2018-02-15 12:57:00] [INFO]: Request is not CORS (request origin is empty). {"request":null,"server":"[object] (Neomerx\\Cors\\Http\\ParsedUrl: ://)"}
[2018-02-15 12:57:00] [DEBUG]: CORS analysis for request completed. 
[2018-02-15 12:57:01] [DEBUG]: CORS analysis for request started. 
[2018-02-15 12:57:01] [INFO]: Request is not CORS (request origin is empty). {"request":null,"server":"[object] (Neomerx\\Cors\\Http\\ParsedUrl: ://)"}
[2018-02-15 12:57:01] [DEBUG]: CORS analysis for request completed. 
[2018-02-15 12:57:28] [DEBUG]: CORS analysis for request started. 
[2018-02-15 12:57:28] [INFO]: Request is not CORS (request origin is empty). {"request":null,"server":"[object] (Neomerx\\Cors\\Http\\ParsedUrl: ://)"}
[2018-02-15 12:57:28] [DEBUG]: CORS analysis for request completed. 
[2018-02-15 12:57:50] [DEBUG]: CORS analysis for request started. 
[2018-02-15 12:57:50] [INFO]: Request is not CORS (request origin is empty). {"request":null,"server":"[object] (Neomerx\\Cors\\Http\\ParsedUrl: ://)"}
[2018-02-15 12:57:50] [DEBUG]: CORS analysis for request completed. 
[2018-02-15 12:57:53] [DEBUG]: CORS analysis for request started. 
[2018-02-15 12:57:53] [INFO]: Request is not CORS (request origin is empty). {"request":null,"server":"[object] (Neomerx\\Cors\\Http\\ParsedUrl: ://)"}
[2018-02-15 12:57:53] [DEBUG]: CORS analysis for request completed. 
[2018-02-15 12:57:54] [DEBUG]: CORS analysis for request started. 
[2018-02-15 12:57:54] [INFO]: Request is not CORS (request origin is empty). {"request":null,"server":"[object] (Neomerx\\Cors\\Http\\ParsedUrl: ://)"}
[2018-02-15 12:57:54] [DEBUG]: CORS analysis for request completed. 
[2018-02-15 12:57:55] [DEBUG]: CORS analysis for request started. 
[2018-02-15 12:57:55] [INFO]: Request is not CORS (request origin is empty). {"request":null,"server":"[object] (Neomerx\\Cors\\Http\\ParsedUrl: ://)"}
[2018-02-15 12:57:55] [DEBUG]: CORS analysis for request completed. 
[2018-02-15 12:57:58] [DEBUG]: CORS analysis for request started. 
[2018-02-15 12:57:58] [INFO]: Request is not CORS (request origin is empty). {"request":null,"server":"[object] (Neomerx\\Cors\\Http\\ParsedUrl: ://)"}
[2018-02-15 12:57:58] [DEBUG]: CORS analysis for request completed. 
[2018-02-15 12:58:00] [DEBUG]: CORS analysis for request started. 
[2018-02-15 12:58:00] [INFO]: Request is not CORS (request origin is empty). {"request":null,"server":"[object] (Neomerx\\Cors\\Http\\ParsedUrl: ://)"}
[2018-02-15 12:58:00] [DEBUG]: CORS analysis for request completed. 
[2018-02-15 12:58:00] [DEBUG]: CORS analysis for request started. 
[2018-02-15 12:58:00] [INFO]: Request is not CORS (request origin is empty). {"request":null,"server":"[object] (Neomerx\\Cors\\Http\\ParsedUrl: ://)"}
[2018-02-15 12:58:00] [DEBUG]: CORS analysis for request completed. 
[2018-02-15 12:58:03] [DEBUG]: CORS analysis for request started. 
[2018-02-15 12:58:03] [INFO]: Request is not CORS (request origin is empty). {"request":null,"server":"[object] (Neomerx\\Cors\\Http\\ParsedUrl: ://)"}
[2018-02-15 12:58:03] [DEBUG]: CORS analysis for request completed. 
[2018-02-15 12:58:04] [DEBUG]: CORS analysis for request started. 
[2018-02-15 12:58:04] [INFO]: Request is not CORS (request origin is empty). {"request":null,"server":"[object] (Neomerx\\Cors\\Http\\ParsedUrl: ://)"}
[2018-02-15 12:58:04] [DEBUG]: CORS analysis for request completed. 
[2018-02-15 12:58:05] [DEBUG]: CORS analysis for request started. 
[2018-02-15 12:58:05] [INFO]: Request is not CORS (request origin is empty). {"request":null,"server":"[object] (Neomerx\\Cors\\Http\\ParsedUrl: ://)"}
[2018-02-15 12:58:05] [DEBUG]: CORS analysis for request completed. 
[2018-02-15 13:01:20] [DEBUG]: CORS analysis for request started. 
[2018-02-15 13:01:20] [INFO]: Request is not CORS (request origin is empty). {"request":null,"server":"[object] (Neomerx\\Cors\\Http\\ParsedUrl: ://)"}
[2018-02-15 13:01:20] [DEBUG]: CORS analysis for request completed. 
[2018-02-15 13:01:24] [DEBUG]: CORS analysis for request started. 
[2018-02-15 13:01:24] [INFO]: Request is not CORS (request origin is empty). {"request":null,"server":"[object] (Neomerx\\Cors\\Http\\ParsedUrl: ://)"}
[2018-02-15 13:01:24] [DEBUG]: CORS analysis for request completed. 
[2018-02-15 13:01:26] [DEBUG]: CORS analysis for request started. 
[2018-02-15 13:01:26] [INFO]: Request is not CORS (request origin is empty). {"request":null,"server":"[object] (Neomerx\\Cors\\Http\\ParsedUrl: ://)"}
[2018-02-15 13:01:26] [DEBUG]: CORS analysis for request completed. 
[2018-02-15 13:01:26] [DEBUG]: CORS analysis for request started. 
[2018-02-15 13:01:26] [INFO]: Request is not CORS (request origin is empty). {"request":null,"server":"[object] (Neomerx\\Cors\\Http\\ParsedUrl: ://)"}
[2018-02-15 13:01:26] [DEBUG]: CORS analysis for request completed. 
[2018-02-15 13:01:26] [DEBUG]: CORS analysis for request started. 
[2018-02-15 13:01:26] [INFO]: Request is not CORS (request origin is empty). {"request":null,"server":"[object] (Neomerx\\Cors\\Http\\ParsedUrl: ://)"}
[2018-02-15 13:01:26] [DEBUG]: CORS analysis for request completed. 
[2018-02-15 13:01:27] [DEBUG]: CORS analysis for request started. 
[2018-02-15 13:01:27] [INFO]: Request is not CORS (request origin is empty). {"request":null,"server":"[object] (Neomerx\\Cors\\Http\\ParsedUrl: ://)"}
[2018-02-15 13:01:27] [DEBUG]: CORS analysis for request completed. 
[2018-02-15 13:01:27] [DEBUG]: CORS analysis for request started. 
[2018-02-15 13:01:27] [INFO]: Request is not CORS (request origin is empty). {"request":null,"server":"[object] (Neomerx\\Cors\\Http\\ParsedUrl: ://)"}
[2018-02-15 13:01:27] [DEBUG]: CORS analysis for request completed. 
[2018-02-15 13:01:28] [DEBUG]: CORS analysis for request started. 
[2018-02-15 13:01:28] [INFO]: Request is not CORS (request origin is empty). {"request":null,"server":"[object] (Neomerx\\Cors\\Http\\ParsedUrl: ://)"}
[2018-02-15 13:01:28] [DEBUG]: CORS analysis for request completed. 
[2018-02-15 13:01:28] [DEBUG]: CORS analysis for request started. 
[2018-02-15 13:01:28] [INFO]: Request is not CORS (request origin is empty). {"request":null,"server":"[object] (Neomerx\\Cors\\Http\\ParsedUrl: ://)"}
[2018-02-15 13:01:28] [DEBUG]: CORS analysis for request completed. 
[2018-02-15 13:01:29] [DEBUG]: CORS analysis for request started. 
[2018-02-15 13:01:29] [INFO]: Request is not CORS (request origin is empty). {"request":null,"server":"[object] (Neomerx\\Cors\\Http\\ParsedUrl: ://)"}
[2018-02-15 13:01:29] [DEBUG]: CORS analysis for request completed. 
[2018-02-15 13:01:29] [DEBUG]: CORS analysis for request started. 
[2018-02-15 13:01:29] [INFO]: Request is not CORS (request origin is empty). {"request":null,"server":"[object] (Neomerx\\Cors\\Http\\ParsedUrl: ://)"}
[2018-02-15 13:01:29] [DEBUG]: CORS analysis for request completed. 
[2018-02-15 13:01:29] [DEBUG]: CORS analysis for request started. 
[2018-02-15 13:01:29] [INFO]: Request is not CORS (request origin is empty). {"request":null,"server":"[object] (Neomerx\\Cors\\Http\\ParsedUrl: ://)"}
[2018-02-15 13:01:29] [DEBUG]: CORS analysis for request completed. 
[2018-02-15 13:01:30] [DEBUG]: CORS analysis for request started. 
[2018-02-15 13:01:30] [INFO]: Request is not CORS (request origin is empty). {"request":null,"server":"[object] (Neomerx\\Cors\\Http\\ParsedUrl: ://)"}
[2018-02-15 13:01:30] [DEBUG]: CORS analysis for request completed. 
[2018-02-15 13:01:31] [DEBUG]: CORS analysis for request started. 
[2018-02-15 13:01:31] [INFO]: Request is not CORS (request origin is empty). {"request":null,"server":"[object] (Neomerx\\Cors\\Http\\ParsedUrl: ://)"}
[2018-02-15 13:01:31] [DEBUG]: CORS analysis for request completed. 
[2018-02-15 13:01:34] [DEBUG]: CORS analysis for request started. 
[2018-02-15 13:01:34] [INFO]: Request is not CORS (request origin is empty). {"request":null,"server":"[object] (Neomerx\\Cors\\Http\\ParsedUrl: ://)"}
[2018-02-15 13:01:34] [DEBUG]: CORS analysis for request completed. 
[2018-02-15 13:01:34] [DEBUG]: CORS analysis for request started. 
[2018-02-15 13:01:34] [INFO]: Request is not CORS (request origin is empty). {"request":null,"server":"[object] (Neomerx\\Cors\\Http\\ParsedUrl: ://)"}
[2018-02-15 13:01:34] [DEBUG]: CORS analysis for request completed. 
[2018-02-15 13:01:35] [DEBUG]: CORS analysis for request started. 
[2018-02-15 13:01:35] [INFO]: Request is not CORS (request origin is empty). {"request":null,"server":"[object] (Neomerx\\Cors\\Http\\ParsedUrl: ://)"}
[2018-02-15 13:01:35] [DEBUG]: CORS analysis for request completed. 
[2018-02-15 13:01:37] [DEBUG]: CORS analysis for request started. 
[2018-02-15 13:01:37] [INFO]: Request is not CORS (request origin is empty). {"request":null,"server":"[object] (Neomerx\\Cors\\Http\\ParsedUrl: ://)"}
[2018-02-15 13:01:37] [DEBUG]: CORS analysis for request completed. 
[2018-02-15 13:01:40] [DEBUG]: CORS analysis for request started. 
[2018-02-15 13:01:40] [INFO]: Request is not CORS (request origin is empty). {"request":null,"server":"[object] (Neomerx\\Cors\\Http\\ParsedUrl: ://)"}
[2018-02-15 13:01:40] [DEBUG]: CORS analysis for request completed. 
[2018-02-15 13:01:42] [DEBUG]: CORS analysis for request started. 
[2018-02-15 13:01:42] [INFO]: Request is not CORS (request origin is empty). {"request":null,"server":"[object] (Neomerx\\Cors\\Http\\ParsedUrl: ://)"}
[2018-02-15 13:01:42] [DEBUG]: CORS analysis for request completed. 
[2018-02-15 13:01:43] [DEBUG]: CORS analysis for request started. 
[2018-02-15 13:01:43] [INFO]: Request is not CORS (request origin is empty). {"request":null,"server":"[object] (Neomerx\\Cors\\Http\\ParsedUrl: ://)"}
[2018-02-15 13:01:43] [DEBUG]: CORS analysis for request completed. 
[2018-02-15 13:01:45] [DEBUG]: CORS analysis for request started. 
[2018-02-15 13:01:45] [INFO]: Request is not CORS (request origin is empty). {"request":null,"server":"[object] (Neomerx\\Cors\\Http\\ParsedUrl: ://)"}
[2018-02-15 13:01:45] [DEBUG]: CORS analysis for request completed. 
[2018-02-15 13:01:46] [DEBUG]: CORS analysis for request started. 
[2018-02-15 13:01:46] [INFO]: Request is not CORS (request origin is empty). {"request":null,"server":"[object] (Neomerx\\Cors\\Http\\ParsedUrl: ://)"}
[2018-02-15 13:01:46] [DEBUG]: CORS analysis for request completed. 
[2018-02-15 13:01:47] [DEBUG]: CORS analysis for request started. 
[2018-02-15 13:01:47] [INFO]: Request is not CORS (request origin is empty). {"request":null,"server":"[object] (Neomerx\\Cors\\Http\\ParsedUrl: ://)"}
[2018-02-15 13:01:47] [DEBUG]: CORS analysis for request completed. 
[2018-02-15 13:01:49] [DEBUG]: CORS analysis for request started. 
[2018-02-15 13:01:49] [INFO]: Request is not CORS (request origin is empty). {"request":null,"server":"[object] (Neomerx\\Cors\\Http\\ParsedUrl: ://)"}
[2018-02-15 13:01:49] [DEBUG]: CORS analysis for request completed. 
[2018-02-15 13:01:51] [DEBUG]: CORS analysis for request started. 
[2018-02-15 13:01:51] [INFO]: Request is not CORS (request origin is empty). {"request":null,"server":"[object] (Neomerx\\Cors\\Http\\ParsedUrl: ://)"}
[2018-02-15 13:01:51] [DEBUG]: CORS analysis for request completed. 
[2018-02-15 13:01:53] [DEBUG]: CORS analysis for request started. 
[2018-02-15 13:01:53] [INFO]: Request is not CORS (request origin is empty). {"request":null,"server":"[object] (Neomerx\\Cors\\Http\\ParsedUrl: ://)"}
[2018-02-15 13:01:53] [DEBUG]: CORS analysis for request completed. 
[2018-02-15 13:01:54] [DEBUG]: CORS analysis for request started. 
[2018-02-15 13:01:54] [INFO]: Request is not CORS (request origin is empty). {"request":null,"server":"[object] (Neomerx\\Cors\\Http\\ParsedUrl: ://)"}
[2018-02-15 13:01:54] [DEBUG]: CORS analysis for request completed. 
[2018-02-15 13:01:56] [DEBUG]: CORS analysis for request started. 
[2018-02-15 13:01:56] [INFO]: Request is not CORS (request origin is empty). {"request":null,"server":"[object] (Neomerx\\Cors\\Http\\ParsedUrl: ://)"}
[2018-02-15 13:01:56] [DEBUG]: CORS analysis for request completed. 
[2018-02-15 13:01:57] [DEBUG]: CORS analysis for request started. 
[2018-02-15 13:01:57] [INFO]: Request is not CORS (request origin is empty). {"request":null,"server":"[object] (Neomerx\\Cors\\Http\\ParsedUrl: ://)"}
[2018-02-15 13:01:57] [DEBUG]: CORS analysis for request completed. 
[2018-02-15 13:01:58] [DEBUG]: CORS analysis for request started. 
[2018-02-15 13:01:58] [INFO]: Request is not CORS (request origin is empty). {"request":null,"server":"[object] (Neomerx\\Cors\\Http\\ParsedUrl: ://)"}
[2018-02-15 13:01:58] [DEBUG]: CORS analysis for request completed. 
[2018-02-15 13:01:59] [DEBUG]: CORS analysis for request started. 
[2018-02-15 13:01:59] [INFO]: Request is not CORS (request origin is empty). {"request":null,"server":"[object] (Neomerx\\Cors\\Http\\ParsedUrl: ://)"}
[2018-02-15 13:01:59] [DEBUG]: CORS analysis for request completed. 
[2018-02-15 13:02:00] [DEBUG]: CORS analysis for request started. 
[2018-02-15 13:02:00] [INFO]: Request is not CORS (request origin is empty). {"request":null,"server":"[object] (Neomerx\\Cors\\Http\\ParsedUrl: ://)"}
[2018-02-15 13:02:00] [DEBUG]: CORS analysis for request completed. 
[2018-02-15 13:02:01] [DEBUG]: CORS analysis for request started. 
[2018-02-15 13:02:01] [INFO]: Request is not CORS (request origin is empty). {"request":null,"server":"[object] (Neomerx\\Cors\\Http\\ParsedUrl: ://)"}
[2018-02-15 13:02:01] [DEBUG]: CORS analysis for request completed. 
[2018-02-15 13:02:02] [DEBUG]: CORS analysis for request started. 
[2018-02-15 13:02:02] [INFO]: Request is not CORS (request origin is empty). {"request":null,"server":"[object] (Neomerx\\Cors\\Http\\ParsedUrl: ://)"}
[2018-02-15 13:02:02] [DEBUG]: CORS analysis for request completed. 
[2018-02-15 13:02:03] [DEBUG]: CORS analysis for request started. 
[2018-02-15 13:02:03] [INFO]: Request is not CORS (request origin is empty). {"request":null,"server":"[object] (Neomerx\\Cors\\Http\\ParsedUrl: ://)"}
[2018-02-15 13:02:03] [DEBUG]: CORS analysis for request completed. 
[2018-02-15 13:02:33] [DEBUG]: CORS analysis for request started. 
[2018-02-15 13:02:33] [INFO]: Request is not CORS (request origin is empty). {"request":null,"server":"[object] (Neomerx\\Cors\\Http\\ParsedUrl: ://)"}
[2018-02-15 13:02:33] [DEBUG]: CORS analysis for request completed. 
[2018-02-15 13:03:27] [DEBUG]: CORS analysis for request started. 
[2018-02-15 13:03:27] [INFO]: Request is not CORS (request origin is empty). {"request":null,"server":"[object] (Neomerx\\Cors\\Http\\ParsedUrl: ://)"}
[2018-02-15 13:03:27] [DEBUG]: CORS analysis for request completed. 
[2018-02-15 13:03:29] [DEBUG]: CORS analysis for request started. 
[2018-02-15 13:03:29] [INFO]: Request is not CORS (request origin is empty). {"request":null,"server":"[object] (Neomerx\\Cors\\Http\\ParsedUrl: ://)"}
[2018-02-15 13:03:29] [DEBUG]: CORS analysis for request completed. 
[2018-02-15 13:03:29] [DEBUG]: CORS analysis for request started. 
[2018-02-15 13:03:29] [INFO]: Request is not CORS (request origin is empty). {"request":null,"server":"[object] (Neomerx\\Cors\\Http\\ParsedUrl: ://)"}
[2018-02-15 13:03:29] [DEBUG]: CORS analysis for request completed. 
[2018-02-15 13:18:52] [DEBUG]: CORS analysis for request started. 
[2018-02-15 13:18:52] [INFO]: Request is not CORS (request origin is empty). {"request":null,"server":"[object] (Neomerx\\Cors\\Http\\ParsedUrl: ://)"}
[2018-02-15 13:18:52] [DEBUG]: CORS analysis for request completed. 
[2018-02-15 13:18:52] [DEBUG]: CORS analysis for request started. 
[2018-02-15 13:18:52] [INFO]: Request is not CORS (request origin is empty). {"request":null,"server":"[object] (Neomerx\\Cors\\Http\\ParsedUrl: ://)"}
[2018-02-15 13:18:52] [DEBUG]: CORS analysis for request completed. 
[2018-02-15 13:18:53] [DEBUG]: CORS analysis for request started. 
[2018-02-15 13:18:53] [INFO]: Request is not CORS (request origin is empty). {"request":null,"server":"[object] (Neomerx\\Cors\\Http\\ParsedUrl: ://)"}
[2018-02-15 13:18:53] [DEBUG]: CORS analysis for request completed. 
[2018-02-15 13:18:54] [DEBUG]: CORS analysis for request started. 
[2018-02-15 13:18:54] [INFO]: Request is not CORS (request origin is empty). {"request":null,"server":"[object] (Neomerx\\Cors\\Http\\ParsedUrl: ://)"}
[2018-02-15 13:18:54] [DEBUG]: CORS analysis for request completed. 
[2018-02-15 13:18:54] [DEBUG]: CORS analysis for request started. 
[2018-02-15 13:18:54] [INFO]: Request is not CORS (request origin is empty). {"request":null,"server":"[object] (Neomerx\\Cors\\Http\\ParsedUrl: ://)"}
[2018-02-15 13:18:54] [DEBUG]: CORS analysis for request completed. 
[2018-02-15 13:18:55] [DEBUG]: CORS analysis for request started. 
[2018-02-15 13:18:55] [INFO]: Request is not CORS (request origin is empty). {"request":null,"server":"[object] (Neomerx\\Cors\\Http\\ParsedUrl: ://)"}
[2018-02-15 13:18:55] [DEBUG]: CORS analysis for request completed. 
[2018-02-15 13:18:55] [DEBUG]: CORS analysis for request started. 
[2018-02-15 13:18:55] [INFO]: Request is not CORS (request origin is empty). {"request":null,"server":"[object] (Neomerx\\Cors\\Http\\ParsedUrl: ://)"}
[2018-02-15 13:18:55] [DEBUG]: CORS analysis for request completed. 
[2018-02-15 13:18:56] [DEBUG]: CORS analysis for request started. 
[2018-02-15 13:18:56] [INFO]: Request is not CORS (request origin is empty). {"request":null,"server":"[object] (Neomerx\\Cors\\Http\\ParsedUrl: ://)"}
[2018-02-15 13:18:56] [DEBUG]: CORS analysis for request completed. 
[2018-02-15 13:18:56] [DEBUG]: CORS analysis for request started. 
[2018-02-15 13:18:56] [INFO]: Request is not CORS (request origin is empty). {"request":null,"server":"[object] (Neomerx\\Cors\\Http\\ParsedUrl: ://)"}
[2018-02-15 13:18:56] [DEBUG]: CORS analysis for request completed. 
[2018-02-15 13:18:57] [DEBUG]: CORS analysis for request started. 
[2018-02-15 13:18:57] [INFO]: Request is not CORS (request origin is empty). {"request":null,"server":"[object] (Neomerx\\Cors\\Http\\ParsedUrl: ://)"}
[2018-02-15 13:18:57] [DEBUG]: CORS analysis for request completed. 
[2018-02-15 13:18:58] [DEBUG]: CORS analysis for request started. 
[2018-02-15 13:18:58] [INFO]: Request is not CORS (request origin is empty). {"request":null,"server":"[object] (Neomerx\\Cors\\Http\\ParsedUrl: ://)"}
[2018-02-15 13:18:58] [DEBUG]: CORS analysis for request completed. 
[2018-02-15 13:18:59] [DEBUG]: CORS analysis for request started. 
[2018-02-15 13:18:59] [INFO]: Request is not CORS (request origin is empty). {"request":null,"server":"[object] (Neomerx\\Cors\\Http\\ParsedUrl: ://)"}
[2018-02-15 13:18:59] [DEBUG]: CORS analysis for request completed. 
[2018-02-15 13:19:01] [DEBUG]: CORS analysis for request started. 
[2018-02-15 13:19:01] [INFO]: Request is not CORS (request origin is empty). {"request":null,"server":"[object] (Neomerx\\Cors\\Http\\ParsedUrl: ://)"}
[2018-02-15 13:19:01] [DEBUG]: CORS analysis for request completed. 
[2018-02-15 13:19:02] [DEBUG]: CORS analysis for request started. 
[2018-02-15 13:19:02] [INFO]: Request is not CORS (request origin is empty). {"request":null,"server":"[object] (Neomerx\\Cors\\Http\\ParsedUrl: ://)"}
[2018-02-15 13:19:02] [DEBUG]: CORS analysis for request completed. 
[2018-02-15 15:37:35] [DEBUG]: CORS analysis for request started. 
[2018-02-15 15:37:35] [DEBUG]: Request is identified as an actual CORS request. 
[2018-02-15 15:37:35] [DEBUG]: CORS analysis for request completed. 
[2018-02-15 15:37:43] [DEBUG]: CORS analysis for request started. 
[2018-02-15 15:37:43] [INFO]: Request is not CORS (request origin is empty). {"request":null,"server":"[object] (Neomerx\\Cors\\Http\\ParsedUrl: ://)"}
[2018-02-15 15:37:43] [DEBUG]: CORS analysis for request completed. 
[2018-02-15 15:38:56] [DEBUG]: CORS analysis for request started. 
[2018-02-15 15:38:56] [INFO]: Request is not CORS (request origin is empty). {"request":null,"server":"[object] (Neomerx\\Cors\\Http\\ParsedUrl: ://)"}
[2018-02-15 15:38:56] [DEBUG]: CORS analysis for request completed. 
[2018-02-15 15:39:31] [DEBUG]: CORS analysis for request started. 
[2018-02-15 15:39:31] [INFO]: Request is not CORS (request origin is empty). {"request":null,"server":"[object] (Neomerx\\Cors\\Http\\ParsedUrl: ://)"}
[2018-02-15 15:39:31] [DEBUG]: CORS analysis for request completed. 
[2018-02-15 15:39:45] [DEBUG]: CORS analysis for request started. 
[2018-02-15 15:39:45] [INFO]: Request is not CORS (request origin is empty). {"request":null,"server":"[object] (Neomerx\\Cors\\Http\\ParsedUrl: ://)"}
[2018-02-15 15:39:45] [DEBUG]: CORS analysis for request completed. 
[2018-02-15 15:39:47] [DEBUG]: CORS analysis for request started. 
[2018-02-15 15:39:47] [INFO]: Request is not CORS (request origin is empty). {"request":null,"server":"[object] (Neomerx\\Cors\\Http\\ParsedUrl: ://)"}
[2018-02-15 15:39:47] [DEBUG]: CORS analysis for request completed. 
[2018-02-15 15:41:14] [DEBUG]: CORS analysis for request started. 
[2018-02-15 15:41:14] [INFO]: Request is not CORS (request origin is empty). {"request":null,"server":"[object] (Neomerx\\Cors\\Http\\ParsedUrl: ://)"}
[2018-02-15 15:41:14] [DEBUG]: CORS analysis for request completed. 
[2018-02-15 15:41:26] [DEBUG]: CORS analysis for request started. 
[2018-02-15 15:41:26] [INFO]: Request is not CORS (request origin is empty). {"request":null,"server":"[object] (Neomerx\\Cors\\Http\\ParsedUrl: ://)"}
[2018-02-15 15:41:26] [DEBUG]: CORS analysis for request completed. 
[2018-02-15 15:41:30] [DEBUG]: CORS analysis for request started. 
[2018-02-15 15:41:30] [INFO]: Request is not CORS (request origin is empty). {"request":null,"server":"[object] (Neomerx\\Cors\\Http\\ParsedUrl: ://)"}
[2018-02-15 15:41:30] [DEBUG]: CORS analysis for request completed. 
[2018-02-15 15:42:27] [DEBUG]: CORS analysis for request started. 
[2018-02-15 15:42:27] [INFO]: Request is not CORS (request origin is empty). {"request":null,"server":"[object] (Neomerx\\Cors\\Http\\ParsedUrl: ://)"}
[2018-02-15 15:42:27] [DEBUG]: CORS analysis for request completed. 
[2018-02-15 15:43:02] [DEBUG]: CORS analysis for request started. 
[2018-02-15 15:43:02] [INFO]: Request is not CORS (request origin is empty). {"request":null,"server":"[object] (Neomerx\\Cors\\Http\\ParsedUrl: ://)"}
[2018-02-15 15:43:02] [DEBUG]: CORS analysis for request completed. 
[2018-02-15 15:45:47] [DEBUG]: CORS analysis for request started. 
[2018-02-15 15:45:47] [INFO]: Request is not CORS (request origin is empty). {"request":null,"server":"[object] (Neomerx\\Cors\\Http\\ParsedUrl: ://)"}
[2018-02-15 15:45:47] [DEBUG]: CORS analysis for request completed. 
[2018-02-15 15:45:52] [DEBUG]: CORS analysis for request started. 
[2018-02-15 15:45:52] [INFO]: Request is not CORS (request origin is empty). {"request":null,"server":"[object] (Neomerx\\Cors\\Http\\ParsedUrl: ://)"}
[2018-02-15 15:45:52] [DEBUG]: CORS analysis for request completed. 
[2018-02-15 15:45:57] [DEBUG]: CORS analysis for request started. 
[2018-02-15 15:45:57] [INFO]: Request is not CORS (request origin is empty). {"request":null,"server":"[object] (Neomerx\\Cors\\Http\\ParsedUrl: ://)"}
[2018-02-15 15:45:57] [DEBUG]: CORS analysis for request completed. 
[2018-02-15 15:45:59] [DEBUG]: CORS analysis for request started. 
[2018-02-15 15:45:59] [INFO]: Request is not CORS (request origin is empty). {"request":null,"server":"[object] (Neomerx\\Cors\\Http\\ParsedUrl: ://)"}
[2018-02-15 15:45:59] [DEBUG]: CORS analysis for request completed. 
[2018-02-15 15:46:01] [DEBUG]: CORS analysis for request started. 
[2018-02-15 15:46:01] [INFO]: Request is not CORS (request origin is empty). {"request":null,"server":"[object] (Neomerx\\Cors\\Http\\ParsedUrl: ://)"}
[2018-02-15 15:46:01] [DEBUG]: CORS analysis for request completed. 
[2018-02-15 15:46:01] [DEBUG]: CORS analysis for request started. 
[2018-02-15 15:46:01] [INFO]: Request is not CORS (request origin is empty). {"request":null,"server":"[object] (Neomerx\\Cors\\Http\\ParsedUrl: ://)"}
[2018-02-15 15:46:01] [DEBUG]: CORS analysis for request completed. 
[2018-02-15 15:46:02] [DEBUG]: CORS analysis for request started. 
[2018-02-15 15:46:02] [INFO]: Request is not CORS (request origin is empty). {"request":null,"server":"[object] (Neomerx\\Cors\\Http\\ParsedUrl: ://)"}
[2018-02-15 15:46:02] [DEBUG]: CORS analysis for request completed. 
[2018-02-15 15:46:04] [DEBUG]: CORS analysis for request started. 
[2018-02-15 15:46:04] [INFO]: Request is not CORS (request origin is empty). {"request":null,"server":"[object] (Neomerx\\Cors\\Http\\ParsedUrl: ://)"}
[2018-02-15 15:46:04] [DEBUG]: CORS analysis for request completed. 
[2018-02-15 16:04:42] [DEBUG]: CORS analysis for request started. 
[2018-02-15 16:04:42] [INFO]: Request is not CORS (request origin is empty). {"request":null,"server":"[object] (Neomerx\\Cors\\Http\\ParsedUrl: ://)"}
[2018-02-15 16:04:42] [DEBUG]: CORS analysis for request completed. 
[2018-02-15 16:10:43] [DEBUG]: CORS analysis for request started. 
[2018-02-15 16:10:43] [INFO]: Request is not CORS (request origin is empty). {"request":null,"server":"[object] (Neomerx\\Cors\\Http\\ParsedUrl: ://)"}
[2018-02-15 16:10:43] [DEBUG]: CORS analysis for request completed. 
[2018-02-15 16:10:43] [DEBUG]: CORS analysis for request started. 
[2018-02-15 16:10:43] [INFO]: Request is not CORS (request origin is empty). {"request":null,"server":"[object] (Neomerx\\Cors\\Http\\ParsedUrl: ://)"}
[2018-02-15 16:10:43] [DEBUG]: CORS analysis for request completed. 
[2018-02-15 16:26:37] [DEBUG]: CORS analysis for request started. 
[2018-02-15 16:26:37] [INFO]: Request is not CORS (request origin is empty). {"request":null,"server":"[object] (Neomerx\\Cors\\Http\\ParsedUrl: ://)"}
[2018-02-15 16:26:37] [DEBUG]: CORS analysis for request completed. 
[2018-02-15 16:26:43] [DEBUG]: CORS analysis for request started. 
[2018-02-15 16:26:43] [INFO]: Request is not CORS (request origin is empty). {"request":null,"server":"[object] (Neomerx\\Cors\\Http\\ParsedUrl: ://)"}
[2018-02-15 16:26:43] [DEBUG]: CORS analysis for request completed. 
[2018-02-15 16:26:46] [DEBUG]: CORS analysis for request started. 
[2018-02-15 16:26:46] [INFO]: Request is not CORS (request origin is empty). {"request":null,"server":"[object] (Neomerx\\Cors\\Http\\ParsedUrl: ://)"}
[2018-02-15 16:26:46] [DEBUG]: CORS analysis for request completed. 
[2018-02-15 16:26:50] [DEBUG]: CORS analysis for request started. 
[2018-02-15 16:26:50] [INFO]: Request is not CORS (request origin is empty). {"request":null,"server":"[object] (Neomerx\\Cors\\Http\\ParsedUrl: ://)"}
[2018-02-15 16:26:50] [DEBUG]: CORS analysis for request completed. 
[2018-02-15 16:26:50] [DEBUG]: CORS analysis for request started. 
[2018-02-15 16:26:50] [INFO]: Request is not CORS (request origin is empty). {"request":null,"server":"[object] (Neomerx\\Cors\\Http\\ParsedUrl: ://)"}
[2018-02-15 16:26:50] [DEBUG]: CORS analysis for request completed. 
[2018-02-15 16:26:50] [DEBUG]: CORS analysis for request started. 
[2018-02-15 16:26:50] [INFO]: Request is not CORS (request origin is empty). {"request":null,"server":"[object] (Neomerx\\Cors\\Http\\ParsedUrl: ://)"}
[2018-02-15 16:26:50] [DEBUG]: CORS analysis for request completed. 
[2018-02-15 16:27:02] [DEBUG]: CORS analysis for request started. 
[2018-02-15 16:27:02] [DEBUG]: Request is identified as an actual CORS request. 
[2018-02-15 16:27:02] [DEBUG]: CORS analysis for request completed. 
[2018-02-15 16:27:02] [DEBUG]: CORS analysis for request started. 
[2018-02-15 16:27:02] [DEBUG]: Request is identified as an actual CORS request. 
[2018-02-15 16:27:02] [DEBUG]: CORS analysis for request completed. 
[2018-02-15 16:27:02] [DEBUG]: CORS analysis for request started. 
[2018-02-15 16:27:02] [INFO]: Request is not CORS (request origin is empty). {"request":null,"server":"[object] (Neomerx\\Cors\\Http\\ParsedUrl: ://)"}
[2018-02-15 16:27:02] [DEBUG]: CORS analysis for request completed. 
[2018-02-15 16:27:14] [DEBUG]: CORS analysis for request started. 
[2018-02-15 16:27:14] [INFO]: Request is not CORS (request origin is empty). {"request":null,"server":"[object] (Neomerx\\Cors\\Http\\ParsedUrl: ://)"}
[2018-02-15 16:27:14] [DEBUG]: CORS analysis for request completed. 
[2018-02-15 16:27:16] [DEBUG]: CORS analysis for request started. 
[2018-02-15 16:27:16] [INFO]: Request is not CORS (request origin is empty). {"request":null,"server":"[object] (Neomerx\\Cors\\Http\\ParsedUrl: ://)"}
[2018-02-15 16:27:16] [DEBUG]: CORS analysis for request completed. 
[2018-02-15 16:27:18] [DEBUG]: CORS analysis for request started. 
[2018-02-15 16:27:18] [INFO]: Request is not CORS (request origin is empty). {"request":null,"server":"[object] (Neomerx\\Cors\\Http\\ParsedUrl: ://)"}
[2018-02-15 16:27:18] [DEBUG]: CORS analysis for request completed. 
[2018-02-15 16:27:25] [DEBUG]: CORS analysis for request started. 
[2018-02-15 16:27:25] [DEBUG]: Request is identified as an actual CORS request. 
[2018-02-15 16:27:25] [DEBUG]: CORS analysis for request completed. 
[2018-02-15 16:27:25] [DEBUG]: CORS analysis for request started. 
[2018-02-15 16:27:25] [INFO]: Request is not CORS (request origin is empty). {"request":null,"server":"[object] (Neomerx\\Cors\\Http\\ParsedUrl: ://)"}
[2018-02-15 16:27:25] [DEBUG]: CORS analysis for request completed. 
[2018-02-15 16:27:32] [DEBUG]: CORS analysis for request started. 
[2018-02-15 16:27:32] [INFO]: Request is not CORS (request origin is empty). {"request":null,"server":"[object] (Neomerx\\Cors\\Http\\ParsedUrl: ://)"}
[2018-02-15 16:27:32] [DEBUG]: CORS analysis for request completed. 
[2018-02-15 16:27:34] [DEBUG]: CORS analysis for request started. 
[2018-02-15 16:27:34] [INFO]: Request is not CORS (request origin is empty). {"request":null,"server":"[object] (Neomerx\\Cors\\Http\\ParsedUrl: ://)"}
[2018-02-15 16:27:34] [DEBUG]: CORS analysis for request completed. 
[2018-02-15 16:27:34] [DEBUG]: CORS analysis for request started. 
[2018-02-15 16:27:34] [INFO]: Request is not CORS (request origin is empty). {"request":null,"server":"[object] (Neomerx\\Cors\\Http\\ParsedUrl: ://)"}
[2018-02-15 16:27:34] [DEBUG]: CORS analysis for request completed. 
[2018-02-15 16:27:37] [DEBUG]: CORS analysis for request started. 
[2018-02-15 16:27:37] [INFO]: Request is not CORS (request origin is empty). {"request":null,"server":"[object] (Neomerx\\Cors\\Http\\ParsedUrl: ://)"}
[2018-02-15 16:27:37] [DEBUG]: CORS analysis for request completed. 
[2018-02-15 16:27:41] [DEBUG]: CORS analysis for request started. 
[2018-02-15 16:27:41] [INFO]: Request is not CORS (request origin is empty). {"request":null,"server":"[object] (Neomerx\\Cors\\Http\\ParsedUrl: ://)"}
[2018-02-15 16:27:41] [DEBUG]: CORS analysis for request completed. 
[2018-02-15 16:27:42] [DEBUG]: CORS analysis for request started. 
[2018-02-15 16:27:42] [INFO]: Request is not CORS (request origin is empty). {"request":null,"server":"[object] (Neomerx\\Cors\\Http\\ParsedUrl: ://)"}
[2018-02-15 16:27:42] [DEBUG]: CORS analysis for request completed. 
[2018-02-15 16:27:43] [DEBUG]: CORS analysis for request started. 
[2018-02-15 16:27:43] [INFO]: Request is not CORS (request origin is empty). {"request":null,"server":"[object] (Neomerx\\Cors\\Http\\ParsedUrl: ://)"}
[2018-02-15 16:27:43] [DEBUG]: CORS analysis for request completed. 
[2018-02-15 16:27:45] [DEBUG]: CORS analysis for request started. 
[2018-02-15 16:27:45] [INFO]: Request is not CORS (request origin is empty). {"request":null,"server":"[object] (Neomerx\\Cors\\Http\\ParsedUrl: ://)"}
[2018-02-15 16:27:45] [DEBUG]: CORS analysis for request completed. 
[2018-02-15 16:28:49] [DEBUG]: CORS analysis for request started. 
[2018-02-15 16:28:49] [DEBUG]: Request is identified as an actual CORS request. 
[2018-02-15 16:28:49] [DEBUG]: CORS analysis for request completed. 
[2018-02-15 16:29:19] [DEBUG]: CORS analysis for request started. 
[2018-02-15 16:29:19] [INFO]: Request is not CORS (request origin is empty). {"request":null,"server":"[object] (Neomerx\\Cors\\Http\\ParsedUrl: ://)"}
[2018-02-15 16:29:19] [DEBUG]: CORS analysis for request completed. 
[2018-02-15 16:29:29] [DEBUG]: CORS analysis for request started. 
[2018-02-15 16:29:29] [DEBUG]: Request is identified as an actual CORS request. 
[2018-02-15 16:29:29] [DEBUG]: CORS analysis for request completed. 
[2018-02-15 16:29:30] [DEBUG]: CORS analysis for request started. 
[2018-02-15 16:29:30] [DEBUG]: Request is identified as an actual CORS request. 
[2018-02-15 16:29:30] [DEBUG]: CORS analysis for request completed. 
[2018-02-15 16:29:32] [DEBUG]: CORS analysis for request started. 
[2018-02-15 16:29:32] [DEBUG]: Request is identified as an actual CORS request. 
[2018-02-15 16:29:32] [DEBUG]: CORS analysis for request completed. 
[2018-02-15 16:29:33] [DEBUG]: CORS analysis for request started. 
[2018-02-15 16:29:33] [DEBUG]: Request is identified as an actual CORS request. 
[2018-02-15 16:29:33] [DEBUG]: CORS analysis for request completed. 
[2018-02-15 16:29:34] [DEBUG]: CORS analysis for request started. 
[2018-02-15 16:29:34] [DEBUG]: Request is identified as an actual CORS request. 
[2018-02-15 16:29:34] [DEBUG]: CORS analysis for request completed. 
[2018-02-15 16:29:34] [DEBUG]: CORS analysis for request started. 
[2018-02-15 16:29:34] [DEBUG]: Request is identified as an actual CORS request. 
[2018-02-15 16:29:34] [DEBUG]: CORS analysis for request completed. 
[2018-02-15 16:29:35] [DEBUG]: CORS analysis for request started. 
[2018-02-15 16:29:35] [DEBUG]: Request is identified as an actual CORS request. 
[2018-02-15 16:29:35] [DEBUG]: CORS analysis for request completed. 
[2018-02-15 16:29:36] [DEBUG]: CORS analysis for request started. 
[2018-02-15 16:29:36] [INFO]: Request is not CORS (request origin is empty). {"request":null,"server":"[object] (Neomerx\\Cors\\Http\\ParsedUrl: ://)"}
[2018-02-15 16:29:36] [DEBUG]: CORS analysis for request completed. 
[2018-02-15 16:29:38] [DEBUG]: CORS analysis for request started. 
[2018-02-15 16:29:38] [INFO]: Request is not CORS (request origin is empty). {"request":null,"server":"[object] (Neomerx\\Cors\\Http\\ParsedUrl: ://)"}
[2018-02-15 16:29:38] [DEBUG]: CORS analysis for request completed. 
[2018-02-15 16:29:41] [DEBUG]: CORS analysis for request started. 
[2018-02-15 16:29:41] [INFO]: Request is not CORS (request origin is empty). {"request":null,"server":"[object] (Neomerx\\Cors\\Http\\ParsedUrl: ://)"}
[2018-02-15 16:29:41] [DEBUG]: CORS analysis for request completed. 
[2018-02-15 16:29:44] [DEBUG]: CORS analysis for request started. 
[2018-02-15 16:29:44] [INFO]: Request is not CORS (request origin is empty). {"request":null,"server":"[object] (Neomerx\\Cors\\Http\\ParsedUrl: ://)"}
[2018-02-15 16:29:44] [DEBUG]: CORS analysis for request completed. 
[2018-02-15 16:29:45] [DEBUG]: CORS analysis for request started. 
[2018-02-15 16:29:45] [INFO]: Request is not CORS (request origin is empty). {"request":null,"server":"[object] (Neomerx\\Cors\\Http\\ParsedUrl: ://)"}
[2018-02-15 16:29:45] [DEBUG]: CORS analysis for request completed. 
[2018-02-15 16:29:55] [DEBUG]: CORS analysis for request started. 
[2018-02-15 16:29:55] [INFO]: Request is not CORS (request origin is empty). {"request":null,"server":"[object] (Neomerx\\Cors\\Http\\ParsedUrl: ://)"}
[2018-02-15 16:29:55] [DEBUG]: CORS analysis for request completed. 
[2018-02-15 16:29:57] [DEBUG]: CORS analysis for request started. 
[2018-02-15 16:29:57] [INFO]: Request is not CORS (request origin is empty). {"request":null,"server":"[object] (Neomerx\\Cors\\Http\\ParsedUrl: ://)"}
[2018-02-15 16:29:57] [DEBUG]: CORS analysis for request completed. 
[2018-02-15 16:30:12] [DEBUG]: CORS analysis for request started. 
[2018-02-15 16:30:12] [DEBUG]: Request is identified as an actual CORS request. 
[2018-02-15 16:30:12] [DEBUG]: CORS analysis for request completed. 
[2018-02-15 16:30:13] [DEBUG]: CORS analysis for request started. 
[2018-02-15 16:30:13] [INFO]: Request is not CORS (request origin is empty). {"request":null,"server":"[object] (Neomerx\\Cors\\Http\\ParsedUrl: ://)"}
[2018-02-15 16:30:13] [DEBUG]: CORS analysis for request completed. 
[2018-02-15 16:30:16] [DEBUG]: CORS analysis for request started. 
[2018-02-15 16:30:16] [INFO]: Request is not CORS (request origin is empty). {"request":null,"server":"[object] (Neomerx\\Cors\\Http\\ParsedUrl: ://)"}
[2018-02-15 16:30:16] [DEBUG]: CORS analysis for request completed. 
[2018-02-15 16:30:37] [DEBUG]: CORS analysis for request started. 
[2018-02-15 16:30:37] [DEBUG]: Request is identified as an actual CORS request. 
[2018-02-15 16:30:37] [DEBUG]: CORS analysis for request completed. 
[2018-02-15 16:30:37] [DEBUG]: CORS analysis for request started. 
[2018-02-15 16:30:37] [INFO]: Request is not CORS (request origin is empty). {"request":null,"server":"[object] (Neomerx\\Cors\\Http\\ParsedUrl: ://)"}
[2018-02-15 16:30:37] [DEBUG]: CORS analysis for request completed. 
[2018-02-15 16:30:43] [DEBUG]: CORS analysis for request started. 
[2018-02-15 16:30:43] [INFO]: Request is not CORS (request origin is empty). {"request":null,"server":"[object] (Neomerx\\Cors\\Http\\ParsedUrl: ://)"}
[2018-02-15 16:30:43] [DEBUG]: CORS analysis for request completed. 
[2018-02-15 16:31:04] [DEBUG]: CORS analysis for request started. 
[2018-02-15 16:31:04] [DEBUG]: Request is identified as an actual CORS request. 
[2018-02-15 16:31:04] [DEBUG]: CORS analysis for request completed. 
[2018-02-15 16:31:05] [DEBUG]: CORS analysis for request started. 
[2018-02-15 16:31:05] [INFO]: Request is not CORS (request origin is empty). {"request":null,"server":"[object] (Neomerx\\Cors\\Http\\ParsedUrl: ://)"}
[2018-02-15 16:31:05] [DEBUG]: CORS analysis for request completed. 
[2018-02-15 16:31:12] [DEBUG]: CORS analysis for request started. 
[2018-02-15 16:31:12] [INFO]: Request is not CORS (request origin is empty). {"request":null,"server":"[object] (Neomerx\\Cors\\Http\\ParsedUrl: ://)"}
[2018-02-15 16:31:12] [DEBUG]: CORS analysis for request completed. 
[2018-02-15 16:31:15] [DEBUG]: CORS analysis for request started. 
[2018-02-15 16:31:15] [INFO]: Request is not CORS (request origin is empty). {"request":null,"server":"[object] (Neomerx\\Cors\\Http\\ParsedUrl: ://)"}
[2018-02-15 16:31:15] [DEBUG]: CORS analysis for request completed. 
[2018-02-15 16:31:16] [DEBUG]: CORS analysis for request started. 
[2018-02-15 16:31:16] [INFO]: Request is not CORS (request origin is empty). {"request":null,"server":"[object] (Neomerx\\Cors\\Http\\ParsedUrl: ://)"}
[2018-02-15 16:31:16] [DEBUG]: CORS analysis for request completed. 
[2018-02-15 16:31:22] [DEBUG]: CORS analysis for request started. 
[2018-02-15 16:31:22] [INFO]: Request is not CORS (request origin is empty). {"request":null,"server":"[object] (Neomerx\\Cors\\Http\\ParsedUrl: ://)"}
[2018-02-15 16:31:22] [DEBUG]: CORS analysis for request completed. 
[2018-02-15 16:31:22] [DEBUG]: CORS analysis for request started. 
[2018-02-15 16:31:22] [INFO]: Request is not CORS (request origin is empty). {"request":null,"server":"[object] (Neomerx\\Cors\\Http\\ParsedUrl: ://)"}
[2018-02-15 16:31:22] [DEBUG]: CORS analysis for request completed. 
[2018-02-15 16:31:22] [DEBUG]: CORS analysis for request started. 
[2018-02-15 16:31:22] [INFO]: Request is not CORS (request origin is empty). {"request":null,"server":"[object] (Neomerx\\Cors\\Http\\ParsedUrl: ://)"}
[2018-02-15 16:31:22] [DEBUG]: CORS analysis for request completed. 
[2018-02-15 16:31:27] [DEBUG]: CORS analysis for request started. 
[2018-02-15 16:31:27] [DEBUG]: Request is identified as an actual CORS request. 
[2018-02-15 16:31:27] [DEBUG]: CORS analysis for request completed. 
[2018-02-15 16:31:32] [DEBUG]: CORS analysis for request started. 
[2018-02-15 16:31:32] [INFO]: Request is not CORS (request origin is empty). {"request":null,"server":"[object] (Neomerx\\Cors\\Http\\ParsedUrl: ://)"}
[2018-02-15 16:31:32] [DEBUG]: CORS analysis for request completed. 
[2018-02-15 16:31:37] [DEBUG]: CORS analysis for request started. 
[2018-02-15 16:31:37] [INFO]: Request is not CORS (request origin is empty). {"request":null,"server":"[object] (Neomerx\\Cors\\Http\\ParsedUrl: ://)"}
[2018-02-15 16:31:37] [DEBUG]: CORS analysis for request completed. 
[2018-02-15 16:31:37] [DEBUG]: CORS analysis for request started. 
[2018-02-15 16:31:37] [INFO]: Request is not CORS (request origin is empty). {"request":null,"server":"[object] (Neomerx\\Cors\\Http\\ParsedUrl: ://)"}
[2018-02-15 16:31:37] [DEBUG]: CORS analysis for request completed. 
[2018-02-15 16:31:40] [DEBUG]: CORS analysis for request started. 
[2018-02-15 16:31:40] [INFO]: Request is not CORS (request origin is empty). {"request":null,"server":"[object] (Neomerx\\Cors\\Http\\ParsedUrl: ://)"}
[2018-02-15 16:31:40] [DEBUG]: CORS analysis for request completed. 
[2018-02-15 16:31:47] [DEBUG]: CORS analysis for request started. 
[2018-02-15 16:31:47] [INFO]: Request is not CORS (request origin is empty). {"request":null,"server":"[object] (Neomerx\\Cors\\Http\\ParsedUrl: ://)"}
[2018-02-15 16:31:47] [DEBUG]: CORS analysis for request completed. 
[2018-02-15 16:31:47] [DEBUG]: CORS analysis for request started. 
[2018-02-15 16:31:47] [INFO]: Request is not CORS (request origin is empty). {"request":null,"server":"[object] (Neomerx\\Cors\\Http\\ParsedUrl: ://)"}
[2018-02-15 16:31:47] [DEBUG]: CORS analysis for request completed. 
[2018-02-15 16:31:59] [DEBUG]: CORS analysis for request started. 
[2018-02-15 16:31:59] [INFO]: Request is not CORS (request origin is empty). {"request":null,"server":"[object] (Neomerx\\Cors\\Http\\ParsedUrl: ://)"}
[2018-02-15 16:31:59] [DEBUG]: CORS analysis for request completed. 
[2018-02-15 16:32:04] [DEBUG]: CORS analysis for request started. 
[2018-02-15 16:32:04] [INFO]: Request is not CORS (request origin is empty). {"request":null,"server":"[object] (Neomerx\\Cors\\Http\\ParsedUrl: ://)"}
[2018-02-15 16:32:04] [DEBUG]: CORS analysis for request completed. 
[2018-02-15 16:32:04] [DEBUG]: CORS analysis for request started. 
[2018-02-15 16:32:04] [INFO]: Request is not CORS (request origin is empty). {"request":null,"server":"[object] (Neomerx\\Cors\\Http\\ParsedUrl: ://)"}
[2018-02-15 16:32:04] [DEBUG]: CORS analysis for request completed. 
[2018-02-15 16:32:04] [DEBUG]: CORS analysis for request started. 
[2018-02-15 16:32:04] [INFO]: Request is not CORS (request origin is empty). {"request":null,"server":"[object] (Neomerx\\Cors\\Http\\ParsedUrl: ://)"}
[2018-02-15 16:32:04] [DEBUG]: CORS analysis for request completed. 
[2018-02-15 16:32:09] [DEBUG]: CORS analysis for request started. 
[2018-02-15 16:32:09] [INFO]: Request is not CORS (request origin is empty). {"request":null,"server":"[object] (Neomerx\\Cors\\Http\\ParsedUrl: ://)"}
[2018-02-15 16:32:09] [DEBUG]: CORS analysis for request completed. 
[2018-02-15 16:32:10] [DEBUG]: CORS analysis for request started. 
[2018-02-15 16:32:10] [INFO]: Request is not CORS (request origin is empty). {"request":null,"server":"[object] (Neomerx\\Cors\\Http\\ParsedUrl: ://)"}
[2018-02-15 16:32:10] [DEBUG]: CORS analysis for request completed. 
[2018-02-15 16:32:13] [DEBUG]: CORS analysis for request started. 
[2018-02-15 16:32:13] [INFO]: Request is not CORS (request origin is empty). {"request":null,"server":"[object] (Neomerx\\Cors\\Http\\ParsedUrl: ://)"}
[2018-02-15 16:32:13] [DEBUG]: CORS analysis for request completed. 
[2018-02-15 16:32:15] [DEBUG]: CORS analysis for request started. 
[2018-02-15 16:32:15] [INFO]: Request is not CORS (request origin is empty). {"request":null,"server":"[object] (Neomerx\\Cors\\Http\\ParsedUrl: ://)"}
[2018-02-15 16:32:15] [DEBUG]: CORS analysis for request completed. 
[2018-02-15 16:32:17] [DEBUG]: CORS analysis for request started. 
[2018-02-15 16:32:17] [INFO]: Request is not CORS (request origin is empty). {"request":null,"server":"[object] (Neomerx\\Cors\\Http\\ParsedUrl: ://)"}
[2018-02-15 16:32:17] [DEBUG]: CORS analysis for request completed. 
[2018-02-15 16:32:23] [DEBUG]: CORS analysis for request started. 
[2018-02-15 16:32:23] [INFO]: Request is not CORS (request origin is empty). {"request":null,"server":"[object] (Neomerx\\Cors\\Http\\ParsedUrl: ://)"}
[2018-02-15 16:32:23] [DEBUG]: CORS analysis for request completed. 
[2018-02-15 16:32:23] [DEBUG]: CORS analysis for request started. 
[2018-02-15 16:32:23] [INFO]: Request is not CORS (request origin is empty). {"request":null,"server":"[object] (Neomerx\\Cors\\Http\\ParsedUrl: ://)"}
[2018-02-15 16:32:23] [DEBUG]: CORS analysis for request completed. 
[2018-02-15 16:32:23] [DEBUG]: CORS analysis for request started. 
[2018-02-15 16:32:23] [INFO]: Request is not CORS (request origin is empty). {"request":null,"server":"[object] (Neomerx\\Cors\\Http\\ParsedUrl: ://)"}
[2018-02-15 16:32:23] [DEBUG]: CORS analysis for request completed. 
[2018-02-15 16:32:27] [DEBUG]: CORS analysis for request started. 
[2018-02-15 16:32:27] [INFO]: Request is not CORS (request origin is empty). {"request":null,"server":"[object] (Neomerx\\Cors\\Http\\ParsedUrl: ://)"}
[2018-02-15 16:32:27] [DEBUG]: CORS analysis for request completed. 
[2018-02-15 16:32:34] [DEBUG]: CORS analysis for request started. 
[2018-02-15 16:32:34] [INFO]: Request is not CORS (request origin is empty). {"request":null,"server":"[object] (Neomerx\\Cors\\Http\\ParsedUrl: ://)"}
[2018-02-15 16:32:34] [DEBUG]: CORS analysis for request completed. 
[2018-02-15 16:32:34] [DEBUG]: CORS analysis for request started. 
[2018-02-15 16:32:34] [INFO]: Request is not CORS (request origin is empty). {"request":null,"server":"[object] (Neomerx\\Cors\\Http\\ParsedUrl: ://)"}
[2018-02-15 16:32:34] [DEBUG]: CORS analysis for request completed. 
[2018-02-15 16:32:34] [DEBUG]: CORS analysis for request started. 
[2018-02-15 16:32:34] [INFO]: Request is not CORS (request origin is empty). {"request":null,"server":"[object] (Neomerx\\Cors\\Http\\ParsedUrl: ://)"}
[2018-02-15 16:32:34] [DEBUG]: CORS analysis for request completed. 
[2018-02-15 16:32:40] [DEBUG]: CORS analysis for request started. 
[2018-02-15 16:32:40] [DEBUG]: Request is identified as an actual CORS request. 
[2018-02-15 16:32:40] [DEBUG]: CORS analysis for request completed. 
[2018-02-15 16:32:43] [DEBUG]: CORS analysis for request started. 
[2018-02-15 16:32:43] [INFO]: Request is not CORS (request origin is empty). {"request":null,"server":"[object] (Neomerx\\Cors\\Http\\ParsedUrl: ://)"}
[2018-02-15 16:32:43] [DEBUG]: CORS analysis for request completed. 
[2018-02-15 16:32:55] [DEBUG]: CORS analysis for request started. 
[2018-02-15 16:32:55] [INFO]: Request is not CORS (request origin is empty). {"request":null,"server":"[object] (Neomerx\\Cors\\Http\\ParsedUrl: ://)"}
[2018-02-15 16:32:55] [DEBUG]: CORS analysis for request completed. 
[2018-02-15 16:33:09] [DEBUG]: CORS analysis for request started. 
[2018-02-15 16:33:09] [DEBUG]: Request is identified as an actual CORS request. 
[2018-02-15 16:33:09] [DEBUG]: CORS analysis for request completed. 
[2018-02-15 16:33:09] [DEBUG]: CORS analysis for request started. 
[2018-02-15 16:33:09] [DEBUG]: Request is identified as an actual CORS request. 
[2018-02-15 16:33:09] [DEBUG]: CORS analysis for request completed. 
[2018-02-15 16:33:12] [DEBUG]: CORS analysis for request started. 
[2018-02-15 16:33:12] [DEBUG]: Request is identified as an actual CORS request. 
[2018-02-15 16:33:12] [DEBUG]: CORS analysis for request completed. 
[2018-02-15 16:33:13] [DEBUG]: CORS analysis for request started. 
[2018-02-15 16:33:13] [DEBUG]: Request is identified as an actual CORS request. 
[2018-02-15 16:33:13] [DEBUG]: CORS analysis for request completed. 
[2018-02-15 16:33:20] [DEBUG]: CORS analysis for request started. 
[2018-02-15 16:33:20] [DEBUG]: Request is identified as an actual CORS request. 
[2018-02-15 16:33:20] [DEBUG]: CORS analysis for request completed. 
[2018-02-15 16:41:49] [DEBUG]: CORS analysis for request started. 
[2018-02-15 16:41:49] [DEBUG]: Request is identified as an actual CORS request. 
[2018-02-15 16:41:49] [DEBUG]: CORS analysis for request completed. 
[2018-02-15 16:42:00] [DEBUG]: CORS analysis for request started. 
[2018-02-15 16:42:00] [INFO]: Request is not CORS (request origin is empty). {"request":null,"server":"[object] (Neomerx\\Cors\\Http\\ParsedUrl: ://)"}
[2018-02-15 16:42:00] [DEBUG]: CORS analysis for request completed. 
[2018-02-15 16:42:09] [DEBUG]: CORS analysis for request started. 
[2018-02-15 16:42:09] [DEBUG]: Request is identified as an actual CORS request. 
[2018-02-15 16:42:09] [DEBUG]: CORS analysis for request completed. 
[2018-02-15 16:44:24] [DEBUG]: CORS analysis for request started. 
[2018-02-15 16:44:24] [DEBUG]: Request is identified as an actual CORS request. 
[2018-02-15 16:44:24] [DEBUG]: CORS analysis for request completed. 
[2018-02-15 16:45:18] [DEBUG]: CORS analysis for request started. 
[2018-02-15 16:45:18] [DEBUG]: Request is identified as an actual CORS request. 
[2018-02-15 16:45:18] [DEBUG]: CORS analysis for request completed. 
[2018-02-15 16:45:18] [DEBUG]: CORS analysis for request started. 
[2018-02-15 16:45:18] [INFO]: Request is not CORS (request origin is empty). {"request":null,"server":"[object] (Neomerx\\Cors\\Http\\ParsedUrl: ://)"}
[2018-02-15 16:45:18] [DEBUG]: CORS analysis for request completed. 
[2018-02-15 16:45:43] [DEBUG]: CORS analysis for request started. 
[2018-02-15 16:45:43] [INFO]: Request is not CORS (request origin is empty). {"request":null,"server":"[object] (Neomerx\\Cors\\Http\\ParsedUrl: ://)"}
[2018-02-15 16:45:43] [DEBUG]: CORS analysis for request completed. 
