[2018-02-10 14:55:08] [DEBUG]: CORS analysis for request started. 
[2018-02-10 14:55:08] [DEBUG]: Request is identified as an actual CORS request. 
[2018-02-10 14:55:08] [DEBUG]: CORS analysis for request completed. 
[2018-02-10 16:31:48] [DEBUG]: CORS analysis for request started. 
[2018-02-10 16:31:48] [DEBUG]: Request is identified as an actual CORS request. 
[2018-02-10 16:31:48] [DEBUG]: CORS analysis for request completed. 
[2018-02-10 18:38:41] [DEBUG]: CORS analysis for request started. 
[2018-02-10 18:38:41] [DEBUG]: Request is identified as an actual CORS request. 
[2018-02-10 18:38:41] [DEBUG]: CORS analysis for request completed. 
[2018-02-10 18:38:43] [DEBUG]: CORS analysis for request started. 
[2018-02-10 18:38:43] [DEBUG]: Request is identified as an actual CORS request. 
[2018-02-10 18:38:43] [DEBUG]: CORS analysis for request completed. 
[2018-02-10 18:38:45] [DEBUG]: CORS analysis for request started. 
[2018-02-10 18:38:45] [DEBUG]: Request is identified as an actual CORS request. 
[2018-02-10 18:38:45] [DEBUG]: CORS analysis for request completed. 
[2018-02-10 18:40:07] [DEBUG]: CORS analysis for request started. 
[2018-02-10 18:40:07] [DEBUG]: Request is identified as an actual CORS request. 
[2018-02-10 18:40:07] [DEBUG]: CORS analysis for request completed. 
[2018-02-10 18:41:22] [DEBUG]: CORS analysis for request started. 
[2018-02-10 18:41:22] [DEBUG]: Request is identified as an actual CORS request. 
[2018-02-10 18:41:22] [DEBUG]: CORS analysis for request completed. 
[2018-02-10 18:42:01] [DEBUG]: CORS analysis for request started. 
[2018-02-10 18:42:01] [DEBUG]: Request is identified as an actual CORS request. 
[2018-02-10 18:42:01] [DEBUG]: CORS analysis for request completed. 
[2018-02-10 19:00:42] [DEBUG]: CORS analysis for request started. 
[2018-02-10 19:00:42] [DEBUG]: Request is identified as an actual CORS request. 
[2018-02-10 19:00:42] [DEBUG]: CORS analysis for request completed. 
[2018-02-10 19:00:42] [CRITICAL]: SQLSTATE[HY000] [1045] Access denied for user 'lpadmin'@'localhost' (using password: YES) 
[2018-02-10 19:10:13] [DEBUG]: CORS analysis for request started. 
[2018-02-10 19:10:13] [DEBUG]: Request is identified as an actual CORS request. 
[2018-02-10 19:10:13] [DEBUG]: CORS analysis for request completed. 
[2018-02-10 19:15:46] [DEBUG]: CORS analysis for request started. 
[2018-02-10 19:15:46] [DEBUG]: Request is identified as an actual CORS request. 
[2018-02-10 19:15:46] [DEBUG]: CORS analysis for request completed. 
[2018-02-10 19:15:46] [CRITICAL]: SQLSTATE[HY000] [1045] Access denied for user 'lpadmin'@'localhost' (using password: YES) 
[2018-02-10 19:16:31] [DEBUG]: CORS analysis for request started. 
[2018-02-10 19:16:31] [DEBUG]: Request is identified as an actual CORS request. 
[2018-02-10 19:16:31] [DEBUG]: CORS analysis for request completed. 
[2018-02-10 19:16:33] [DEBUG]: CORS analysis for request started. 
[2018-02-10 19:16:33] [DEBUG]: Request is identified as an actual CORS request. 
[2018-02-10 19:16:33] [DEBUG]: CORS analysis for request completed. 
[2018-02-10 19:16:34] [DEBUG]: CORS analysis for request started. 
[2018-02-10 19:16:34] [DEBUG]: Request is identified as an actual CORS request. 
[2018-02-10 19:16:34] [DEBUG]: CORS analysis for request completed. 
[2018-02-10 19:21:02] [DEBUG]: CORS analysis for request started. 
[2018-02-10 19:21:02] [DEBUG]: Request is identified as an actual CORS request. 
[2018-02-10 19:21:02] [DEBUG]: CORS analysis for request completed. 
[2018-02-10 19:21:10] [DEBUG]: CORS analysis for request started. 
[2018-02-10 19:21:10] [DEBUG]: Request is identified as an actual CORS request. 
[2018-02-10 19:21:10] [DEBUG]: CORS analysis for request completed. 
[2018-02-10 19:21:11] [DEBUG]: CORS analysis for request started. 
[2018-02-10 19:21:11] [DEBUG]: Request is identified as an actual CORS request. 
[2018-02-10 19:21:11] [DEBUG]: CORS analysis for request completed. 
[2018-02-10 19:22:08] [DEBUG]: CORS analysis for request started. 
[2018-02-10 19:22:08] [DEBUG]: Request is identified as an actual CORS request. 
[2018-02-10 19:22:08] [DEBUG]: CORS analysis for request completed. 
[2018-02-10 19:22:09] [DEBUG]: CORS analysis for request started. 
[2018-02-10 19:22:09] [DEBUG]: Request is identified as an actual CORS request. 
[2018-02-10 19:22:09] [DEBUG]: CORS analysis for request completed. 
[2018-02-10 19:22:10] [DEBUG]: CORS analysis for request started. 
[2018-02-10 19:22:10] [DEBUG]: Request is identified as an actual CORS request. 
[2018-02-10 19:22:10] [DEBUG]: CORS analysis for request completed. 
[2018-02-10 19:24:54] [DEBUG]: CORS analysis for request started. 
[2018-02-10 19:24:54] [DEBUG]: Request is identified as an actual CORS request. 
[2018-02-10 19:24:54] [DEBUG]: CORS analysis for request completed. 
[2018-02-10 19:24:56] [DEBUG]: CORS analysis for request started. 
[2018-02-10 19:24:56] [DEBUG]: Request is identified as an actual CORS request. 
[2018-02-10 19:24:56] [DEBUG]: CORS analysis for request completed. 
[2018-02-10 19:25:14] [DEBUG]: CORS analysis for request started. 
[2018-02-10 19:25:14] [DEBUG]: Request is identified as an actual CORS request. 
[2018-02-10 19:25:14] [DEBUG]: CORS analysis for request completed. 
[2018-02-10 19:25:35] [DEBUG]: CORS analysis for request started. 
[2018-02-10 19:25:35] [INFO]: Request is not CORS (request origin is empty). {"request":null,"server":"[object] (Neomerx\\Cors\\Http\\ParsedUrl: ://)"}
[2018-02-10 19:25:35] [DEBUG]: CORS analysis for request completed. 
[2018-02-10 19:25:35] [DEBUG]: Using token from environment 
[2018-02-10 19:25:35] [CRITICAL]: Class App\Exceptions\Handler does not exist (SQL: select * from `tm`) 
[2018-02-10 19:25:38] [DEBUG]: CORS analysis for request started. 
[2018-02-10 19:25:38] [INFO]: Request is not CORS (request origin is empty). {"request":null,"server":"[object] (Neomerx\\Cors\\Http\\ParsedUrl: ://)"}
[2018-02-10 19:25:38] [DEBUG]: CORS analysis for request completed. 
[2018-02-10 19:25:38] [DEBUG]: Using token from environment 
[2018-02-10 19:25:38] [CRITICAL]: Class App\Exceptions\Handler does not exist (SQL: select * from `rooms`) 
[2018-02-10 19:25:42] [DEBUG]: CORS analysis for request started. 
[2018-02-10 19:25:42] [INFO]: Request is not CORS (request origin is empty). {"request":null,"server":"[object] (Neomerx\\Cors\\Http\\ParsedUrl: ://)"}
[2018-02-10 19:25:42] [DEBUG]: CORS analysis for request completed. 
[2018-02-10 19:25:42] [DEBUG]: Using token from environment 
[2018-02-10 19:25:42] [CRITICAL]: Class App\Exceptions\Handler does not exist (SQL: select * from `users`) 
[2018-02-10 19:27:26] [DEBUG]: CORS analysis for request started. 
[2018-02-10 19:27:26] [INFO]: Request is not CORS (request origin is empty). {"request":null,"server":"[object] (Neomerx\\Cors\\Http\\ParsedUrl: ://)"}
[2018-02-10 19:27:26] [DEBUG]: CORS analysis for request completed. 
[2018-02-10 19:27:26] [DEBUG]: Using token from environment 
[2018-02-10 19:44:49] [DEBUG]: CORS analysis for request started. 
[2018-02-10 19:44:49] [INFO]: Request is not CORS (request origin is empty). {"request":null,"server":"[object] (Neomerx\\Cors\\Http\\ParsedUrl: ://)"}
[2018-02-10 19:44:49] [DEBUG]: CORS analysis for request completed. 
[2018-02-10 19:44:49] [DEBUG]: Using token from environment 
[2018-02-10 19:52:11] [DEBUG]: CORS analysis for request started. 
[2018-02-10 19:52:11] [INFO]: Request is not CORS (request origin is empty). {"request":null,"server":"[object] (Neomerx\\Cors\\Http\\ParsedUrl: ://)"}
[2018-02-10 19:52:11] [DEBUG]: CORS analysis for request completed. 
[2018-02-10 19:52:11] [DEBUG]: Using token from environment 
[2018-02-10 19:54:15] [DEBUG]: CORS analysis for request started. 
[2018-02-10 19:54:15] [INFO]: Request is not CORS (request origin is empty). {"request":null,"server":"[object] (Neomerx\\Cors\\Http\\ParsedUrl: ://)"}
[2018-02-10 19:54:15] [DEBUG]: CORS analysis for request completed. 
[2018-02-10 19:54:15] [DEBUG]: Using token from environment 
[2018-02-10 20:00:30] [DEBUG]: CORS analysis for request started. 
[2018-02-10 20:00:30] [INFO]: Request is not CORS (request origin is empty). {"request":null,"server":"[object] (Neomerx\\Cors\\Http\\ParsedUrl: ://)"}
[2018-02-10 20:00:30] [DEBUG]: CORS analysis for request completed. 
[2018-02-10 20:00:30] [DEBUG]: Using token from environment 
[2018-02-10 20:00:31] [DEBUG]: CORS analysis for request started. 
[2018-02-10 20:00:31] [INFO]: Request is not CORS (request origin is empty). {"request":null,"server":"[object] (Neomerx\\Cors\\Http\\ParsedUrl: ://)"}
[2018-02-10 20:00:31] [DEBUG]: CORS analysis for request completed. 
[2018-02-10 20:00:31] [DEBUG]: Using token from environment 
[2018-02-10 20:01:31] [DEBUG]: CORS analysis for request started. 
[2018-02-10 20:01:31] [INFO]: Request is not CORS (request origin is empty). {"request":null,"server":"[object] (Neomerx\\Cors\\Http\\ParsedUrl: ://)"}
[2018-02-10 20:01:31] [DEBUG]: CORS analysis for request completed. 
[2018-02-10 20:01:31] [DEBUG]: Using token from environment 
[2018-02-10 20:01:49] [DEBUG]: CORS analysis for request started. 
[2018-02-10 20:01:49] [INFO]: Request is not CORS (request origin is empty). {"request":null,"server":"[object] (Neomerx\\Cors\\Http\\ParsedUrl: ://)"}
[2018-02-10 20:01:49] [DEBUG]: CORS analysis for request completed. 
[2018-02-10 20:01:49] [DEBUG]: Using token from environment 
[2018-02-10 20:01:51] [DEBUG]: CORS analysis for request started. 
[2018-02-10 20:01:51] [INFO]: Request is not CORS (request origin is empty). {"request":null,"server":"[object] (Neomerx\\Cors\\Http\\ParsedUrl: ://)"}
[2018-02-10 20:01:51] [DEBUG]: CORS analysis for request completed. 
[2018-02-10 20:01:51] [DEBUG]: Using token from environment 
[2018-02-10 20:01:54] [DEBUG]: CORS analysis for request started. 
[2018-02-10 20:01:54] [INFO]: Request is not CORS (request origin is empty). {"request":null,"server":"[object] (Neomerx\\Cors\\Http\\ParsedUrl: ://)"}
[2018-02-10 20:01:54] [DEBUG]: CORS analysis for request completed. 
[2018-02-10 20:01:54] [DEBUG]: Using token from environment 
[2018-02-10 20:02:16] [DEBUG]: CORS analysis for request started. 
[2018-02-10 20:02:16] [DEBUG]: Request is identified as an actual CORS request. 
[2018-02-10 20:02:16] [DEBUG]: CORS analysis for request completed. 
[2018-02-10 20:02:35] [DEBUG]: CORS analysis for request started. 
[2018-02-10 20:02:35] [INFO]: Request is not CORS (request origin is empty). {"request":null,"server":"[object] (Neomerx\\Cors\\Http\\ParsedUrl: ://)"}
[2018-02-10 20:02:35] [DEBUG]: CORS analysis for request completed. 
[2018-02-10 20:02:35] [DEBUG]: Using token from environment 
[2018-02-10 20:05:06] [DEBUG]: CORS analysis for request started. 
[2018-02-10 20:05:06] [INFO]: Request is not CORS (request origin is empty). {"request":null,"server":"[object] (Neomerx\\Cors\\Http\\ParsedUrl: ://)"}
[2018-02-10 20:05:06] [DEBUG]: CORS analysis for request completed. 
[2018-02-10 20:05:06] [DEBUG]: Using token from environment 
[2018-02-10 20:28:09] [DEBUG]: CORS analysis for request started. 
[2018-02-10 20:28:09] [INFO]: Request is not CORS (request origin is empty). {"request":null,"server":"[object] (Neomerx\\Cors\\Http\\ParsedUrl: ://)"}
[2018-02-10 20:28:09] [DEBUG]: CORS analysis for request completed. 
[2018-02-10 20:28:09] [DEBUG]: Using token from environment 
[2018-02-10 20:32:44] [DEBUG]: CORS analysis for request started. 
[2018-02-10 20:32:44] [INFO]: Request is not CORS (request origin is empty). {"request":null,"server":"[object] (Neomerx\\Cors\\Http\\ParsedUrl: ://)"}
[2018-02-10 20:32:44] [DEBUG]: CORS analysis for request completed. 
[2018-02-10 20:32:44] [DEBUG]: Using token from environment 
[2018-02-10 20:32:55] [DEBUG]: CORS analysis for request started. 
[2018-02-10 20:32:55] [INFO]: Request is not CORS (request origin is empty). {"request":null,"server":"[object] (Neomerx\\Cors\\Http\\ParsedUrl: ://)"}
[2018-02-10 20:32:55] [DEBUG]: CORS analysis for request completed. 
[2018-02-10 20:32:55] [DEBUG]: Using token from environment 
[2018-02-10 20:32:57] [DEBUG]: CORS analysis for request started. 
[2018-02-10 20:32:57] [INFO]: Request is not CORS (request origin is empty). {"request":null,"server":"[object] (Neomerx\\Cors\\Http\\ParsedUrl: ://)"}
[2018-02-10 20:32:57] [DEBUG]: CORS analysis for request completed. 
[2018-02-10 20:32:57] [DEBUG]: Using token from environment 
[2018-02-10 20:32:58] [DEBUG]: CORS analysis for request started. 
[2018-02-10 20:32:58] [INFO]: Request is not CORS (request origin is empty). {"request":null,"server":"[object] (Neomerx\\Cors\\Http\\ParsedUrl: ://)"}
[2018-02-10 20:32:58] [DEBUG]: CORS analysis for request completed. 
[2018-02-10 20:32:58] [DEBUG]: Using token from environment 
[2018-02-10 20:33:05] [DEBUG]: CORS analysis for request started. 
[2018-02-10 20:33:05] [INFO]: Request is not CORS (request origin is empty). {"request":null,"server":"[object] (Neomerx\\Cors\\Http\\ParsedUrl: ://)"}
[2018-02-10 20:33:05] [DEBUG]: CORS analysis for request completed. 
[2018-02-10 20:33:05] [DEBUG]: Using token from environment 
[2018-02-10 20:33:07] [DEBUG]: CORS analysis for request started. 
[2018-02-10 20:33:07] [INFO]: Request is not CORS (request origin is empty). {"request":null,"server":"[object] (Neomerx\\Cors\\Http\\ParsedUrl: ://)"}
[2018-02-10 20:33:07] [DEBUG]: CORS analysis for request completed. 
[2018-02-10 20:33:07] [DEBUG]: Using token from environment 
[2018-02-10 20:33:08] [DEBUG]: CORS analysis for request started. 
[2018-02-10 20:33:08] [INFO]: Request is not CORS (request origin is empty). {"request":null,"server":"[object] (Neomerx\\Cors\\Http\\ParsedUrl: ://)"}
[2018-02-10 20:33:08] [DEBUG]: CORS analysis for request completed. 
[2018-02-10 20:33:08] [DEBUG]: Using token from environment 
[2018-02-10 20:33:13] [DEBUG]: CORS analysis for request started. 
[2018-02-10 20:33:13] [INFO]: Request is not CORS (request origin is empty). {"request":null,"server":"[object] (Neomerx\\Cors\\Http\\ParsedUrl: ://)"}
[2018-02-10 20:33:13] [DEBUG]: CORS analysis for request completed. 
[2018-02-10 20:33:13] [DEBUG]: Using token from environment 
[2018-02-10 20:33:14] [DEBUG]: CORS analysis for request started. 
[2018-02-10 20:33:14] [INFO]: Request is not CORS (request origin is empty). {"request":null,"server":"[object] (Neomerx\\Cors\\Http\\ParsedUrl: ://)"}
[2018-02-10 20:33:14] [DEBUG]: CORS analysis for request completed. 
[2018-02-10 20:33:14] [DEBUG]: Using token from environment 
[2018-02-10 20:33:15] [DEBUG]: CORS analysis for request started. 
[2018-02-10 20:33:15] [INFO]: Request is not CORS (request origin is empty). {"request":null,"server":"[object] (Neomerx\\Cors\\Http\\ParsedUrl: ://)"}
[2018-02-10 20:33:15] [DEBUG]: CORS analysis for request completed. 
[2018-02-10 20:33:15] [DEBUG]: Using token from environment 
[2018-02-10 20:34:01] [DEBUG]: CORS analysis for request started. 
[2018-02-10 20:34:01] [DEBUG]: Request is identified as an actual CORS request. 
[2018-02-10 20:34:01] [DEBUG]: CORS analysis for request completed. 
[2018-02-10 20:34:03] [DEBUG]: CORS analysis for request started. 
[2018-02-10 20:34:03] [DEBUG]: Request is identified as an actual CORS request. 
[2018-02-10 20:34:03] [DEBUG]: CORS analysis for request completed. 
[2018-02-10 20:34:06] [DEBUG]: CORS analysis for request started. 
[2018-02-10 20:34:06] [DEBUG]: Request is identified as an actual CORS request. 
[2018-02-10 20:34:06] [DEBUG]: CORS analysis for request completed. 
[2018-02-10 20:34:17] [DEBUG]: CORS analysis for request started. 
[2018-02-10 20:34:17] [DEBUG]: Request is identified as an actual CORS request. 
[2018-02-10 20:34:17] [DEBUG]: CORS analysis for request completed. 
[2018-02-10 20:34:20] [DEBUG]: CORS analysis for request started. 
[2018-02-10 20:34:20] [DEBUG]: Request is identified as an actual CORS request. 
[2018-02-10 20:34:20] [DEBUG]: CORS analysis for request completed. 
[2018-02-10 20:34:21] [DEBUG]: CORS analysis for request started. 
[2018-02-10 20:34:21] [DEBUG]: Request is identified as an actual CORS request. 
[2018-02-10 20:34:21] [DEBUG]: CORS analysis for request completed. 
[2018-02-10 20:34:30] [DEBUG]: CORS analysis for request started. 
[2018-02-10 20:34:30] [DEBUG]: Request is identified as an actual CORS request. 
[2018-02-10 20:34:31] [DEBUG]: CORS analysis for request completed. 
[2018-02-10 20:34:54] [DEBUG]: CORS analysis for request started. 
[2018-02-10 20:34:54] [INFO]: Request is not CORS (request origin is empty). {"request":null,"server":"[object] (Neomerx\\Cors\\Http\\ParsedUrl: ://)"}
[2018-02-10 20:34:54] [DEBUG]: CORS analysis for request completed. 
[2018-02-10 20:34:54] [DEBUG]: Using token from environment 
[2018-02-10 20:35:45] [DEBUG]: CORS analysis for request started. 
[2018-02-10 20:35:45] [INFO]: Request is not CORS (request origin is empty). {"request":null,"server":"[object] (Neomerx\\Cors\\Http\\ParsedUrl: ://)"}
[2018-02-10 20:35:45] [DEBUG]: CORS analysis for request completed. 
[2018-02-10 20:35:45] [DEBUG]: Using token from environment 
[2018-02-10 20:43:25] [DEBUG]: CORS analysis for request started. 
[2018-02-10 20:43:25] [INFO]: Request is not CORS (request origin is empty). {"request":null,"server":"[object] (Neomerx\\Cors\\Http\\ParsedUrl: ://)"}
[2018-02-10 20:43:25] [DEBUG]: CORS analysis for request completed. 
[2018-02-10 20:43:25] [DEBUG]: Using token from environment 
[2018-02-10 20:43:26] [DEBUG]: CORS analysis for request started. 
[2018-02-10 20:43:26] [INFO]: Request is not CORS (request origin is empty). {"request":null,"server":"[object] (Neomerx\\Cors\\Http\\ParsedUrl: ://)"}
[2018-02-10 20:43:26] [DEBUG]: CORS analysis for request completed. 
[2018-02-10 20:43:26] [DEBUG]: Using token from environment 
[2018-02-10 20:43:27] [DEBUG]: CORS analysis for request started. 
[2018-02-10 20:43:27] [INFO]: Request is not CORS (request origin is empty). {"request":null,"server":"[object] (Neomerx\\Cors\\Http\\ParsedUrl: ://)"}
[2018-02-10 20:43:27] [DEBUG]: CORS analysis for request completed. 
[2018-02-10 20:43:27] [DEBUG]: Using token from environment 
[2018-02-10 20:47:50] [DEBUG]: CORS analysis for request started. 
[2018-02-10 20:47:50] [INFO]: Request is not CORS (request origin is empty). {"request":null,"server":"[object] (Neomerx\\Cors\\Http\\ParsedUrl: ://)"}
[2018-02-10 20:47:50] [DEBUG]: CORS analysis for request completed. 
[2018-02-10 20:47:50] [DEBUG]: Using token from environment 
[2018-02-10 20:54:33] [DEBUG]: CORS analysis for request started. 
[2018-02-10 20:54:33] [INFO]: Request is not CORS (request origin is empty). {"request":null,"server":"[object] (Neomerx\\Cors\\Http\\ParsedUrl: ://)"}
[2018-02-10 20:54:33] [DEBUG]: CORS analysis for request completed. 
[2018-02-10 20:54:33] [DEBUG]: Using token from environment 
[2018-02-10 20:54:34] [DEBUG]: CORS analysis for request started. 
[2018-02-10 20:54:34] [INFO]: Request is not CORS (request origin is empty). {"request":null,"server":"[object] (Neomerx\\Cors\\Http\\ParsedUrl: ://)"}
[2018-02-10 20:54:34] [DEBUG]: CORS analysis for request completed. 
[2018-02-10 20:54:34] [DEBUG]: Using token from environment 
[2018-02-10 20:54:35] [DEBUG]: CORS analysis for request started. 
[2018-02-10 20:54:35] [INFO]: Request is not CORS (request origin is empty). {"request":null,"server":"[object] (Neomerx\\Cors\\Http\\ParsedUrl: ://)"}
[2018-02-10 20:54:35] [DEBUG]: CORS analysis for request completed. 
[2018-02-10 20:54:35] [DEBUG]: Using token from environment 
[2018-02-10 20:54:43] [DEBUG]: CORS analysis for request started. 
[2018-02-10 20:54:43] [INFO]: Request is not CORS (request origin is empty). {"request":null,"server":"[object] (Neomerx\\Cors\\Http\\ParsedUrl: ://)"}
[2018-02-10 20:54:43] [DEBUG]: CORS analysis for request completed. 
[2018-02-10 20:54:43] [DEBUG]: Using token from environment 
[2018-02-10 20:54:44] [DEBUG]: CORS analysis for request started. 
[2018-02-10 20:54:44] [INFO]: Request is not CORS (request origin is empty). {"request":null,"server":"[object] (Neomerx\\Cors\\Http\\ParsedUrl: ://)"}
[2018-02-10 20:54:44] [DEBUG]: CORS analysis for request completed. 
[2018-02-10 20:54:44] [DEBUG]: Using token from environment 
