[2017-12-12 11:28:34] [DEBUG]: CORS analysis for request started. 
[2017-12-12 11:28:34] [INFO]: Request is not CORS (request origin is empty). {"request":null,"server":"[object] (Neomerx\\Cors\\Http\\ParsedUrl: ://)"}
[2017-12-12 11:28:34] [DEBUG]: CORS analysis for request completed. 
[2017-12-12 11:58:37] [DEBUG]: CORS analysis for request started. 
[2017-12-12 11:58:37] [INFO]: Request is not CORS (request origin is empty). {"request":null,"server":"[object] (Neomerx\\Cors\\Http\\ParsedUrl: ://)"}
[2017-12-12 11:58:37] [DEBUG]: CORS analysis for request completed. 
[2017-12-12 11:58:37] [DEBUG]: Using token from environment 
[2017-12-12 11:59:18] [DEBUG]: CORS analysis for request started. 
[2017-12-12 11:59:18] [INFO]: Request is not CORS (request origin is empty). {"request":null,"server":"[object] (Neomerx\\Cors\\Http\\ParsedUrl: ://)"}
[2017-12-12 11:59:18] [DEBUG]: CORS analysis for request completed. 
[2017-12-12 11:59:18] [DEBUG]: Using token from environment 
[2017-12-12 11:59:34] [DEBUG]: CORS analysis for request started. 
[2017-12-12 11:59:34] [INFO]: Request is not CORS (request origin is empty). {"request":null,"server":"[object] (Neomerx\\Cors\\Http\\ParsedUrl: ://)"}
[2017-12-12 11:59:34] [DEBUG]: CORS analysis for request completed. 
[2017-12-12 11:59:34] [DEBUG]: Using token from environment 
[2017-12-12 12:00:22] [DEBUG]: CORS analysis for request started. 
[2017-12-12 12:00:22] [INFO]: Request is not CORS (request origin is empty). {"request":null,"server":"[object] (Neomerx\\Cors\\Http\\ParsedUrl: ://)"}
[2017-12-12 12:00:22] [DEBUG]: CORS analysis for request completed. 
[2017-12-12 12:00:22] [DEBUG]: Using token from environment 
[2017-12-12 12:00:30] [DEBUG]: CORS analysis for request started. 
[2017-12-12 12:00:30] [INFO]: Request is not CORS (request origin is empty). {"request":null,"server":"[object] (Neomerx\\Cors\\Http\\ParsedUrl: ://)"}
[2017-12-12 12:00:30] [DEBUG]: CORS analysis for request completed. 
[2017-12-12 12:00:30] [DEBUG]: Using token from environment 
[2017-12-12 12:01:04] [DEBUG]: CORS analysis for request started. 
[2017-12-12 12:01:04] [INFO]: Request is not CORS (request origin is empty). {"request":null,"server":"[object] (Neomerx\\Cors\\Http\\ParsedUrl: ://)"}
[2017-12-12 12:01:04] [DEBUG]: CORS analysis for request completed. 
[2017-12-12 12:01:04] [DEBUG]: Using token from environment 
[2017-12-12 12:10:27] [DEBUG]: CORS analysis for request started. 
[2017-12-12 12:10:27] [INFO]: Request is not CORS (request origin is empty). {"request":null,"server":"[object] (Neomerx\\Cors\\Http\\ParsedUrl: ://)"}
[2017-12-12 12:10:27] [DEBUG]: CORS analysis for request completed. 
[2017-12-12 12:10:27] [DEBUG]: Using token from environment 
[2017-12-12 12:10:36] [DEBUG]: CORS analysis for request started. 
[2017-12-12 12:10:36] [INFO]: Request is not CORS (request origin is empty). {"request":null,"server":"[object] (Neomerx\\Cors\\Http\\ParsedUrl: ://)"}
[2017-12-12 12:10:36] [DEBUG]: CORS analysis for request completed. 
[2017-12-12 12:10:36] [DEBUG]: Using token from environment 
[2017-12-12 12:11:43] [DEBUG]: CORS analysis for request started. 
[2017-12-12 12:11:43] [INFO]: Request is not CORS (request origin is empty). {"request":null,"server":"[object] (Neomerx\\Cors\\Http\\ParsedUrl: ://)"}
[2017-12-12 12:11:43] [DEBUG]: CORS analysis for request completed. 
[2017-12-12 12:11:43] [DEBUG]: Using token from environment 
[2017-12-12 12:13:27] [DEBUG]: CORS analysis for request started. 
[2017-12-12 12:13:27] [INFO]: Request is not CORS (request origin is empty). {"request":null,"server":"[object] (Neomerx\\Cors\\Http\\ParsedUrl: ://)"}
[2017-12-12 12:13:27] [DEBUG]: CORS analysis for request completed. 
[2017-12-12 12:13:27] [DEBUG]: Using token from environment 
[2017-12-12 12:14:04] [DEBUG]: CORS analysis for request started. 
[2017-12-12 12:14:04] [INFO]: Request is not CORS (request origin is empty). {"request":null,"server":"[object] (Neomerx\\Cors\\Http\\ParsedUrl: ://)"}
[2017-12-12 12:14:04] [DEBUG]: CORS analysis for request completed. 
[2017-12-12 12:14:04] [DEBUG]: Using token from environment 
[2017-12-12 12:14:34] [DEBUG]: CORS analysis for request started. 
[2017-12-12 12:14:34] [INFO]: Request is not CORS (request origin is empty). {"request":null,"server":"[object] (Neomerx\\Cors\\Http\\ParsedUrl: ://)"}
[2017-12-12 12:14:34] [DEBUG]: CORS analysis for request completed. 
[2017-12-12 12:14:34] [DEBUG]: Using token from environment 
[2017-12-12 12:15:30] [DEBUG]: CORS analysis for request started. 
[2017-12-12 12:15:30] [INFO]: Request is not CORS (request origin is empty). {"request":null,"server":"[object] (Neomerx\\Cors\\Http\\ParsedUrl: ://)"}
[2017-12-12 12:15:30] [DEBUG]: CORS analysis for request completed. 
[2017-12-12 12:15:30] [DEBUG]: Using token from environment 
[2017-12-12 12:17:19] [DEBUG]: CORS analysis for request started. 
[2017-12-12 12:17:19] [INFO]: Request is not CORS (request origin is empty). {"request":null,"server":"[object] (Neomerx\\Cors\\Http\\ParsedUrl: ://)"}
[2017-12-12 12:17:19] [DEBUG]: CORS analysis for request completed. 
[2017-12-12 12:17:19] [DEBUG]: Using token from environment 
[2017-12-12 12:19:42] [DEBUG]: CORS analysis for request started. 
[2017-12-12 12:19:42] [INFO]: Request is not CORS (request origin is empty). {"request":null,"server":"[object] (Neomerx\\Cors\\Http\\ParsedUrl: ://)"}
[2017-12-12 12:19:42] [DEBUG]: CORS analysis for request completed. 
[2017-12-12 12:19:42] [DEBUG]: Using token from environment 
[2017-12-12 12:20:15] [DEBUG]: CORS analysis for request started. 
[2017-12-12 12:20:15] [INFO]: Request is not CORS (request origin is empty). {"request":null,"server":"[object] (Neomerx\\Cors\\Http\\ParsedUrl: ://)"}
[2017-12-12 12:20:15] [DEBUG]: CORS analysis for request completed. 
[2017-12-12 12:20:15] [DEBUG]: Using token from environment 
[2017-12-12 12:20:59] [DEBUG]: CORS analysis for request started. 
[2017-12-12 12:20:59] [INFO]: Request is not CORS (request origin is empty). {"request":null,"server":"[object] (Neomerx\\Cors\\Http\\ParsedUrl: ://)"}
[2017-12-12 12:20:59] [DEBUG]: CORS analysis for request completed. 
[2017-12-12 12:20:59] [DEBUG]: Using token from environment 
[2017-12-12 13:20:07] [DEBUG]: CORS analysis for request started. 
[2017-12-12 13:20:07] [INFO]: Request is not CORS (request origin is empty). {"request":null,"server":"[object] (Neomerx\\Cors\\Http\\ParsedUrl: ://)"}
[2017-12-12 13:20:07] [DEBUG]: CORS analysis for request completed. 
[2017-12-12 13:20:07] [DEBUG]: Using token from environment 
[2017-12-12 13:20:07] [WARNING]: Expired token ["eyJ0eXAiOiJKV1QiLCJhbGciOiJIUzI1NiJ9.eyJpYXQiOjE1MTMwNzA5MTUsImV4cCI6MTUxMzA3NDUxNSwianRpIjoiMWNQcDMwamllTE9MQlVNSmMxd1M2RSIsInN1YiI6bnVsbCwic2NvcGUiOlsicHV0IiwiZ2V0IiwicG9zdCJdLCJjdXJsUmVzdWx0cyI6bnVsbCwicmVmcmVzaC10b2tlbiI6eyJ0b2tlbiI6ImV5SjBlWEFpT2lKS1YxUWlMQ0poYkdjaU9pSklVekkxTmlKOS5leUpwWVhRaU9qRTFNVE13TnpBNU1UVXNJbVY0Y0NJNk1UVXhNekV3TmpreE5Td2lhblJwSWpvaU1XTlFjRE13YW1sbFRFOU1RbFZOU21NeGQxTTJSU0lzSW5OMVlpSTZiblZzYkN3aVkzVnliRkpsYzNWc2RITWlPbTUxYkd4OS5HckhsZTJDOV9qdUhXWFVmTzQ2eF9tM0N0Z2hQR2xMWUpKTExiNVpwWmdZIiwiZXhwaXJlcyI6MTUxMzEwNjkxNX19.wuCSKU6XQlod9RRw3sI9nK5-SCdn8PfamFnXRwJAx1s"]
[2017-12-12 13:20:19] [DEBUG]: CORS analysis for request started. 
[2017-12-12 13:20:19] [INFO]: Request is not CORS (request origin is empty). {"request":null,"server":"[object] (Neomerx\\Cors\\Http\\ParsedUrl: ://)"}
[2017-12-12 13:20:19] [DEBUG]: CORS analysis for request completed. 
[2017-12-12 13:20:31] [DEBUG]: CORS analysis for request started. 
[2017-12-12 13:20:31] [INFO]: Request is not CORS (request origin is empty). {"request":null,"server":"[object] (Neomerx\\Cors\\Http\\ParsedUrl: ://)"}
[2017-12-12 13:20:31] [DEBUG]: CORS analysis for request completed. 
[2017-12-12 13:20:31] [DEBUG]: Using token from environment 
[2017-12-12 13:20:47] [DEBUG]: CORS analysis for request started. 
[2017-12-12 13:20:47] [INFO]: Request is not CORS (request origin is empty). {"request":null,"server":"[object] (Neomerx\\Cors\\Http\\ParsedUrl: ://)"}
[2017-12-12 13:20:47] [DEBUG]: CORS analysis for request completed. 
[2017-12-12 13:20:47] [DEBUG]: Using token from environment 
[2017-12-12 13:21:28] [DEBUG]: CORS analysis for request started. 
[2017-12-12 13:21:28] [INFO]: Request is not CORS (request origin is empty). {"request":null,"server":"[object] (Neomerx\\Cors\\Http\\ParsedUrl: ://)"}
[2017-12-12 13:21:28] [DEBUG]: CORS analysis for request completed. 
[2017-12-12 13:21:28] [DEBUG]: Using token from environment 
[2017-12-12 13:22:32] [DEBUG]: CORS analysis for request started. 
[2017-12-12 13:22:32] [INFO]: Request is not CORS (request origin is empty). {"request":null,"server":"[object] (Neomerx\\Cors\\Http\\ParsedUrl: ://)"}
[2017-12-12 13:22:32] [DEBUG]: CORS analysis for request completed. 
[2017-12-12 13:22:32] [DEBUG]: Using token from environment 
[2017-12-12 13:22:49] [DEBUG]: CORS analysis for request started. 
[2017-12-12 13:22:49] [INFO]: Request is not CORS (request origin is empty). {"request":null,"server":"[object] (Neomerx\\Cors\\Http\\ParsedUrl: ://)"}
[2017-12-12 13:22:49] [DEBUG]: CORS analysis for request completed. 
[2017-12-12 13:22:49] [DEBUG]: Using token from environment 
[2017-12-12 13:23:39] [DEBUG]: CORS analysis for request started. 
[2017-12-12 13:23:39] [INFO]: Request is not CORS (request origin is empty). {"request":null,"server":"[object] (Neomerx\\Cors\\Http\\ParsedUrl: ://)"}
[2017-12-12 13:23:39] [DEBUG]: CORS analysis for request completed. 
[2017-12-12 13:23:39] [DEBUG]: Using token from environment 
[2017-12-12 13:37:45] [DEBUG]: CORS analysis for request started. 
[2017-12-12 13:37:45] [INFO]: Request is not CORS (request origin is empty). {"request":null,"server":"[object] (Neomerx\\Cors\\Http\\ParsedUrl: ://)"}
[2017-12-12 13:37:45] [DEBUG]: CORS analysis for request completed. 
[2017-12-12 13:37:45] [DEBUG]: Using token from environment 
[2017-12-12 13:37:55] [DEBUG]: CORS analysis for request started. 
[2017-12-12 13:37:55] [INFO]: Request is not CORS (request origin is empty). {"request":null,"server":"[object] (Neomerx\\Cors\\Http\\ParsedUrl: ://)"}
[2017-12-12 13:37:55] [DEBUG]: CORS analysis for request completed. 
[2017-12-12 13:37:55] [DEBUG]: Using token from environment 
[2017-12-12 13:38:42] [DEBUG]: CORS analysis for request started. 
[2017-12-12 13:38:42] [INFO]: Request is not CORS (request origin is empty). {"request":null,"server":"[object] (Neomerx\\Cors\\Http\\ParsedUrl: ://)"}
[2017-12-12 13:38:42] [DEBUG]: CORS analysis for request completed. 
[2017-12-12 13:38:42] [DEBUG]: Using token from environment 
[2017-12-12 13:38:46] [DEBUG]: CORS analysis for request started. 
[2017-12-12 13:38:46] [INFO]: Request is not CORS (request origin is empty). {"request":null,"server":"[object] (Neomerx\\Cors\\Http\\ParsedUrl: ://)"}
[2017-12-12 13:38:46] [DEBUG]: CORS analysis for request completed. 
[2017-12-12 13:38:46] [DEBUG]: Using token from environment 
[2017-12-12 13:39:02] [DEBUG]: CORS analysis for request started. 
[2017-12-12 13:39:02] [INFO]: Request is not CORS (request origin is empty). {"request":null,"server":"[object] (Neomerx\\Cors\\Http\\ParsedUrl: ://)"}
[2017-12-12 13:39:02] [DEBUG]: CORS analysis for request completed. 
[2017-12-12 13:39:02] [DEBUG]: Using token from environment 
[2017-12-12 13:39:42] [DEBUG]: CORS analysis for request started. 
[2017-12-12 13:39:42] [INFO]: Request is not CORS (request origin is empty). {"request":null,"server":"[object] (Neomerx\\Cors\\Http\\ParsedUrl: ://)"}
[2017-12-12 13:39:42] [DEBUG]: CORS analysis for request completed. 
[2017-12-12 13:39:42] [DEBUG]: Using token from environment 
[2017-12-12 13:40:37] [DEBUG]: CORS analysis for request started. 
[2017-12-12 13:40:37] [INFO]: Request is not CORS (request origin is empty). {"request":null,"server":"[object] (Neomerx\\Cors\\Http\\ParsedUrl: ://)"}
[2017-12-12 13:40:37] [DEBUG]: CORS analysis for request completed. 
[2017-12-12 13:40:37] [DEBUG]: Using token from environment 
[2017-12-12 13:42:44] [DEBUG]: CORS analysis for request started. 
[2017-12-12 13:42:44] [INFO]: Request is not CORS (request origin is empty). {"request":null,"server":"[object] (Neomerx\\Cors\\Http\\ParsedUrl: ://)"}
[2017-12-12 13:42:44] [DEBUG]: CORS analysis for request completed. 
[2017-12-12 13:42:44] [DEBUG]: Using token from environment 
[2017-12-12 13:43:17] [DEBUG]: CORS analysis for request started. 
[2017-12-12 13:43:17] [INFO]: Request is not CORS (request origin is empty). {"request":null,"server":"[object] (Neomerx\\Cors\\Http\\ParsedUrl: ://)"}
[2017-12-12 13:43:17] [DEBUG]: CORS analysis for request completed. 
[2017-12-12 13:43:17] [DEBUG]: Using token from environment 
[2017-12-12 13:43:38] [DEBUG]: CORS analysis for request started. 
[2017-12-12 13:43:38] [INFO]: Request is not CORS (request origin is empty). {"request":null,"server":"[object] (Neomerx\\Cors\\Http\\ParsedUrl: ://)"}
[2017-12-12 13:43:38] [DEBUG]: CORS analysis for request completed. 
[2017-12-12 13:43:38] [DEBUG]: Using token from environment 
[2017-12-12 13:58:55] [DEBUG]: CORS analysis for request started. 
[2017-12-12 13:58:55] [INFO]: Request is not CORS (request origin is empty). {"request":null,"server":"[object] (Neomerx\\Cors\\Http\\ParsedUrl: ://)"}
[2017-12-12 13:58:55] [DEBUG]: CORS analysis for request completed. 
[2017-12-12 13:58:55] [DEBUG]: Using token from environment 
[2017-12-12 13:59:37] [DEBUG]: CORS analysis for request started. 
[2017-12-12 13:59:37] [INFO]: Request is not CORS (request origin is empty). {"request":null,"server":"[object] (Neomerx\\Cors\\Http\\ParsedUrl: ://)"}
[2017-12-12 13:59:37] [DEBUG]: CORS analysis for request completed. 
[2017-12-12 13:59:37] [DEBUG]: Using token from environment 
[2017-12-12 14:02:41] [DEBUG]: CORS analysis for request started. 
[2017-12-12 14:02:41] [INFO]: Request is not CORS (request origin is empty). {"request":null,"server":"[object] (Neomerx\\Cors\\Http\\ParsedUrl: ://)"}
[2017-12-12 14:02:41] [DEBUG]: CORS analysis for request completed. 
[2017-12-12 14:02:41] [DEBUG]: Using token from environment 
[2017-12-12 14:02:55] [DEBUG]: CORS analysis for request started. 
[2017-12-12 14:02:55] [INFO]: Request is not CORS (request origin is empty). {"request":null,"server":"[object] (Neomerx\\Cors\\Http\\ParsedUrl: ://)"}
[2017-12-12 14:02:55] [DEBUG]: CORS analysis for request completed. 
[2017-12-12 14:02:55] [DEBUG]: Using token from environment 
[2017-12-12 14:03:01] [DEBUG]: CORS analysis for request started. 
[2017-12-12 14:03:01] [INFO]: Request is not CORS (request origin is empty). {"request":null,"server":"[object] (Neomerx\\Cors\\Http\\ParsedUrl: ://)"}
[2017-12-12 14:03:01] [DEBUG]: CORS analysis for request completed. 
[2017-12-12 14:03:01] [DEBUG]: Using token from environment 
[2017-12-12 14:03:12] [DEBUG]: CORS analysis for request started. 
[2017-12-12 14:03:12] [INFO]: Request is not CORS (request origin is empty). {"request":null,"server":"[object] (Neomerx\\Cors\\Http\\ParsedUrl: ://)"}
[2017-12-12 14:03:12] [DEBUG]: CORS analysis for request completed. 
[2017-12-12 14:03:12] [DEBUG]: Using token from environment 
[2017-12-12 14:36:44] [DEBUG]: CORS analysis for request started. 
[2017-12-12 14:36:44] [INFO]: Request is not CORS (request origin is empty). {"request":null,"server":"[object] (Neomerx\\Cors\\Http\\ParsedUrl: ://)"}
[2017-12-12 14:36:44] [DEBUG]: CORS analysis for request completed. 
[2017-12-12 14:37:09] [DEBUG]: CORS analysis for request started. 
[2017-12-12 14:37:09] [INFO]: Request is not CORS (request origin is empty). {"request":null,"server":"[object] (Neomerx\\Cors\\Http\\ParsedUrl: ://)"}
[2017-12-12 14:37:09] [DEBUG]: CORS analysis for request completed. 
[2017-12-12 14:38:08] [DEBUG]: CORS analysis for request started. 
[2017-12-12 14:38:08] [INFO]: Request is not CORS (request origin is empty). {"request":null,"server":"[object] (Neomerx\\Cors\\Http\\ParsedUrl: ://)"}
[2017-12-12 14:38:08] [DEBUG]: CORS analysis for request completed. 
[2017-12-12 14:38:10] [DEBUG]: CORS analysis for request started. 
[2017-12-12 14:38:10] [INFO]: Request is not CORS (request origin is empty). {"request":null,"server":"[object] (Neomerx\\Cors\\Http\\ParsedUrl: ://)"}
[2017-12-12 14:38:10] [DEBUG]: CORS analysis for request completed. 
[2017-12-12 14:40:09] [DEBUG]: CORS analysis for request started. 
[2017-12-12 14:40:09] [INFO]: Request is not CORS (request origin is empty). {"request":null,"server":"[object] (Neomerx\\Cors\\Http\\ParsedUrl: ://)"}
[2017-12-12 14:40:09] [DEBUG]: CORS analysis for request completed. 
[2017-12-12 14:53:57] [DEBUG]: CORS analysis for request started. 
[2017-12-12 14:53:57] [INFO]: Request is not CORS (request origin is empty). {"request":null,"server":"[object] (Neomerx\\Cors\\Http\\ParsedUrl: ://)"}
[2017-12-12 14:53:57] [DEBUG]: CORS analysis for request completed. 
[2017-12-12 14:53:57] [DEBUG]: Using token from environment 
[2017-12-12 15:19:31] [DEBUG]: CORS analysis for request started. 
[2017-12-12 15:19:31] [INFO]: Request is not CORS (request origin is empty). {"request":null,"server":"[object] (Neomerx\\Cors\\Http\\ParsedUrl: ://)"}
[2017-12-12 15:19:31] [DEBUG]: CORS analysis for request completed. 
[2017-12-12 15:19:31] [DEBUG]: Using token from environment 
[2017-12-12 15:25:07] [DEBUG]: CORS analysis for request started. 
[2017-12-12 15:25:07] [INFO]: Request is not CORS (request origin is empty). {"request":null,"server":"[object] (Neomerx\\Cors\\Http\\ParsedUrl: ://)"}
[2017-12-12 15:25:07] [DEBUG]: CORS analysis for request completed. 
[2017-12-12 15:25:07] [DEBUG]: Using token from environment 
[2017-12-12 15:25:12] [DEBUG]: CORS analysis for request started. 
[2017-12-12 15:25:12] [INFO]: Request is not CORS (request origin is empty). {"request":null,"server":"[object] (Neomerx\\Cors\\Http\\ParsedUrl: ://)"}
[2017-12-12 15:25:12] [DEBUG]: CORS analysis for request completed. 
[2017-12-12 15:25:12] [DEBUG]: Using token from environment 
[2017-12-12 15:25:23] [DEBUG]: CORS analysis for request started. 
[2017-12-12 15:25:23] [INFO]: Request is not CORS (request origin is empty). {"request":null,"server":"[object] (Neomerx\\Cors\\Http\\ParsedUrl: ://)"}
[2017-12-12 15:25:23] [DEBUG]: CORS analysis for request completed. 
[2017-12-12 15:25:23] [DEBUG]: Using token from environment 
[2017-12-12 15:25:29] [DEBUG]: CORS analysis for request started. 
[2017-12-12 15:25:29] [INFO]: Request is not CORS (request origin is empty). {"request":null,"server":"[object] (Neomerx\\Cors\\Http\\ParsedUrl: ://)"}
[2017-12-12 15:25:29] [DEBUG]: CORS analysis for request completed. 
[2017-12-12 15:25:29] [DEBUG]: Using token from environment 
[2017-12-12 15:25:38] [DEBUG]: CORS analysis for request started. 
[2017-12-12 15:25:38] [INFO]: Request is not CORS (request origin is empty). {"request":null,"server":"[object] (Neomerx\\Cors\\Http\\ParsedUrl: ://)"}
[2017-12-12 15:25:38] [DEBUG]: CORS analysis for request completed. 
[2017-12-12 15:25:38] [DEBUG]: Using token from environment 
[2017-12-12 15:25:55] [DEBUG]: CORS analysis for request started. 
[2017-12-12 15:25:55] [INFO]: Request is not CORS (request origin is empty). {"request":null,"server":"[object] (Neomerx\\Cors\\Http\\ParsedUrl: ://)"}
[2017-12-12 15:25:55] [DEBUG]: CORS analysis for request completed. 
[2017-12-12 15:25:55] [DEBUG]: Using token from environment 
[2017-12-12 15:29:04] [DEBUG]: CORS analysis for request started. 
[2017-12-12 15:29:04] [INFO]: Request is not CORS (request origin is empty). {"request":null,"server":"[object] (Neomerx\\Cors\\Http\\ParsedUrl: ://)"}
[2017-12-12 15:29:04] [DEBUG]: CORS analysis for request completed. 
[2017-12-12 15:29:04] [DEBUG]: Using token from environment 
[2017-12-12 15:29:35] [DEBUG]: CORS analysis for request started. 
[2017-12-12 15:29:35] [INFO]: Request is not CORS (request origin is empty). {"request":null,"server":"[object] (Neomerx\\Cors\\Http\\ParsedUrl: ://)"}
[2017-12-12 15:29:35] [DEBUG]: CORS analysis for request completed. 
[2017-12-12 15:29:35] [DEBUG]: Using token from environment 
[2017-12-12 15:29:42] [DEBUG]: CORS analysis for request started. 
[2017-12-12 15:29:42] [INFO]: Request is not CORS (request origin is empty). {"request":null,"server":"[object] (Neomerx\\Cors\\Http\\ParsedUrl: ://)"}
[2017-12-12 15:29:42] [DEBUG]: CORS analysis for request completed. 
[2017-12-12 15:29:42] [DEBUG]: Using token from environment 
[2017-12-12 15:29:52] [DEBUG]: CORS analysis for request started. 
[2017-12-12 15:29:52] [INFO]: Request is not CORS (request origin is empty). {"request":null,"server":"[object] (Neomerx\\Cors\\Http\\ParsedUrl: ://)"}
[2017-12-12 15:29:52] [DEBUG]: CORS analysis for request completed. 
[2017-12-12 15:29:52] [DEBUG]: Using token from environment 
[2017-12-12 15:29:55] [DEBUG]: CORS analysis for request started. 
[2017-12-12 15:29:55] [INFO]: Request is not CORS (request origin is empty). {"request":null,"server":"[object] (Neomerx\\Cors\\Http\\ParsedUrl: ://)"}
[2017-12-12 15:29:55] [DEBUG]: CORS analysis for request completed. 
[2017-12-12 15:29:55] [DEBUG]: Using token from environment 
[2017-12-12 15:31:14] [DEBUG]: CORS analysis for request started. 
[2017-12-12 15:31:14] [INFO]: Request is not CORS (request origin is empty). {"request":null,"server":"[object] (Neomerx\\Cors\\Http\\ParsedUrl: ://)"}
[2017-12-12 15:31:14] [DEBUG]: CORS analysis for request completed. 
[2017-12-12 15:31:14] [DEBUG]: Using token from environment 
[2017-12-12 15:31:21] [DEBUG]: CORS analysis for request started. 
[2017-12-12 15:31:21] [INFO]: Request is not CORS (request origin is empty). {"request":null,"server":"[object] (Neomerx\\Cors\\Http\\ParsedUrl: ://)"}
[2017-12-12 15:31:21] [DEBUG]: CORS analysis for request completed. 
[2017-12-12 15:31:21] [DEBUG]: Using token from environment 
[2017-12-12 15:31:26] [DEBUG]: CORS analysis for request started. 
[2017-12-12 15:31:26] [INFO]: Request is not CORS (request origin is empty). {"request":null,"server":"[object] (Neomerx\\Cors\\Http\\ParsedUrl: ://)"}
[2017-12-12 15:31:26] [DEBUG]: CORS analysis for request completed. 
[2017-12-12 15:31:26] [DEBUG]: Using token from environment 
[2017-12-12 15:57:08] [DEBUG]: CORS analysis for request started. 
[2017-12-12 15:57:08] [INFO]: Request is not CORS (request origin is empty). {"request":null,"server":"[object] (Neomerx\\Cors\\Http\\ParsedUrl: ://)"}
[2017-12-12 15:57:08] [DEBUG]: CORS analysis for request completed. 
[2017-12-12 15:57:08] [DEBUG]: Using token from environment 
[2017-12-12 15:57:08] [WARNING]: Expired token ["eyJ0eXAiOiJKV1QiLCJhbGciOiJIUzI1NiJ9.eyJpYXQiOjE1MTMwODI0MDksImV4cCI6MTUxMzA4NjAwOSwianRpIjoiMWkyV09YblVpemduZDFVMkplVnVSZCIsInN1YiI6bnVsbCwic2NvcGUiOlsicHV0IiwiZ2V0IiwicG9zdCJdLCJjdXJsUmVzdWx0cyI6bnVsbCwicmVmcmVzaC10b2tlbiI6eyJ0b2tlbiI6ImV5SjBlWEFpT2lKS1YxUWlMQ0poYkdjaU9pSklVekkxTmlKOS5leUpwWVhRaU9qRTFNVE13T0RJME1Ea3NJbVY0Y0NJNk1UVXhNekV4T0RRd09Td2lhblJwSWpvaU1Xa3lWMDlZYmxWcGVtZHVaREZWTWtwbFZuVlNaQ0lzSW5OMVlpSTZiblZzYkN3aVkzVnliRkpsYzNWc2RITWlPbTUxYkd4OS5DcFZuTl9TcnNUSy1NQTAwUGkyckdvc3djRm94VmttSENuZFBTMndpejM0IiwiZXhwaXJlcyI6MTUxMzExODQwOX19.z1-c4CBkTT3nmmaJot7dEz9dsuv11JJqrouO9gzM2rc"]
[2017-12-12 15:57:17] [DEBUG]: CORS analysis for request started. 
[2017-12-12 15:57:17] [INFO]: Request is not CORS (request origin is empty). {"request":null,"server":"[object] (Neomerx\\Cors\\Http\\ParsedUrl: ://)"}
[2017-12-12 15:57:17] [DEBUG]: CORS analysis for request completed. 
[2017-12-12 15:57:27] [DEBUG]: CORS analysis for request started. 
[2017-12-12 15:57:27] [INFO]: Request is not CORS (request origin is empty). {"request":null,"server":"[object] (Neomerx\\Cors\\Http\\ParsedUrl: ://)"}
[2017-12-12 15:57:27] [DEBUG]: CORS analysis for request completed. 
[2017-12-12 15:57:27] [DEBUG]: Using token from environment 
[2017-12-12 15:57:33] [DEBUG]: CORS analysis for request started. 
[2017-12-12 15:57:33] [INFO]: Request is not CORS (request origin is empty). {"request":null,"server":"[object] (Neomerx\\Cors\\Http\\ParsedUrl: ://)"}
[2017-12-12 15:57:33] [DEBUG]: CORS analysis for request completed. 
[2017-12-12 15:57:33] [DEBUG]: Using token from environment 
[2017-12-12 15:57:48] [DEBUG]: CORS analysis for request started. 
[2017-12-12 15:57:48] [INFO]: Request is not CORS (request origin is empty). {"request":null,"server":"[object] (Neomerx\\Cors\\Http\\ParsedUrl: ://)"}
[2017-12-12 15:57:48] [DEBUG]: CORS analysis for request completed. 
[2017-12-12 15:57:48] [DEBUG]: Using token from environment 
[2017-12-12 15:58:05] [DEBUG]: CORS analysis for request started. 
[2017-12-12 15:58:05] [INFO]: Request is not CORS (request origin is empty). {"request":null,"server":"[object] (Neomerx\\Cors\\Http\\ParsedUrl: ://)"}
[2017-12-12 15:58:05] [DEBUG]: CORS analysis for request completed. 
[2017-12-12 15:58:05] [DEBUG]: Using token from environment 
[2017-12-12 15:58:08] [DEBUG]: CORS analysis for request started. 
[2017-12-12 15:58:08] [INFO]: Request is not CORS (request origin is empty). {"request":null,"server":"[object] (Neomerx\\Cors\\Http\\ParsedUrl: ://)"}
[2017-12-12 15:58:08] [DEBUG]: CORS analysis for request completed. 
[2017-12-12 15:58:08] [DEBUG]: Using token from environment 
[2017-12-12 15:58:35] [DEBUG]: CORS analysis for request started. 
[2017-12-12 15:58:35] [INFO]: Request is not CORS (request origin is empty). {"request":null,"server":"[object] (Neomerx\\Cors\\Http\\ParsedUrl: ://)"}
[2017-12-12 15:58:35] [DEBUG]: CORS analysis for request completed. 
[2017-12-12 15:58:35] [DEBUG]: Using token from environment 
[2017-12-12 15:58:39] [DEBUG]: CORS analysis for request started. 
[2017-12-12 15:58:39] [INFO]: Request is not CORS (request origin is empty). {"request":null,"server":"[object] (Neomerx\\Cors\\Http\\ParsedUrl: ://)"}
[2017-12-12 15:58:39] [DEBUG]: CORS analysis for request completed. 
[2017-12-12 15:58:39] [DEBUG]: Using token from environment 
[2017-12-12 16:00:25] [DEBUG]: CORS analysis for request started. 
[2017-12-12 16:00:25] [INFO]: Request is not CORS (request origin is empty). {"request":null,"server":"[object] (Neomerx\\Cors\\Http\\ParsedUrl: ://)"}
[2017-12-12 16:00:25] [DEBUG]: CORS analysis for request completed. 
[2017-12-12 16:00:25] [DEBUG]: Using token from environment 
[2017-12-12 16:02:32] [DEBUG]: CORS analysis for request started. 
[2017-12-12 16:02:32] [INFO]: Request is not CORS (request origin is empty). {"request":null,"server":"[object] (Neomerx\\Cors\\Http\\ParsedUrl: ://)"}
[2017-12-12 16:02:32] [DEBUG]: CORS analysis for request completed. 
[2017-12-12 16:02:32] [DEBUG]: Using token from environment 
[2017-12-12 16:03:22] [DEBUG]: CORS analysis for request started. 
[2017-12-12 16:03:22] [INFO]: Request is not CORS (request origin is empty). {"request":null,"server":"[object] (Neomerx\\Cors\\Http\\ParsedUrl: ://)"}
[2017-12-12 16:03:22] [DEBUG]: CORS analysis for request completed. 
[2017-12-12 16:03:22] [DEBUG]: Using token from environment 
[2017-12-12 16:03:30] [DEBUG]: CORS analysis for request started. 
[2017-12-12 16:03:30] [INFO]: Request is not CORS (request origin is empty). {"request":null,"server":"[object] (Neomerx\\Cors\\Http\\ParsedUrl: ://)"}
[2017-12-12 16:03:30] [DEBUG]: CORS analysis for request completed. 
[2017-12-12 16:03:30] [DEBUG]: Using token from environment 
[2017-12-12 16:03:43] [DEBUG]: CORS analysis for request started. 
[2017-12-12 16:03:43] [INFO]: Request is not CORS (request origin is empty). {"request":null,"server":"[object] (Neomerx\\Cors\\Http\\ParsedUrl: ://)"}
[2017-12-12 16:03:43] [DEBUG]: CORS analysis for request completed. 
[2017-12-12 16:03:43] [DEBUG]: Using token from environment 
[2017-12-12 16:05:04] [DEBUG]: CORS analysis for request started. 
[2017-12-12 16:05:04] [INFO]: Request is not CORS (request origin is empty). {"request":null,"server":"[object] (Neomerx\\Cors\\Http\\ParsedUrl: ://)"}
[2017-12-12 16:05:04] [DEBUG]: CORS analysis for request completed. 
[2017-12-12 16:05:04] [DEBUG]: Using token from environment 
[2017-12-12 16:05:35] [DEBUG]: CORS analysis for request started. 
[2017-12-12 16:05:35] [INFO]: Request is not CORS (request origin is empty). {"request":null,"server":"[object] (Neomerx\\Cors\\Http\\ParsedUrl: ://)"}
[2017-12-12 16:05:35] [DEBUG]: CORS analysis for request completed. 
[2017-12-12 16:05:35] [DEBUG]: Using token from environment 
[2017-12-12 16:06:49] [DEBUG]: CORS analysis for request started. 
[2017-12-12 16:06:49] [INFO]: Request is not CORS (request origin is empty). {"request":null,"server":"[object] (Neomerx\\Cors\\Http\\ParsedUrl: ://)"}
[2017-12-12 16:06:49] [DEBUG]: CORS analysis for request completed. 
[2017-12-12 16:06:49] [DEBUG]: Using token from environment 
[2017-12-12 16:15:30] [DEBUG]: CORS analysis for request started. 
[2017-12-12 16:15:30] [INFO]: Request is not CORS (request origin is empty). {"request":null,"server":"[object] (Neomerx\\Cors\\Http\\ParsedUrl: ://)"}
[2017-12-12 16:15:30] [DEBUG]: CORS analysis for request completed. 
[2017-12-12 16:15:30] [DEBUG]: Using token from environment 
[2017-12-12 16:15:35] [DEBUG]: CORS analysis for request started. 
[2017-12-12 16:15:35] [INFO]: Request is not CORS (request origin is empty). {"request":null,"server":"[object] (Neomerx\\Cors\\Http\\ParsedUrl: ://)"}
[2017-12-12 16:15:35] [DEBUG]: CORS analysis for request completed. 
[2017-12-12 16:15:35] [DEBUG]: Using token from environment 
[2017-12-12 16:17:54] [DEBUG]: CORS analysis for request started. 
[2017-12-12 16:17:54] [INFO]: Request is not CORS (request origin is empty). {"request":null,"server":"[object] (Neomerx\\Cors\\Http\\ParsedUrl: ://)"}
[2017-12-12 16:17:54] [DEBUG]: CORS analysis for request completed. 
[2017-12-12 16:17:54] [DEBUG]: Using token from environment 
[2017-12-12 16:18:01] [DEBUG]: CORS analysis for request started. 
[2017-12-12 16:18:01] [INFO]: Request is not CORS (request origin is empty). {"request":null,"server":"[object] (Neomerx\\Cors\\Http\\ParsedUrl: ://)"}
[2017-12-12 16:18:01] [DEBUG]: CORS analysis for request completed. 
[2017-12-12 16:18:01] [DEBUG]: Using token from environment 
[2017-12-12 16:18:12] [DEBUG]: CORS analysis for request started. 
[2017-12-12 16:18:12] [INFO]: Request is not CORS (request origin is empty). {"request":null,"server":"[object] (Neomerx\\Cors\\Http\\ParsedUrl: ://)"}
[2017-12-12 16:18:12] [DEBUG]: CORS analysis for request completed. 
[2017-12-12 16:18:12] [DEBUG]: Using token from environment 
[2017-12-12 16:18:19] [DEBUG]: CORS analysis for request started. 
[2017-12-12 16:18:19] [INFO]: Request is not CORS (request origin is empty). {"request":null,"server":"[object] (Neomerx\\Cors\\Http\\ParsedUrl: ://)"}
[2017-12-12 16:18:19] [DEBUG]: CORS analysis for request completed. 
[2017-12-12 16:18:19] [DEBUG]: Using token from environment 
[2017-12-12 16:18:55] [DEBUG]: CORS analysis for request started. 
[2017-12-12 16:18:55] [INFO]: Request is not CORS (request origin is empty). {"request":null,"server":"[object] (Neomerx\\Cors\\Http\\ParsedUrl: ://)"}
[2017-12-12 16:18:55] [DEBUG]: CORS analysis for request completed. 
[2017-12-12 16:18:55] [DEBUG]: Using token from environment 
[2017-12-12 16:19:22] [DEBUG]: CORS analysis for request started. 
[2017-12-12 16:19:22] [INFO]: Request is not CORS (request origin is empty). {"request":null,"server":"[object] (Neomerx\\Cors\\Http\\ParsedUrl: ://)"}
[2017-12-12 16:19:22] [DEBUG]: CORS analysis for request completed. 
[2017-12-12 16:19:22] [DEBUG]: Using token from environment 
[2017-12-12 16:36:41] [DEBUG]: CORS analysis for request started. 
[2017-12-12 16:36:41] [INFO]: Request is not CORS (request origin is empty). {"request":null,"server":"[object] (Neomerx\\Cors\\Http\\ParsedUrl: ://)"}
[2017-12-12 16:36:41] [DEBUG]: CORS analysis for request completed. 
[2017-12-12 16:36:41] [DEBUG]: Using token from environment 
[2017-12-12 16:36:45] [DEBUG]: CORS analysis for request started. 
[2017-12-12 16:36:45] [INFO]: Request is not CORS (request origin is empty). {"request":null,"server":"[object] (Neomerx\\Cors\\Http\\ParsedUrl: ://)"}
[2017-12-12 16:36:45] [DEBUG]: CORS analysis for request completed. 
[2017-12-12 16:36:45] [DEBUG]: Using token from environment 
[2017-12-12 16:36:54] [DEBUG]: CORS analysis for request started. 
[2017-12-12 16:36:54] [INFO]: Request is not CORS (request origin is empty). {"request":null,"server":"[object] (Neomerx\\Cors\\Http\\ParsedUrl: ://)"}
[2017-12-12 16:36:54] [DEBUG]: CORS analysis for request completed. 
[2017-12-12 16:36:54] [DEBUG]: Using token from environment 
[2017-12-12 16:50:56] [DEBUG]: CORS analysis for request started. 
[2017-12-12 16:50:56] [INFO]: Request is not CORS (request origin is empty). {"request":null,"server":"[object] (Neomerx\\Cors\\Http\\ParsedUrl: ://)"}
[2017-12-12 16:50:56] [DEBUG]: CORS analysis for request completed. 
[2017-12-12 16:50:56] [DEBUG]: Using token from environment 
[2017-12-12 16:51:56] [DEBUG]: CORS analysis for request started. 
[2017-12-12 16:51:56] [INFO]: Request is not CORS (request origin is empty). {"request":null,"server":"[object] (Neomerx\\Cors\\Http\\ParsedUrl: ://)"}
[2017-12-12 16:51:56] [DEBUG]: CORS analysis for request completed. 
[2017-12-12 16:51:56] [DEBUG]: Using token from environment 
[2017-12-12 16:53:36] [DEBUG]: CORS analysis for request started. 
[2017-12-12 16:53:36] [INFO]: Request is not CORS (request origin is empty). {"request":null,"server":"[object] (Neomerx\\Cors\\Http\\ParsedUrl: ://)"}
[2017-12-12 16:53:36] [DEBUG]: CORS analysis for request completed. 
[2017-12-12 16:53:36] [DEBUG]: Using token from environment 
[2017-12-12 16:53:42] [DEBUG]: CORS analysis for request started. 
[2017-12-12 16:53:42] [INFO]: Request is not CORS (request origin is empty). {"request":null,"server":"[object] (Neomerx\\Cors\\Http\\ParsedUrl: ://)"}
[2017-12-12 16:53:42] [DEBUG]: CORS analysis for request completed. 
[2017-12-12 16:53:42] [DEBUG]: Using token from environment 
[2017-12-12 16:54:14] [DEBUG]: CORS analysis for request started. 
[2017-12-12 16:54:14] [INFO]: Request is not CORS (request origin is empty). {"request":null,"server":"[object] (Neomerx\\Cors\\Http\\ParsedUrl: ://)"}
[2017-12-12 16:54:14] [DEBUG]: CORS analysis for request completed. 
[2017-12-12 16:54:14] [DEBUG]: Using token from environment 
